mode: set
sun-stockanalysis-api/internal/controllers/auth_controller.go:16.70,18.2 1 1
sun-stockanalysis-api/internal/controllers/auth_controller.go:46.101,49.57 2 1
sun-stockanalysis-api/internal/controllers/auth_controller.go:49.57,51.3 1 1
sun-stockanalysis-api/internal/controllers/auth_controller.go:53.2,54.16 2 1
sun-stockanalysis-api/internal/controllers/auth_controller.go:54.16,55.40 1 1
sun-stockanalysis-api/internal/controllers/auth_controller.go:55.40,57.4 1 1
sun-stockanalysis-api/internal/controllers/auth_controller.go:58.3,58.53 1 1
sun-stockanalysis-api/internal/controllers/auth_controller.go:61.2,69.8 1 1
sun-stockanalysis-api/internal/controllers/auth_controller.go:72.110,75.57 2 1
sun-stockanalysis-api/internal/controllers/auth_controller.go:75.57,77.3 1 1
sun-stockanalysis-api/internal/controllers/auth_controller.go:79.2,80.16 2 1
sun-stockanalysis-api/internal/controllers/auth_controller.go:80.16,81.40 1 1
sun-stockanalysis-api/internal/controllers/auth_controller.go:81.40,83.4 1 1
sun-stockanalysis-api/internal/controllers/auth_controller.go:84.3,84.53 1 1
sun-stockanalysis-api/internal/controllers/auth_controller.go:87.2,92.8 1 1
sun-stockanalysis-api/internal/controllers/auth_controller.go:95.107,98.35 2 1
sun-stockanalysis-api/internal/controllers/auth_controller.go:98.35,100.3 1 1
sun-stockanalysis-api/internal/controllers/auth_controller.go:102.2,103.16 2 1
sun-stockanalysis-api/internal/controllers/auth_controller.go:103.16,104.41 1 1
sun-stockanalysis-api/internal/controllers/auth_controller.go:104.41,106.4 1 1
sun-stockanalysis-api/internal/controllers/auth_controller.go:107.3,107.53 1 1
sun-stockanalysis-api/internal/controllers/auth_controller.go:110.2,118.8 1 1
sun-stockanalysis-api/internal/controllers/controllers.go:25.16,32.2 1 0
sun-stockanalysis-api/internal/controllers/health_controller.go:14.112,19.2 1 0
sun-stockanalysis-api/internal/controllers/health_controller.go:28.116,34.2 1 0
sun-stockanalysis-api/internal/controllers/health_controller.go:36.100,39.16 2 0
sun-stockanalysis-api/internal/controllers/health_controller.go:39.16,41.3 1 0
sun-stockanalysis-api/internal/controllers/health_controller.go:43.2,45.8 1 0
sun-stockanalysis-api/internal/controllers/relation_news_controller.go:16.99,18.2 1 0
sun-stockanalysis-api/internal/controllers/relation_news_controller.go:25.145,28.18 2 0
sun-stockanalysis-api/internal/controllers/relation_news_controller.go:28.18,30.3 1 0
sun-stockanalysis-api/internal/controllers/relation_news_controller.go:31.2,31.29 1 0
sun-stockanalysis-api/internal/controllers/relation_news_controller.go:31.29,33.3 1 0
sun-stockanalysis-api/internal/controllers/relation_news_controller.go:35.2,35.97 1 0
sun-stockanalysis-api/internal/controllers/relation_news_controller.go:35.97,37.3 1 0
sun-stockanalysis-api/internal/controllers/relation_news_controller.go:39.2,42.8 1 0
sun-stockanalysis-api/internal/controllers/stock_controller.go:19.75,21.2 1 1
sun-stockanalysis-api/internal/controllers/stock_controller.go:32.103,37.16 3 1
sun-stockanalysis-api/internal/controllers/stock_controller.go:37.16,39.3 1 1
sun-stockanalysis-api/internal/controllers/stock_controller.go:41.2,43.16 2 1
sun-stockanalysis-api/internal/controllers/stock_controller.go:43.16,45.3 1 1
sun-stockanalysis-api/internal/controllers/stock_controller.go:47.2,50.8 1 1
sun-stockanalysis-api/internal/controllers/stock_controller.go:58.121,61.56 2 1
sun-stockanalysis-api/internal/controllers/stock_controller.go:61.56,63.3 1 1
sun-stockanalysis-api/internal/controllers/stock_controller.go:65.2,65.59 1 1
sun-stockanalysis-api/internal/controllers/stock_controller.go:65.59,67.3 1 1
sun-stockanalysis-api/internal/controllers/stock_controller.go:69.2,72.8 1 1
sun-stockanalysis-api/internal/controllers/stock_controller.go:75.68,76.29 1 1
sun-stockanalysis-api/internal/controllers/stock_controller.go:76.29,78.3 1 1
sun-stockanalysis-api/internal/controllers/stock_controller.go:80.2,80.12 1 1
sun-stockanalysis-api/internal/domains/stock/service.go:32.112,33.23 1 0
sun-stockanalysis-api/internal/domains/stock/service.go:33.23,35.3 1 0
sun-stockanalysis-api/internal/domains/stock/service.go:36.2,40.3 1 0
sun-stockanalysis-api/internal/domains/stock/service.go:43.74,45.2 1 0
sun-stockanalysis-api/internal/domains/stock/service.go:47.70,49.16 2 0
sun-stockanalysis-api/internal/domains/stock/service.go:49.16,51.3 1 0
sun-stockanalysis-api/internal/domains/stock/service.go:53.2,54.16 2 0
sun-stockanalysis-api/internal/domains/stock/service.go:54.16,56.3 1 0
sun-stockanalysis-api/internal/domains/stock/service.go:58.2,58.28 1 0
sun-stockanalysis-api/internal/domains/stock/service.go:58.28,59.71 1 0
sun-stockanalysis-api/internal/domains/stock/service.go:59.71,61.4 1 0
sun-stockanalysis-api/internal/domains/stock/service.go:63.2,63.35 1 0
sun-stockanalysis-api/internal/domains/stock/service.go:63.35,64.76 1 0
sun-stockanalysis-api/internal/domains/stock/service.go:64.76,66.4 1 0
sun-stockanalysis-api/internal/domains/stock/service.go:68.2,68.21 1 0
sun-stockanalysis-api/internal/domains/stock/service.go:68.21,69.65 1 0
sun-stockanalysis-api/internal/domains/stock/service.go:69.65,71.4 1 0
sun-stockanalysis-api/internal/domains/stock/service.go:74.2,75.18 2 0
sun-stockanalysis-api/internal/domains/stock/service.go:75.18,77.3 1 0
sun-stockanalysis-api/internal/domains/stock/service.go:79.2,86.4 1 0
sun-stockanalysis-api/internal/domains/stock/service.go:105.89,108.16 3 0
sun-stockanalysis-api/internal/domains/stock/service.go:108.16,110.3 1 0
sun-stockanalysis-api/internal/domains/stock/service.go:111.2,114.16 3 0
sun-stockanalysis-api/internal/domains/stock/service.go:114.16,116.3 1 0
sun-stockanalysis-api/internal/domains/stock/service.go:117.2,119.53 2 0
sun-stockanalysis-api/internal/domains/stock/service.go:119.53,122.3 2 0
sun-stockanalysis-api/internal/domains/stock/service.go:124.2,125.67 2 0
sun-stockanalysis-api/internal/domains/stock/service.go:125.67,127.3 1 0
sun-stockanalysis-api/internal/domains/stock/service.go:128.2,128.21 1 0
sun-stockanalysis-api/internal/domains/stock/service.go:131.74,134.16 3 0
sun-stockanalysis-api/internal/domains/stock/service.go:134.16,136.3 1 0
sun-stockanalysis-api/internal/domains/stock/service.go:137.2,140.16 3 0
sun-stockanalysis-api/internal/domains/stock/service.go:140.16,142.3 1 0
sun-stockanalysis-api/internal/domains/stock/service.go:143.2,145.53 2 0
sun-stockanalysis-api/internal/domains/stock/service.go:145.53,148.3 2 0
sun-stockanalysis-api/internal/domains/stock/service.go:150.2,151.67 2 0
sun-stockanalysis-api/internal/domains/stock/service.go:151.67,153.3 1 0
sun-stockanalysis-api/internal/domains/stock/service.go:155.2,155.37 1 0
sun-stockanalysis-api/internal/domains/stock/service.go:155.37,156.45 1 0
sun-stockanalysis-api/internal/domains/stock/service.go:156.45,158.4 1 0
sun-stockanalysis-api/internal/domains/stock/service.go:160.2,160.28 1 0
sun-stockanalysis-api/internal/domains/stock/service.go:160.28,162.3 1 0
sun-stockanalysis-api/internal/domains/stock/service.go:163.2,163.16 1 0
sun-stockanalysis-api/internal/database/health.go:9.66,11.2 1 0
sun-stockanalysis-api/internal/database/postgresDatabase.go:22.57,24.2 1 0
sun-stockanalysis-api/internal/database/postgresDatabase.go:26.66,27.17 1 0
sun-stockanalysis-api/internal/database/postgresDatabase.go:27.17,34.17 3 0
sun-stockanalysis-api/internal/database/postgresDatabase.go:34.17,35.14 1 0
sun-stockanalysis-api/internal/database/postgresDatabase.go:38.3,39.52 2 0
sun-stockanalysis-api/internal/database/postgresDatabase.go:42.2,42.32 1 0
sun-stockanalysis-api/internal/domains/relation_news/service.go:19.89,21.2 1 0
sun-stockanalysis-api/internal/domains/relation_news/service.go:23.98,25.16 2 0
sun-stockanalysis-api/internal/domains/relation_news/service.go:25.16,27.3 1 0
sun-stockanalysis-api/internal/domains/relation_news/service.go:29.2,31.38 3 0
sun-stockanalysis-api/internal/domains/relation_news/service.go:31.38,33.16 2 0
sun-stockanalysis-api/internal/domains/relation_news/service.go:33.16,34.12 1 0
sun-stockanalysis-api/internal/domains/relation_news/service.go:36.3,36.27 1 0
sun-stockanalysis-api/internal/domains/relation_news/service.go:39.2,40.26 2 0
sun-stockanalysis-api/internal/domains/relation_news/service.go:40.26,46.3 1 0
sun-stockanalysis-api/internal/domains/relation_news/service.go:48.2,48.33 1 0
sun-stockanalysis-api/cmd/api/main.go:27.13,28.63 1 0
sun-stockanalysis-api/cmd/api/main.go:28.63,30.3 1 0
sun-stockanalysis-api/cmd/api/main.go:31.2,50.16 5 0
sun-stockanalysis-api/cmd/api/main.go:50.16,52.3 1 0
sun-stockanalysis-api/cmd/api/main.go:55.2,83.12 25 0
sun-stockanalysis-api/cmd/api/main.go:83.12,85.37 2 0
sun-stockanalysis-api/cmd/api/main.go:85.37,87.4 1 0
sun-stockanalysis-api/cmd/api/main.go:90.2,94.35 5 0
sun-stockanalysis-api/cmd/api/main.go:94.35,96.3 1 0
sun-stockanalysis-api/cmd/api/main.go:97.2,97.40 1 0
sun-stockanalysis-api/cmd/api/main.go:100.48,101.53 1 0
sun-stockanalysis-api/cmd/api/main.go:101.53,103.3 1 0
sun-stockanalysis-api/cmd/api/main.go:104.2,104.17 1 0
sun-stockanalysis-api/internal/configurations/configurations.go:73.30,74.17 1 0
sun-stockanalysis-api/internal/configurations/configurations.go:74.17,81.41 5 0
sun-stockanalysis-api/internal/configurations/configurations.go:81.41,83.17 2 0
sun-stockanalysis-api/internal/configurations/configurations.go:83.17,85.26 2 0
sun-stockanalysis-api/internal/configurations/configurations.go:85.26,87.6 1 0
sun-stockanalysis-api/internal/configurations/configurations.go:88.5,88.44 1 0
sun-stockanalysis-api/internal/configurations/configurations.go:92.3,93.47 2 0
sun-stockanalysis-api/internal/configurations/configurations.go:93.47,94.14 1 0
sun-stockanalysis-api/internal/configurations/configurations.go:97.3,97.54 1 0
sun-stockanalysis-api/internal/configurations/configurations.go:97.54,98.14 1 0
sun-stockanalysis-api/internal/configurations/configurations.go:101.3,101.24 1 0
sun-stockanalysis-api/internal/configurations/configurations.go:104.2,104.23 1 0
sun-stockanalysis-api/internal/configurations/configurations.go:107.20,128.27 2 0
sun-stockanalysis-api/internal/configurations/configurations.go:128.27,130.3 1 0
sun-stockanalysis-api/internal/domains/company_news/service.go:44.22,45.23 1 0
sun-stockanalysis-api/internal/domains/company_news/service.go:45.23,47.3 1 0
sun-stockanalysis-api/internal/domains/company_news/service.go:48.2,54.3 1 0
sun-stockanalysis-api/internal/domains/company_news/service.go:57.61,59.2 1 0
sun-stockanalysis-api/internal/domains/company_news/service.go:61.68,62.6 1 0
sun-stockanalysis-api/internal/domains/company_news/service.go:62.6,65.10 3 0
sun-stockanalysis-api/internal/domains/company_news/service.go:66.21,68.10 2 0
sun-stockanalysis-api/internal/domains/company_news/service.go:69.18,69.18 0 0
sun-stockanalysis-api/internal/domains/company_news/service.go:72.3,72.17 1 0
sun-stockanalysis-api/internal/domains/company_news/service.go:76.63,78.37 2 0
sun-stockanalysis-api/internal/domains/company_news/service.go:78.37,80.3 1 0
sun-stockanalysis-api/internal/domains/company_news/service.go:82.2,83.18 2 0
sun-stockanalysis-api/internal/domains/company_news/service.go:83.18,85.3 1 0
sun-stockanalysis-api/internal/domains/company_news/service.go:86.2,87.33 2 0
sun-stockanalysis-api/internal/domains/company_news/service.go:87.33,88.10 1 0
sun-stockanalysis-api/internal/domains/company_news/service.go:89.21,90.20 1 0
sun-stockanalysis-api/internal/domains/company_news/service.go:90.20,92.5 1 0
sun-stockanalysis-api/internal/domains/company_news/service.go:93.4,93.10 1 0
sun-stockanalysis-api/internal/domains/company_news/service.go:94.11,94.11 0 0
sun-stockanalysis-api/internal/domains/company_news/service.go:96.3,97.19 2 0
sun-stockanalysis-api/internal/domains/company_news/service.go:97.19,98.12 1 0
sun-stockanalysis-api/internal/domains/company_news/service.go:100.3,101.35 2 0
sun-stockanalysis-api/internal/domains/company_news/service.go:101.35,102.12 1 0
sun-stockanalysis-api/internal/domains/company_news/service.go:104.3,105.26 2 0
sun-stockanalysis-api/internal/domains/company_news/service.go:105.26,113.4 1 0
sun-stockanalysis-api/internal/domains/company_news/service.go:114.3,114.57 1 0
sun-stockanalysis-api/internal/domains/company_news/service.go:114.57,116.4 1 0
sun-stockanalysis-api/internal/domains/company_news/service.go:118.2,118.18 1 0
sun-stockanalysis-api/internal/domains/company_news/service.go:118.18,120.3 1 0
sun-stockanalysis-api/internal/domains/company_news/service.go:131.122,133.16 2 0
sun-stockanalysis-api/internal/domains/company_news/service.go:133.16,135.3 1 0
sun-stockanalysis-api/internal/domains/company_news/service.go:136.2,143.16 7 0
sun-stockanalysis-api/internal/domains/company_news/service.go:143.16,145.3 1 0
sun-stockanalysis-api/internal/domains/company_news/service.go:146.2,149.16 3 0
sun-stockanalysis-api/internal/domains/company_news/service.go:149.16,151.3 1 0
sun-stockanalysis-api/internal/domains/company_news/service.go:152.2,154.53 2 0
sun-stockanalysis-api/internal/domains/company_news/service.go:154.53,157.3 2 0
sun-stockanalysis-api/internal/domains/company_news/service.go:159.2,160.67 2 0
sun-stockanalysis-api/internal/domains/company_news/service.go:160.67,162.3 1 0
sun-stockanalysis-api/internal/domains/company_news/service.go:163.2,163.20 1 0
sun-stockanalysis-api/internal/domains/company_news/service.go:166.74,169.22 3 0
sun-stockanalysis-api/internal/domains/company_news/service.go:169.22,171.3 1 0
sun-stockanalysis-api/internal/domains/company_news/service.go:172.2,172.25 1 0
sun-stockanalysis-api/internal/domains/company_news/service.go:175.40,177.2 1 0
sun-stockanalysis-api/internal/domains/market_open/service.go:72.21,73.23 1 0
sun-stockanalysis-api/internal/domains/market_open/service.go:73.23,75.3 1 0
sun-stockanalysis-api/internal/domains/market_open/service.go:76.2,83.3 1 0
sun-stockanalysis-api/internal/domains/market_open/service.go:86.60,88.2 1 0
sun-stockanalysis-api/internal/domains/market_open/service.go:90.67,91.6 1 0
sun-stockanalysis-api/internal/domains/market_open/service.go:91.6,94.10 3 0
sun-stockanalysis-api/internal/domains/market_open/service.go:95.21,97.10 2 0
sun-stockanalysis-api/internal/domains/market_open/service.go:98.18,98.18 0 0
sun-stockanalysis-api/internal/domains/market_open/service.go:101.3,101.25 1 0
sun-stockanalysis-api/internal/domains/market_open/service.go:105.70,109.6 3 0
sun-stockanalysis-api/internal/domains/market_open/service.go:109.6,110.10 1 0
sun-stockanalysis-api/internal/domains/market_open/service.go:111.21,112.10 1 0
sun-stockanalysis-api/internal/domains/market_open/service.go:113.11,113.11 0 0
sun-stockanalysis-api/internal/domains/market_open/service.go:116.3,117.17 2 0
sun-stockanalysis-api/internal/domains/market_open/service.go:117.17,119.4 1 0
sun-stockanalysis-api/internal/domains/market_open/service.go:120.3,120.20 1 0
sun-stockanalysis-api/internal/domains/market_open/service.go:120.20,122.4 1 0
sun-stockanalysis-api/internal/domains/market_open/service.go:124.3,126.18 3 0
sun-stockanalysis-api/internal/domains/market_open/service.go:127.21,129.12 2 0
sun-stockanalysis-api/internal/domains/market_open/service.go:130.18,132.46 2 0
sun-stockanalysis-api/internal/domains/market_open/service.go:132.46,135.5 2 0
sun-stockanalysis-api/internal/domains/market_open/service.go:136.4,137.12 2 0
sun-stockanalysis-api/internal/domains/market_open/service.go:138.22,140.45 2 0
sun-stockanalysis-api/internal/domains/market_open/service.go:140.45,144.30 4 0
sun-stockanalysis-api/internal/domains/market_open/service.go:144.30,147.6 2 0
sun-stockanalysis-api/internal/domains/market_open/service.go:149.4,149.36 1 0
sun-stockanalysis-api/internal/domains/market_open/service.go:149.36,151.5 1 0
sun-stockanalysis-api/internal/domains/market_open/service.go:152.4,153.12 2 0
sun-stockanalysis-api/internal/domains/market_open/service.go:154.11,155.10 1 0
sun-stockanalysis-api/internal/domains/market_open/service.go:160.96,169.18 3 0
sun-stockanalysis-api/internal/domains/market_open/service.go:169.18,172.3 2 0
sun-stockanalysis-api/internal/domains/market_open/service.go:173.2,173.19 1 0
sun-stockanalysis-api/internal/domains/market_open/service.go:185.56,186.34 1 0
sun-stockanalysis-api/internal/domains/market_open/service.go:186.34,188.3 1 0
sun-stockanalysis-api/internal/domains/market_open/service.go:189.2,189.19 1 0
sun-stockanalysis-api/internal/domains/market_open/service.go:192.91,194.16 2 0
sun-stockanalysis-api/internal/domains/market_open/service.go:194.16,196.3 1 0
sun-stockanalysis-api/internal/domains/market_open/service.go:197.2,200.16 3 0
sun-stockanalysis-api/internal/domains/market_open/service.go:200.16,202.3 1 0
sun-stockanalysis-api/internal/domains/market_open/service.go:203.2,205.53 2 0
sun-stockanalysis-api/internal/domains/market_open/service.go:205.53,208.3 2 0
sun-stockanalysis-api/internal/domains/market_open/service.go:210.2,211.67 2 0
sun-stockanalysis-api/internal/domains/market_open/service.go:211.67,213.3 1 0
sun-stockanalysis-api/internal/domains/market_open/service.go:214.2,214.20 1 0
sun-stockanalysis-api/internal/domains/market_open/service.go:217.93,220.16 3 0
sun-stockanalysis-api/internal/domains/market_open/service.go:220.16,222.3 1 0
sun-stockanalysis-api/internal/domains/market_open/service.go:223.2,223.45 1 0
sun-stockanalysis-api/internal/domains/market_open/service.go:223.45,225.3 1 0
sun-stockanalysis-api/internal/domains/market_open/service.go:227.2,232.30 2 0
sun-stockanalysis-api/internal/domains/market_open/service.go:235.94,238.16 3 0
sun-stockanalysis-api/internal/domains/market_open/service.go:238.16,239.45 1 0
sun-stockanalysis-api/internal/domains/market_open/service.go:239.45,241.4 1 0
sun-stockanalysis-api/internal/domains/market_open/service.go:242.3,242.13 1 0
sun-stockanalysis-api/internal/domains/market_open/service.go:244.2,244.56 1 0
sun-stockanalysis-api/internal/domains/market_open/service.go:247.83,248.19 1 0
sun-stockanalysis-api/internal/domains/market_open/service.go:248.19,252.3 3 0
sun-stockanalysis-api/internal/domains/market_open/service.go:254.2,256.20 3 0
sun-stockanalysis-api/internal/domains/market_open/service.go:256.20,260.3 3 0
sun-stockanalysis-api/internal/domains/market_open/service.go:262.2,264.17 3 0
sun-stockanalysis-api/internal/domains/market_open/service.go:267.43,272.2 4 0
sun-stockanalysis-api/internal/domains/market_open/service.go:274.58,280.2 5 0
sun-stockanalysis-api/internal/domains/market_open/service.go:282.74,285.22 3 0
sun-stockanalysis-api/internal/domains/market_open/service.go:285.22,287.3 1 0
sun-stockanalysis-api/internal/domains/market_open/service.go:288.2,288.25 1 0
sun-stockanalysis-api/internal/domains/market_open/service.go:291.57,294.9 3 0
sun-stockanalysis-api/internal/domains/market_open/service.go:295.20,295.20 0 0
sun-stockanalysis-api/internal/domains/market_open/service.go:296.17,296.17 0 0
sun-stockanalysis-api/internal/domains/market_open/service.go:300.48,301.53 1 0
sun-stockanalysis-api/internal/domains/market_open/service.go:301.53,303.3 1 0
sun-stockanalysis-api/internal/domains/market_open/service.go:304.2,304.17 1 0
sun-stockanalysis-api/internal/domains/market_open/service.go:307.46,309.15 2 0
sun-stockanalysis-api/internal/domains/market_open/service.go:309.15,311.3 1 0
sun-stockanalysis-api/internal/domains/market_open/service.go:312.2,313.25 2 0
sun-stockanalysis-api/internal/domains/market_open/service.go:313.25,315.3 1 0
sun-stockanalysis-api/internal/domains/market_open/service.go:316.2,316.10 1 0
sun-stockanalysis-api/internal/domains/stock_daily/service.go:41.21,47.2 1 0
sun-stockanalysis-api/internal/domains/stock_daily/service.go:49.97,51.37 2 0
sun-stockanalysis-api/internal/domains/stock_daily/service.go:51.37,53.3 1 0
sun-stockanalysis-api/internal/domains/stock_daily/service.go:55.2,57.33 2 0
sun-stockanalysis-api/internal/domains/stock_daily/service.go:57.33,58.10 1 0
sun-stockanalysis-api/internal/domains/stock_daily/service.go:59.21,60.20 1 0
sun-stockanalysis-api/internal/domains/stock_daily/service.go:61.11,61.11 0 0
sun-stockanalysis-api/internal/domains/stock_daily/service.go:64.3,65.37 2 0
sun-stockanalysis-api/internal/domains/stock_daily/service.go:65.37,66.12 1 0
sun-stockanalysis-api/internal/domains/stock_daily/service.go:69.3,92.53 7 0
sun-stockanalysis-api/internal/domains/stock_daily/service.go:92.53,94.4 1 0
sun-stockanalysis-api/internal/domains/stock_daily/service.go:96.2,96.12 1 0
sun-stockanalysis-api/internal/domains/stock_daily/service.go:99.98,100.17 1 0
sun-stockanalysis-api/internal/domains/stock_daily/service.go:100.17,102.3 1 0
sun-stockanalysis-api/internal/domains/stock_daily/service.go:103.2,104.16 2 0
sun-stockanalysis-api/internal/domains/stock_daily/service.go:104.16,105.45 1 0
sun-stockanalysis-api/internal/domains/stock_daily/service.go:105.45,107.4 1 0
sun-stockanalysis-api/internal/domains/stock_daily/service.go:108.3,108.17 1 0
sun-stockanalysis-api/internal/domains/stock_daily/service.go:110.2,110.17 1 0
sun-stockanalysis-api/internal/domains/stock_daily/service.go:110.17,112.3 1 0
sun-stockanalysis-api/internal/domains/stock_daily/service.go:113.2,114.16 2 0
sun-stockanalysis-api/internal/domains/stock_daily/service.go:115.19,116.23 1 0
sun-stockanalysis-api/internal/domains/stock_daily/service.go:117.20,118.24 1 0
sun-stockanalysis-api/internal/domains/stock_daily/service.go:121.2,122.42 2 0
sun-stockanalysis-api/internal/domains/stock_daily/service.go:125.91,126.22 1 0
sun-stockanalysis-api/internal/domains/stock_daily/service.go:126.22,128.3 1 0
sun-stockanalysis-api/internal/domains/stock_daily/service.go:129.2,132.27 4 0
sun-stockanalysis-api/internal/domains/stock_daily/service.go:132.27,135.19 3 0
sun-stockanalysis-api/internal/domains/stock_daily/service.go:135.19,137.4 1 0
sun-stockanalysis-api/internal/domains/stock_daily/service.go:138.3,138.18 1 0
sun-stockanalysis-api/internal/domains/stock_daily/service.go:138.18,140.4 1 0
sun-stockanalysis-api/internal/domains/stock_daily/service.go:142.2,143.23 2 0
sun-stockanalysis-api/internal/domains/stock_daily/service.go:146.55,152.2 5 0
sun-stockanalysis-api/internal/domains/stock_daily/service.go:154.46,156.15 2 0
sun-stockanalysis-api/internal/domains/stock_daily/service.go:156.15,158.3 1 0
sun-stockanalysis-api/internal/domains/stock_daily/service.go:159.2,160.26 2 0
sun-stockanalysis-api/internal/domains/stock_daily/service.go:160.26,162.3 1 0
sun-stockanalysis-api/internal/domains/stock_daily/service.go:163.2,163.10 1 0
sun-stockanalysis-api/internal/domains/stock_quotes/service.go:65.21,66.23 1 0
sun-stockanalysis-api/internal/domains/stock_quotes/service.go:66.23,68.3 1 0
sun-stockanalysis-api/internal/domains/stock_quotes/service.go:69.2,76.3 1 0
sun-stockanalysis-api/internal/domains/stock_quotes/service.go:79.60,83.21 3 0
sun-stockanalysis-api/internal/domains/stock_quotes/service.go:83.21,85.3 1 0
sun-stockanalysis-api/internal/domains/stock_quotes/service.go:86.2,88.18 3 0
sun-stockanalysis-api/internal/domains/stock_quotes/service.go:91.40,95.21 3 0
sun-stockanalysis-api/internal/domains/stock_quotes/service.go:95.21,97.3 1 0
sun-stockanalysis-api/internal/domains/stock_quotes/service.go:98.2,99.16 2 0
sun-stockanalysis-api/internal/domains/stock_quotes/service.go:102.62,104.2 1 0
sun-stockanalysis-api/internal/domains/stock_quotes/service.go:106.58,110.6 3 0
sun-stockanalysis-api/internal/domains/stock_quotes/service.go:110.6,111.10 1 0
sun-stockanalysis-api/internal/domains/stock_quotes/service.go:112.21,113.10 1 0
sun-stockanalysis-api/internal/domains/stock_quotes/service.go:114.19,114.19 0 0
sun-stockanalysis-api/internal/domains/stock_quotes/service.go:116.3,116.26 1 0
sun-stockanalysis-api/internal/domains/stock_quotes/service.go:131.90,133.16 2 0
sun-stockanalysis-api/internal/domains/stock_quotes/service.go:133.16,135.3 1 0
sun-stockanalysis-api/internal/domains/stock_quotes/service.go:136.2,141.16 5 0
sun-stockanalysis-api/internal/domains/stock_quotes/service.go:141.16,143.3 1 0
sun-stockanalysis-api/internal/domains/stock_quotes/service.go:144.2,147.16 3 0
sun-stockanalysis-api/internal/domains/stock_quotes/service.go:147.16,149.3 1 0
sun-stockanalysis-api/internal/domains/stock_quotes/service.go:150.2,152.53 2 0
sun-stockanalysis-api/internal/domains/stock_quotes/service.go:152.53,155.3 2 0
sun-stockanalysis-api/internal/domains/stock_quotes/service.go:157.2,158.67 2 0
sun-stockanalysis-api/internal/domains/stock_quotes/service.go:158.67,160.3 1 0
sun-stockanalysis-api/internal/domains/stock_quotes/service.go:161.2,161.20 1 0
sun-stockanalysis-api/internal/domains/stock_quotes/service.go:164.71,166.37 2 0
sun-stockanalysis-api/internal/domains/stock_quotes/service.go:166.37,168.3 1 0
sun-stockanalysis-api/internal/domains/stock_quotes/service.go:170.2,170.33 1 0
sun-stockanalysis-api/internal/domains/stock_quotes/service.go:170.33,171.10 1 0
sun-stockanalysis-api/internal/domains/stock_quotes/service.go:172.21,173.10 1 0
sun-stockanalysis-api/internal/domains/stock_quotes/service.go:174.11,174.11 0 0
sun-stockanalysis-api/internal/domains/stock_quotes/service.go:176.3,177.19 2 0
sun-stockanalysis-api/internal/domains/stock_quotes/service.go:177.19,178.12 1 0
sun-stockanalysis-api/internal/domains/stock_quotes/service.go:180.3,181.33 2 0
sun-stockanalysis-api/internal/domains/stock_quotes/service.go:181.33,182.12 1 0
sun-stockanalysis-api/internal/domains/stock_quotes/service.go:184.3,193.5 3 0
sun-stockanalysis-api/internal/domains/stock_quotes/service.go:197.98,198.17 1 0
sun-stockanalysis-api/internal/domains/stock_quotes/service.go:198.17,200.3 1 0
sun-stockanalysis-api/internal/domains/stock_quotes/service.go:201.2,202.16 2 0
sun-stockanalysis-api/internal/domains/stock_quotes/service.go:202.16,203.45 1 0
sun-stockanalysis-api/internal/domains/stock_quotes/service.go:203.45,205.4 1 0
sun-stockanalysis-api/internal/domains/stock_quotes/service.go:206.3,206.17 1 0
sun-stockanalysis-api/internal/domains/stock_quotes/service.go:208.2,208.17 1 0
sun-stockanalysis-api/internal/domains/stock_quotes/service.go:208.17,210.3 1 0
sun-stockanalysis-api/internal/domains/stock_quotes/service.go:212.2,213.16 2 0
sun-stockanalysis-api/internal/domains/stock_quotes/service.go:214.19,215.23 1 0
sun-stockanalysis-api/internal/domains/stock_quotes/service.go:216.20,217.24 1 0
sun-stockanalysis-api/internal/domains/stock_quotes/service.go:220.2,221.42 2 0
sun-stockanalysis-api/internal/domains/stock_quotes/service.go:224.48,225.53 1 0
sun-stockanalysis-api/internal/domains/stock_quotes/service.go:225.53,227.3 1 0
sun-stockanalysis-api/internal/domains/stock_quotes/service.go:228.2,228.17 1 0
sun-stockanalysis-api/internal/domains/stock_quotes/service.go:231.46,233.15 2 0
sun-stockanalysis-api/internal/domains/stock_quotes/service.go:233.15,235.3 1 0
sun-stockanalysis-api/internal/domains/stock_quotes/service.go:236.2,237.26 2 0
sun-stockanalysis-api/internal/domains/stock_quotes/service.go:237.26,239.3 1 0
sun-stockanalysis-api/internal/domains/stock_quotes/service.go:240.2,240.10 1 0
sun-stockanalysis-api/internal/handler/auth_middleware.go:21.92,22.57 1 0
sun-stockanalysis-api/internal/handler/auth_middleware.go:22.57,23.19 1 0
sun-stockanalysis-api/internal/handler/auth_middleware.go:23.19,26.4 2 0
sun-stockanalysis-api/internal/handler/auth_middleware.go:28.3,30.85 2 0
sun-stockanalysis-api/internal/handler/auth_middleware.go:30.85,33.4 2 0
sun-stockanalysis-api/internal/handler/auth_middleware.go:35.3,37.24 2 0
sun-stockanalysis-api/internal/handler/auth_middleware.go:37.24,40.4 2 0
sun-stockanalysis-api/internal/handler/auth_middleware.go:42.3,47.19 3 0
sun-stockanalysis-api/internal/handler/auth_middleware.go:47.19,49.4 1 0
sun-stockanalysis-api/internal/handler/auth_middleware.go:51.3,51.98 1 0
sun-stockanalysis-api/internal/handler/auth_middleware.go:51.98,52.55 1 0
sun-stockanalysis-api/internal/handler/auth_middleware.go:52.55,54.5 1 0
sun-stockanalysis-api/internal/handler/auth_middleware.go:55.4,55.30 1 0
sun-stockanalysis-api/internal/handler/auth_middleware.go:58.3,58.57 1 0
sun-stockanalysis-api/internal/handler/auth_middleware.go:58.57,70.4 3 0
sun-stockanalysis-api/internal/handler/auth_middleware.go:72.3,72.62 1 0
sun-stockanalysis-api/internal/handler/auth_middleware.go:76.71,81.2 4 0
sun-stockanalysis-api/internal/handler/auth_middleware.go:83.53,84.20 1 0
sun-stockanalysis-api/internal/handler/auth_middleware.go:85.29,86.57 1 0
sun-stockanalysis-api/internal/handler/auth_middleware.go:87.31,88.57 1 0
sun-stockanalysis-api/internal/handler/auth_middleware.go:89.33,90.61 1 0
sun-stockanalysis-api/internal/handler/auth_middleware.go:91.38,92.55 1 0
sun-stockanalysis-api/internal/handler/auth_middleware.go:93.10,94.57 1 0
sun-stockanalysis-api/internal/handler/handler.go:12.108,21.2 5 0
sun-stockanalysis-api/internal/domains/auth/service.go:44.15,50.2 1 1
sun-stockanalysis-api/internal/domains/auth/service.go:52.73,53.56 1 1
sun-stockanalysis-api/internal/domains/auth/service.go:53.56,55.3 1 1
sun-stockanalysis-api/internal/domains/auth/service.go:57.2,58.16 2 1
sun-stockanalysis-api/internal/domains/auth/service.go:58.16,60.3 1 1
sun-stockanalysis-api/internal/domains/auth/service.go:62.2,62.106 1 1
sun-stockanalysis-api/internal/domains/auth/service.go:62.106,64.3 1 0
sun-stockanalysis-api/internal/domains/auth/service.go:66.2,67.16 2 1
sun-stockanalysis-api/internal/domains/auth/service.go:67.16,69.3 1 0
sun-stockanalysis-api/internal/domains/auth/service.go:71.2,72.16 2 1
sun-stockanalysis-api/internal/domains/auth/service.go:72.16,74.3 1 0
sun-stockanalysis-api/internal/domains/auth/service.go:76.2,81.17 1 1
sun-stockanalysis-api/internal/domains/auth/service.go:81.17,83.3 1 0
sun-stockanalysis-api/internal/domains/auth/service.go:85.2,91.8 2 1
sun-stockanalysis-api/internal/domains/auth/service.go:94.82,95.57 1 1
sun-stockanalysis-api/internal/domains/auth/service.go:95.57,97.3 1 1
sun-stockanalysis-api/internal/domains/auth/service.go:99.2,100.16 2 1
sun-stockanalysis-api/internal/domains/auth/service.go:100.16,102.3 1 0
sun-stockanalysis-api/internal/domains/auth/service.go:103.2,103.12 1 1
sun-stockanalysis-api/internal/domains/auth/service.go:103.12,105.3 1 1
sun-stockanalysis-api/internal/domains/auth/service.go:107.2,108.16 2 1
sun-stockanalysis-api/internal/domains/auth/service.go:108.16,110.3 1 0
sun-stockanalysis-api/internal/domains/auth/service.go:112.2,120.48 2 1
sun-stockanalysis-api/internal/domains/auth/service.go:120.48,122.3 1 0
sun-stockanalysis-api/internal/domains/auth/service.go:124.2,124.55 1 1
sun-stockanalysis-api/internal/domains/auth/service.go:127.77,128.56 1 1
sun-stockanalysis-api/internal/domains/auth/service.go:128.56,130.3 1 0
sun-stockanalysis-api/internal/domains/auth/service.go:131.2,131.35 1 1
sun-stockanalysis-api/internal/domains/auth/service.go:131.35,133.3 1 1
sun-stockanalysis-api/internal/domains/auth/service.go:135.2,139.16 4 1
sun-stockanalysis-api/internal/domains/auth/service.go:139.16,141.3 1 0
sun-stockanalysis-api/internal/domains/auth/service.go:143.2,143.26 1 1
sun-stockanalysis-api/internal/domains/auth/service.go:143.26,145.3 1 0
sun-stockanalysis-api/internal/domains/auth/service.go:147.2,148.47 2 1
sun-stockanalysis-api/internal/domains/auth/service.go:148.47,150.3 1 0
sun-stockanalysis-api/internal/domains/auth/service.go:152.2,153.16 2 1
sun-stockanalysis-api/internal/domains/auth/service.go:153.16,155.3 1 0
sun-stockanalysis-api/internal/domains/auth/service.go:157.2,158.16 2 1
sun-stockanalysis-api/internal/domains/auth/service.go:158.16,160.3 1 0
sun-stockanalysis-api/internal/domains/auth/service.go:162.2,163.16 2 1
sun-stockanalysis-api/internal/domains/auth/service.go:163.16,165.3 1 0
sun-stockanalysis-api/internal/domains/auth/service.go:167.2,168.16 2 1
sun-stockanalysis-api/internal/domains/auth/service.go:168.16,170.3 1 0
sun-stockanalysis-api/internal/domains/auth/service.go:172.2,172.90 1 1
sun-stockanalysis-api/internal/domains/auth/service.go:172.90,174.3 1 0
sun-stockanalysis-api/internal/domains/auth/service.go:176.2,181.17 1 1
sun-stockanalysis-api/internal/domains/auth/service.go:181.17,183.3 1 0
sun-stockanalysis-api/internal/domains/auth/service.go:185.2,189.8 1 1
sun-stockanalysis-api/internal/domains/auth/service.go:192.91,194.17 2 1
sun-stockanalysis-api/internal/domains/auth/service.go:194.17,196.3 1 0
sun-stockanalysis-api/internal/domains/auth/service.go:197.2,216.16 5 1
sun-stockanalysis-api/internal/domains/auth/service.go:216.16,218.3 1 0
sun-stockanalysis-api/internal/domains/auth/service.go:220.2,220.31 1 1
sun-stockanalysis-api/internal/domains/auth/service.go:223.55,224.30 1 1
sun-stockanalysis-api/internal/domains/auth/service.go:224.30,226.3 1 0
sun-stockanalysis-api/internal/domains/auth/service.go:227.2,227.10 1 1
sun-stockanalysis-api/internal/domains/auth/service.go:230.59,232.42 2 1
sun-stockanalysis-api/internal/domains/auth/service.go:232.42,234.3 1 0
sun-stockanalysis-api/internal/domains/auth/service.go:235.2,237.81 3 1
sun-stockanalysis-api/internal/mocks/domains/auth/authservice_mock.go:20.63,22.2 1 0
sun-stockanalysis-api/internal/mocks/domains/auth/authservice_mock.go:25.84,28.19 2 0
sun-stockanalysis-api/internal/mocks/domains/auth/authservice_mock.go:28.19,29.47 1 0
sun-stockanalysis-api/internal/mocks/domains/auth/authservice_mock.go:32.2,34.81 3 0
sun-stockanalysis-api/internal/mocks/domains/auth/authservice_mock.go:34.81,36.3 1 0
sun-stockanalysis-api/internal/mocks/domains/auth/authservice_mock.go:37.2,37.72 1 0
sun-stockanalysis-api/internal/mocks/domains/auth/authservice_mock.go:37.72,39.3 1 0
sun-stockanalysis-api/internal/mocks/domains/auth/authservice_mock.go:39.8,40.24 1 0
sun-stockanalysis-api/internal/mocks/domains/auth/authservice_mock.go:40.24,42.4 1 0
sun-stockanalysis-api/internal/mocks/domains/auth/authservice_mock.go:45.2,45.60 1 0
sun-stockanalysis-api/internal/mocks/domains/auth/authservice_mock.go:45.60,47.3 1 0
sun-stockanalysis-api/internal/mocks/domains/auth/authservice_mock.go:47.8,49.3 1 0
sun-stockanalysis-api/internal/mocks/domains/auth/authservice_mock.go:51.2,51.15 1 0
sun-stockanalysis-api/internal/mocks/domains/auth/authservice_mock.go:61.90,63.2 1 0
sun-stockanalysis-api/internal/mocks/domains/auth/authservice_mock.go:65.104,66.40 1 0
sun-stockanalysis-api/internal/mocks/domains/auth/authservice_mock.go:66.40,68.3 1 0
sun-stockanalysis-api/internal/mocks/domains/auth/authservice_mock.go:69.2,69.11 1 0
sun-stockanalysis-api/internal/mocks/domains/auth/authservice_mock.go:72.108,75.2 2 0
sun-stockanalysis-api/internal/mocks/domains/auth/authservice_mock.go:77.134,80.2 2 0
sun-stockanalysis-api/internal/mocks/domains/auth/authservice_mock.go:83.88,86.19 2 0
sun-stockanalysis-api/internal/mocks/domains/auth/authservice_mock.go:86.19,87.49 1 0
sun-stockanalysis-api/internal/mocks/domains/auth/authservice_mock.go:90.2,92.83 3 0
sun-stockanalysis-api/internal/mocks/domains/auth/authservice_mock.go:92.83,94.3 1 0
sun-stockanalysis-api/internal/mocks/domains/auth/authservice_mock.go:95.2,95.74 1 0
sun-stockanalysis-api/internal/mocks/domains/auth/authservice_mock.go:95.74,97.3 1 0
sun-stockanalysis-api/internal/mocks/domains/auth/authservice_mock.go:97.8,98.24 1 0
sun-stockanalysis-api/internal/mocks/domains/auth/authservice_mock.go:98.24,100.4 1 0
sun-stockanalysis-api/internal/mocks/domains/auth/authservice_mock.go:103.2,103.62 1 0
sun-stockanalysis-api/internal/mocks/domains/auth/authservice_mock.go:103.62,105.3 1 0
sun-stockanalysis-api/internal/mocks/domains/auth/authservice_mock.go:105.8,107.3 1 0
sun-stockanalysis-api/internal/mocks/domains/auth/authservice_mock.go:109.2,109.15 1 0
sun-stockanalysis-api/internal/mocks/domains/auth/authservice_mock.go:119.94,121.2 1 0
sun-stockanalysis-api/internal/mocks/domains/auth/authservice_mock.go:123.110,124.40 1 0
sun-stockanalysis-api/internal/mocks/domains/auth/authservice_mock.go:124.40,126.3 1 0
sun-stockanalysis-api/internal/mocks/domains/auth/authservice_mock.go:127.2,127.11 1 0
sun-stockanalysis-api/internal/mocks/domains/auth/authservice_mock.go:130.112,133.2 2 0
sun-stockanalysis-api/internal/mocks/domains/auth/authservice_mock.go:135.140,138.2 2 0
sun-stockanalysis-api/internal/mocks/domains/auth/authservice_mock.go:141.93,144.19 2 0
sun-stockanalysis-api/internal/mocks/domains/auth/authservice_mock.go:144.19,145.50 1 0
sun-stockanalysis-api/internal/mocks/domains/auth/authservice_mock.go:148.2,150.87 3 0
sun-stockanalysis-api/internal/mocks/domains/auth/authservice_mock.go:150.87,152.3 1 0
sun-stockanalysis-api/internal/mocks/domains/auth/authservice_mock.go:153.2,153.78 1 0
sun-stockanalysis-api/internal/mocks/domains/auth/authservice_mock.go:153.78,155.3 1 0
sun-stockanalysis-api/internal/mocks/domains/auth/authservice_mock.go:155.8,156.24 1 0
sun-stockanalysis-api/internal/mocks/domains/auth/authservice_mock.go:156.24,158.4 1 0
sun-stockanalysis-api/internal/mocks/domains/auth/authservice_mock.go:161.2,161.63 1 0
sun-stockanalysis-api/internal/mocks/domains/auth/authservice_mock.go:161.63,163.3 1 0
sun-stockanalysis-api/internal/mocks/domains/auth/authservice_mock.go:163.8,165.3 1 0
sun-stockanalysis-api/internal/mocks/domains/auth/authservice_mock.go:167.2,167.15 1 0
sun-stockanalysis-api/internal/mocks/domains/auth/authservice_mock.go:177.96,179.2 1 0
sun-stockanalysis-api/internal/mocks/domains/auth/authservice_mock.go:181.113,182.40 1 0
sun-stockanalysis-api/internal/mocks/domains/auth/authservice_mock.go:182.40,184.3 1 0
sun-stockanalysis-api/internal/mocks/domains/auth/authservice_mock.go:185.2,185.11 1 0
sun-stockanalysis-api/internal/mocks/domains/auth/authservice_mock.go:188.117,191.2 2 0
sun-stockanalysis-api/internal/mocks/domains/auth/authservice_mock.go:193.146,196.2 2 0
sun-stockanalysis-api/internal/mocks/domains/auth/authservice_mock.go:203.21,207.19 3 0
sun-stockanalysis-api/internal/mocks/domains/auth/authservice_mock.go:207.19,207.49 1 0
sun-stockanalysis-api/internal/mocks/domains/auth/authservice_mock.go:209.2,209.13 1 0
sun-stockanalysis-api/pkg/apierror/api_error.go:21.35,23.2 1 0
sun-stockanalysis-api/pkg/apierror/api_error.go:25.44,31.2 1 0
sun-stockanalysis-api/pkg/apierror/api_error.go:33.46,39.2 1 0
sun-stockanalysis-api/pkg/apierror/api_error.go:41.48,47.2 1 0
sun-stockanalysis-api/pkg/apierror/api_error.go:49.45,55.2 1 0
sun-stockanalysis-api/pkg/apierror/api_error.go:57.44,63.2 1 0
sun-stockanalysis-api/pkg/apierror/api_error.go:65.49,71.2 1 0
sun-stockanalysis-api/pkg/apierror/http.go:12.61,13.16 1 0
sun-stockanalysis-api/pkg/apierror/http.go:13.16,15.3 1 0
sun-stockanalysis-api/pkg/apierror/http.go:17.2,17.39 1 0
sun-stockanalysis-api/pkg/apierror/http.go:17.39,19.24 2 0
sun-stockanalysis-api/pkg/apierror/http.go:19.24,21.4 1 0
sun-stockanalysis-api/pkg/apierror/http.go:22.3,23.83 2 0
sun-stockanalysis-api/pkg/apierror/http.go:26.2,26.44 1 0
sun-stockanalysis-api/pkg/apierror/http.go:26.44,30.3 3 0
sun-stockanalysis-api/pkg/apierror/http.go:32.2,34.99 3 0
sun-stockanalysis-api/pkg/apierror/http.go:37.58,38.21 1 0
sun-stockanalysis-api/pkg/apierror/http.go:39.23,40.89 1 0
sun-stockanalysis-api/pkg/apierror/http.go:41.25,42.89 1 0
sun-stockanalysis-api/pkg/apierror/http.go:43.27,44.89 1 0
sun-stockanalysis-api/pkg/apierror/http.go:45.24,46.89 1 0
sun-stockanalysis-api/pkg/apierror/http.go:47.23,48.89 1 0
sun-stockanalysis-api/pkg/apierror/http.go:49.28,50.87 1 0
sun-stockanalysis-api/pkg/apierror/http.go:51.10,52.27 1 0
sun-stockanalysis-api/pkg/apierror/http.go:56.52,57.20 1 0
sun-stockanalysis-api/pkg/apierror/http.go:58.29,59.89 1 0
sun-stockanalysis-api/pkg/apierror/http.go:60.31,61.89 1 0
sun-stockanalysis-api/pkg/apierror/http.go:62.28,63.89 1 0
sun-stockanalysis-api/pkg/apierror/http.go:64.27,65.89 1 0
sun-stockanalysis-api/pkg/apierror/http.go:66.27,67.89 1 0
sun-stockanalysis-api/pkg/apierror/http.go:68.33,69.93 1 0
sun-stockanalysis-api/pkg/apierror/http.go:70.38,71.87 1 0
sun-stockanalysis-api/pkg/apierror/http.go:72.10,73.89 1 0
sun-stockanalysis-api/pkg/apierror/huma.go:18.36,20.2 1 0
sun-stockanalysis-api/pkg/apierror/huma.go:22.37,24.2 1 0
sun-stockanalysis-api/pkg/apierror/huma.go:27.75,30.37 3 0
sun-stockanalysis-api/pkg/apierror/huma.go:30.37,32.3 1 0
sun-stockanalysis-api/pkg/apierror/huma.go:34.2,42.3 1 0
sun-stockanalysis-api/pkg/apierror/huma.go:46.35,47.16 1 0
sun-stockanalysis-api/pkg/apierror/huma.go:47.16,49.3 1 0
sun-stockanalysis-api/pkg/apierror/huma.go:51.2,51.49 1 0
sun-stockanalysis-api/pkg/apierror/huma.go:51.49,53.3 1 0
sun-stockanalysis-api/pkg/apierror/huma.go:55.2,55.39 1 0
sun-stockanalysis-api/pkg/apierror/huma.go:55.39,57.24 2 0
sun-stockanalysis-api/pkg/apierror/huma.go:57.24,59.4 1 0
sun-stockanalysis-api/pkg/apierror/huma.go:60.3,68.4 1 0
sun-stockanalysis-api/pkg/apierror/huma.go:71.2,71.44 1 0
sun-stockanalysis-api/pkg/apierror/huma.go:71.44,82.3 2 0
sun-stockanalysis-api/pkg/apierror/huma.go:84.2,84.83 1 0
sun-stockanalysis-api/internal/models/company_news.go:18.39,20.2 1 0
sun-stockanalysis-api/internal/models/local_time.go:20.42,22.2 1 0
sun-stockanalysis-api/internal/models/local_time.go:24.42,28.2 3 0
sun-stockanalysis-api/internal/models/local_time.go:30.50,32.17 2 0
sun-stockanalysis-api/internal/models/local_time.go:32.17,34.3 1 0
sun-stockanalysis-api/internal/models/local_time.go:35.2,35.71 1 0
sun-stockanalysis-api/internal/models/local_time.go:38.50,40.17 2 0
sun-stockanalysis-api/internal/models/local_time.go:40.17,42.3 1 0
sun-stockanalysis-api/internal/models/local_time.go:43.2,43.71 1 0
sun-stockanalysis-api/internal/models/local_time.go:46.51,47.14 1 0
sun-stockanalysis-api/internal/models/local_time.go:47.14,49.3 1 0
sun-stockanalysis-api/internal/models/local_time.go:50.2,51.46 2 0
sun-stockanalysis-api/internal/models/local_time.go:51.46,53.3 1 0
sun-stockanalysis-api/internal/models/local_time.go:54.2,54.13 1 0
sun-stockanalysis-api/internal/models/local_time.go:54.13,57.3 2 0
sun-stockanalysis-api/internal/models/local_time.go:58.2,59.16 2 0
sun-stockanalysis-api/internal/models/local_time.go:59.16,61.3 1 0
sun-stockanalysis-api/internal/models/local_time.go:62.2,63.12 2 0
sun-stockanalysis-api/internal/models/local_time.go:66.51,67.14 1 0
sun-stockanalysis-api/internal/models/local_time.go:67.14,69.3 1 0
sun-stockanalysis-api/internal/models/local_time.go:70.2,71.46 2 0
sun-stockanalysis-api/internal/models/local_time.go:71.46,73.3 1 0
sun-stockanalysis-api/internal/models/local_time.go:74.2,74.13 1 0
sun-stockanalysis-api/internal/models/local_time.go:74.13,77.3 2 0
sun-stockanalysis-api/internal/models/local_time.go:78.2,79.16 2 0
sun-stockanalysis-api/internal/models/local_time.go:79.16,81.3 1 0
sun-stockanalysis-api/internal/models/local_time.go:82.2,83.12 2 0
sun-stockanalysis-api/internal/models/local_time.go:86.50,88.17 2 0
sun-stockanalysis-api/internal/models/local_time.go:88.17,90.3 1 0
sun-stockanalysis-api/internal/models/local_time.go:91.2,91.38 1 0
sun-stockanalysis-api/internal/models/local_time.go:94.50,96.17 2 0
sun-stockanalysis-api/internal/models/local_time.go:96.17,98.3 1 0
sun-stockanalysis-api/internal/models/local_time.go:99.2,100.18 2 0
sun-stockanalysis-api/internal/models/local_time.go:103.51,104.14 1 0
sun-stockanalysis-api/internal/models/local_time.go:104.14,106.3 1 0
sun-stockanalysis-api/internal/models/local_time.go:107.2,107.27 1 0
sun-stockanalysis-api/internal/models/local_time.go:108.17,110.13 2 0
sun-stockanalysis-api/internal/models/local_time.go:111.14,112.34 1 0
sun-stockanalysis-api/internal/models/local_time.go:113.14,114.26 1 0
sun-stockanalysis-api/internal/models/local_time.go:115.11,117.13 2 0
sun-stockanalysis-api/internal/models/local_time.go:118.10,119.61 1 0
sun-stockanalysis-api/internal/models/local_time.go:123.51,124.14 1 0
sun-stockanalysis-api/internal/models/local_time.go:124.14,126.3 1 0
sun-stockanalysis-api/internal/models/local_time.go:127.2,127.27 1 0
sun-stockanalysis-api/internal/models/local_time.go:128.17,131.13 3 0
sun-stockanalysis-api/internal/models/local_time.go:132.14,133.34 1 0
sun-stockanalysis-api/internal/models/local_time.go:134.14,135.26 1 0
sun-stockanalysis-api/internal/models/local_time.go:136.11,138.13 2 0
sun-stockanalysis-api/internal/models/local_time.go:139.10,140.61 1 0
sun-stockanalysis-api/internal/models/local_time.go:144.49,145.13 1 0
sun-stockanalysis-api/internal/models/local_time.go:145.13,148.3 2 0
sun-stockanalysis-api/internal/models/local_time.go:149.2,150.16 2 0
sun-stockanalysis-api/internal/models/local_time.go:150.16,152.3 1 0
sun-stockanalysis-api/internal/models/local_time.go:153.2,154.12 2 0
sun-stockanalysis-api/internal/models/local_time.go:157.49,158.13 1 0
sun-stockanalysis-api/internal/models/local_time.go:158.13,161.3 2 0
sun-stockanalysis-api/internal/models/local_time.go:162.2,163.16 2 0
sun-stockanalysis-api/internal/models/local_time.go:163.16,165.3 1 0
sun-stockanalysis-api/internal/models/local_time.go:166.2,167.12 2 0
sun-stockanalysis-api/internal/models/market_open.go:16.38,18.2 1 0
sun-stockanalysis-api/internal/models/master.go:11.43,13.2 1 0
sun-stockanalysis-api/internal/models/master.go:21.42,23.2 1 0
sun-stockanalysis-api/internal/models/master.go:31.40,33.2 1 0
sun-stockanalysis-api/internal/models/relation_news.go:16.40,18.2 1 0
sun-stockanalysis-api/internal/models/stock_daily.go:25.38,27.2 1 0
sun-stockanalysis-api/internal/models/stock_quote.go:20.38,22.2 1 0
sun-stockanalysis-api/internal/mocks/domains/stock/httpclient_mock.go:20.61,22.2 1 0
sun-stockanalysis-api/internal/mocks/domains/stock/httpclient_mock.go:25.73,28.19 2 0
sun-stockanalysis-api/internal/mocks/domains/stock/httpclient_mock.go:28.19,29.44 1 0
sun-stockanalysis-api/internal/mocks/domains/stock/httpclient_mock.go:32.2,34.76 3 0
sun-stockanalysis-api/internal/mocks/domains/stock/httpclient_mock.go:34.76,36.3 1 0
sun-stockanalysis-api/internal/mocks/domains/stock/httpclient_mock.go:37.2,37.67 1 0
sun-stockanalysis-api/internal/mocks/domains/stock/httpclient_mock.go:37.67,39.3 1 0
sun-stockanalysis-api/internal/mocks/domains/stock/httpclient_mock.go:39.8,40.24 1 0
sun-stockanalysis-api/internal/mocks/domains/stock/httpclient_mock.go:40.24,42.4 1 0
sun-stockanalysis-api/internal/mocks/domains/stock/httpclient_mock.go:45.2,45.58 1 0
sun-stockanalysis-api/internal/mocks/domains/stock/httpclient_mock.go:45.58,47.3 1 0
sun-stockanalysis-api/internal/mocks/domains/stock/httpclient_mock.go:47.8,49.3 1 0
sun-stockanalysis-api/internal/mocks/domains/stock/httpclient_mock.go:51.2,51.15 1 0
sun-stockanalysis-api/internal/mocks/domains/stock/httpclient_mock.go:61.80,63.2 1 0
sun-stockanalysis-api/internal/mocks/domains/stock/httpclient_mock.go:65.92,66.40 1 0
sun-stockanalysis-api/internal/mocks/domains/stock/httpclient_mock.go:66.40,68.3 1 0
sun-stockanalysis-api/internal/mocks/domains/stock/httpclient_mock.go:69.2,69.11 1 0
sun-stockanalysis-api/internal/mocks/domains/stock/httpclient_mock.go:72.97,75.2 2 0
sun-stockanalysis-api/internal/mocks/domains/stock/httpclient_mock.go:77.121,80.2 2 0
sun-stockanalysis-api/internal/mocks/domains/stock/httpclient_mock.go:87.20,91.19 3 0
sun-stockanalysis-api/internal/mocks/domains/stock/httpclient_mock.go:91.19,91.49 1 0
sun-stockanalysis-api/internal/mocks/domains/stock/httpclient_mock.go:93.2,93.13 1 0
sun-stockanalysis-api/internal/mocks/domains/stock/stockservice_mock.go:24.65,26.2 1 0
sun-stockanalysis-api/internal/mocks/domains/stock/stockservice_mock.go:29.77,32.19 2 0
sun-stockanalysis-api/internal/mocks/domains/stock/stockservice_mock.go:32.19,33.53 1 0
sun-stockanalysis-api/internal/mocks/domains/stock/stockservice_mock.go:36.2,37.67 2 0
sun-stockanalysis-api/internal/mocks/domains/stock/stockservice_mock.go:37.67,39.3 1 0
sun-stockanalysis-api/internal/mocks/domains/stock/stockservice_mock.go:39.8,41.3 1 0
sun-stockanalysis-api/internal/mocks/domains/stock/stockservice_mock.go:43.2,43.11 1 0
sun-stockanalysis-api/internal/mocks/domains/stock/stockservice_mock.go:53.104,55.2 1 0
sun-stockanalysis-api/internal/mocks/domains/stock/stockservice_mock.go:57.125,58.40 1 0
sun-stockanalysis-api/internal/mocks/domains/stock/stockservice_mock.go:58.40,60.3 1 0
sun-stockanalysis-api/internal/mocks/domains/stock/stockservice_mock.go:61.2,61.11 1 0
sun-stockanalysis-api/internal/mocks/domains/stock/stockservice_mock.go:64.99,67.2 2 0
sun-stockanalysis-api/internal/mocks/domains/stock/stockservice_mock.go:69.134,72.2 2 0
sun-stockanalysis-api/internal/mocks/domains/stock/stockservice_mock.go:75.75,78.19 2 0
sun-stockanalysis-api/internal/mocks/domains/stock/stockservice_mock.go:78.19,79.50 1 0
sun-stockanalysis-api/internal/mocks/domains/stock/stockservice_mock.go:82.2,84.71 3 0
sun-stockanalysis-api/internal/mocks/domains/stock/stockservice_mock.go:84.71,86.3 1 0
sun-stockanalysis-api/internal/mocks/domains/stock/stockservice_mock.go:87.2,87.62 1 0
sun-stockanalysis-api/internal/mocks/domains/stock/stockservice_mock.go:87.62,89.3 1 0
sun-stockanalysis-api/internal/mocks/domains/stock/stockservice_mock.go:89.8,90.24 1 0
sun-stockanalysis-api/internal/mocks/domains/stock/stockservice_mock.go:90.24,92.4 1 0
sun-stockanalysis-api/internal/mocks/domains/stock/stockservice_mock.go:95.2,95.54 1 0
sun-stockanalysis-api/internal/mocks/domains/stock/stockservice_mock.go:95.54,97.3 1 0
sun-stockanalysis-api/internal/mocks/domains/stock/stockservice_mock.go:97.8,99.3 1 0
sun-stockanalysis-api/internal/mocks/domains/stock/stockservice_mock.go:101.2,101.15 1 0
sun-stockanalysis-api/internal/mocks/domains/stock/stockservice_mock.go:111.95,113.2 1 0
sun-stockanalysis-api/internal/mocks/domains/stock/stockservice_mock.go:115.103,116.40 1 0
sun-stockanalysis-api/internal/mocks/domains/stock/stockservice_mock.go:116.40,118.3 1 0
sun-stockanalysis-api/internal/mocks/domains/stock/stockservice_mock.go:119.2,119.11 1 0
sun-stockanalysis-api/internal/mocks/domains/stock/stockservice_mock.go:122.112,125.2 2 0
sun-stockanalysis-api/internal/mocks/domains/stock/stockservice_mock.go:127.132,130.2 2 0
sun-stockanalysis-api/internal/mocks/domains/stock/stockservice_mock.go:137.22,141.19 3 0
sun-stockanalysis-api/internal/mocks/domains/stock/stockservice_mock.go:141.19,141.49 1 0
sun-stockanalysis-api/internal/mocks/domains/stock/stockservice_mock.go:143.2,143.13 1 0
sun-stockanalysis-api/internal/routes/routes_auth.go:11.77,32.2 3 0
sun-stockanalysis-api/internal/routes/routes_base.go:3.24,5.2 1 0
sun-stockanalysis-api/internal/routes/routes_health.go:11.79,25.2 3 0
sun-stockanalysis-api/internal/routes/routes_relation_news.go:11.136,22.2 3 0
sun-stockanalysis-api/internal/routes/routes_stock.go:11.129,29.2 4 0
sun-stockanalysis-api/pkg/response/response.go:16.44,25.2 1 0
sun-stockanalysis-api/pkg/response/response.go:27.59,36.2 1 0
sun-stockanalysis-api/internal/mocks/repository/healthrepository_mock.go:20.73,22.2 1 0
sun-stockanalysis-api/internal/mocks/repository/healthrepository_mock.go:25.74,28.19 2 0
sun-stockanalysis-api/internal/mocks/repository/healthrepository_mock.go:28.19,29.55 1 0
sun-stockanalysis-api/internal/mocks/repository/healthrepository_mock.go:32.2,33.60 2 0
sun-stockanalysis-api/internal/mocks/repository/healthrepository_mock.go:33.60,35.3 1 0
sun-stockanalysis-api/internal/mocks/repository/healthrepository_mock.go:35.8,37.3 1 0
sun-stockanalysis-api/internal/mocks/repository/healthrepository_mock.go:39.2,39.11 1 0
sun-stockanalysis-api/internal/mocks/repository/healthrepository_mock.go:49.114,51.2 1 0
sun-stockanalysis-api/internal/mocks/repository/healthrepository_mock.go:53.128,54.40 1 0
sun-stockanalysis-api/internal/mocks/repository/healthrepository_mock.go:54.40,56.3 1 0
sun-stockanalysis-api/internal/mocks/repository/healthrepository_mock.go:57.2,57.11 1 0
sun-stockanalysis-api/internal/mocks/repository/healthrepository_mock.go:60.111,63.2 2 0
sun-stockanalysis-api/internal/mocks/repository/healthrepository_mock.go:65.139,68.2 2 0
sun-stockanalysis-api/internal/mocks/repository/healthrepository_mock.go:75.26,79.19 3 0
sun-stockanalysis-api/internal/mocks/repository/healthrepository_mock.go:79.19,79.49 1 0
sun-stockanalysis-api/internal/mocks/repository/healthrepository_mock.go:81.2,81.13 1 0
sun-stockanalysis-api/internal/mocks/repository/refreshtokenrepository_mock.go:20.85,22.2 1 0
sun-stockanalysis-api/internal/mocks/repository/refreshtokenrepository_mock.go:25.81,28.19 2 0
sun-stockanalysis-api/internal/mocks/repository/refreshtokenrepository_mock.go:28.19,29.48 1 0
sun-stockanalysis-api/internal/mocks/repository/refreshtokenrepository_mock.go:32.2,33.66 2 0
sun-stockanalysis-api/internal/mocks/repository/refreshtokenrepository_mock.go:33.66,35.3 1 0
sun-stockanalysis-api/internal/mocks/repository/refreshtokenrepository_mock.go:35.8,37.3 1 0
sun-stockanalysis-api/internal/mocks/repository/refreshtokenrepository_mock.go:39.2,39.11 1 0
sun-stockanalysis-api/internal/mocks/repository/refreshtokenrepository_mock.go:49.114,51.2 1 0
sun-stockanalysis-api/internal/mocks/repository/refreshtokenrepository_mock.go:53.134,54.40 1 0
sun-stockanalysis-api/internal/mocks/repository/refreshtokenrepository_mock.go:54.40,56.3 1 0
sun-stockanalysis-api/internal/mocks/repository/refreshtokenrepository_mock.go:57.2,57.11 1 0
sun-stockanalysis-api/internal/mocks/repository/refreshtokenrepository_mock.go:60.109,63.2 2 0
sun-stockanalysis-api/internal/mocks/repository/refreshtokenrepository_mock.go:65.143,68.2 2 0
sun-stockanalysis-api/internal/mocks/repository/refreshtokenrepository_mock.go:71.94,74.19 2 0
sun-stockanalysis-api/internal/mocks/repository/refreshtokenrepository_mock.go:74.19,75.52 1 0
sun-stockanalysis-api/internal/mocks/repository/refreshtokenrepository_mock.go:78.2,80.76 3 0
sun-stockanalysis-api/internal/mocks/repository/refreshtokenrepository_mock.go:80.76,82.3 1 0
sun-stockanalysis-api/internal/mocks/repository/refreshtokenrepository_mock.go:83.2,83.67 1 0
sun-stockanalysis-api/internal/mocks/repository/refreshtokenrepository_mock.go:83.67,85.3 1 0
sun-stockanalysis-api/internal/mocks/repository/refreshtokenrepository_mock.go:85.8,86.24 1 0
sun-stockanalysis-api/internal/mocks/repository/refreshtokenrepository_mock.go:86.24,88.4 1 0
sun-stockanalysis-api/internal/mocks/repository/refreshtokenrepository_mock.go:91.2,91.51 1 0
sun-stockanalysis-api/internal/mocks/repository/refreshtokenrepository_mock.go:91.51,93.3 1 0
sun-stockanalysis-api/internal/mocks/repository/refreshtokenrepository_mock.go:93.8,95.3 1 0
sun-stockanalysis-api/internal/mocks/repository/refreshtokenrepository_mock.go:97.2,97.15 1 0
sun-stockanalysis-api/internal/mocks/repository/refreshtokenrepository_mock.go:107.121,109.2 1 0
sun-stockanalysis-api/internal/mocks/repository/refreshtokenrepository_mock.go:111.126,112.40 1 0
sun-stockanalysis-api/internal/mocks/repository/refreshtokenrepository_mock.go:112.40,114.3 1 0
sun-stockanalysis-api/internal/mocks/repository/refreshtokenrepository_mock.go:115.2,115.11 1 0
sun-stockanalysis-api/internal/mocks/repository/refreshtokenrepository_mock.go:118.144,121.2 2 0
sun-stockanalysis-api/internal/mocks/repository/refreshtokenrepository_mock.go:123.161,126.2 2 0
sun-stockanalysis-api/internal/mocks/repository/refreshtokenrepository_mock.go:129.90,132.19 2 0
sun-stockanalysis-api/internal/mocks/repository/refreshtokenrepository_mock.go:132.19,133.54 1 0
sun-stockanalysis-api/internal/mocks/repository/refreshtokenrepository_mock.go:136.2,137.60 2 0
sun-stockanalysis-api/internal/mocks/repository/refreshtokenrepository_mock.go:137.60,139.3 1 0
sun-stockanalysis-api/internal/mocks/repository/refreshtokenrepository_mock.go:139.8,141.3 1 0
sun-stockanalysis-api/internal/mocks/repository/refreshtokenrepository_mock.go:143.2,143.11 1 0
sun-stockanalysis-api/internal/mocks/repository/refreshtokenrepository_mock.go:154.148,156.2 1 0
sun-stockanalysis-api/internal/mocks/repository/refreshtokenrepository_mock.go:158.149,159.40 1 0
sun-stockanalysis-api/internal/mocks/repository/refreshtokenrepository_mock.go:159.40,161.3 1 0
sun-stockanalysis-api/internal/mocks/repository/refreshtokenrepository_mock.go:162.2,162.11 1 0
sun-stockanalysis-api/internal/mocks/repository/refreshtokenrepository_mock.go:165.121,168.2 2 0
sun-stockanalysis-api/internal/mocks/repository/refreshtokenrepository_mock.go:170.149,173.2 2 0
sun-stockanalysis-api/internal/mocks/repository/refreshtokenrepository_mock.go:180.32,184.19 3 0
sun-stockanalysis-api/internal/mocks/repository/refreshtokenrepository_mock.go:184.19,184.49 1 0
sun-stockanalysis-api/internal/mocks/repository/refreshtokenrepository_mock.go:186.2,186.13 1 0
sun-stockanalysis-api/internal/mocks/repository/stockrepository_mock.go:22.71,24.2 1 0
sun-stockanalysis-api/internal/mocks/repository/stockrepository_mock.go:27.66,30.19 2 0
sun-stockanalysis-api/internal/mocks/repository/stockrepository_mock.go:30.19,31.48 1 0
sun-stockanalysis-api/internal/mocks/repository/stockrepository_mock.go:34.2,35.58 2 0
sun-stockanalysis-api/internal/mocks/repository/stockrepository_mock.go:35.58,37.3 1 0
sun-stockanalysis-api/internal/mocks/repository/stockrepository_mock.go:37.8,39.3 1 0
sun-stockanalysis-api/internal/mocks/repository/stockrepository_mock.go:41.2,41.11 1 0
sun-stockanalysis-api/internal/mocks/repository/stockrepository_mock.go:51.100,53.2 1 0
sun-stockanalysis-api/internal/mocks/repository/stockrepository_mock.go:55.112,56.40 1 0
sun-stockanalysis-api/internal/mocks/repository/stockrepository_mock.go:56.40,58.3 1 0
sun-stockanalysis-api/internal/mocks/repository/stockrepository_mock.go:59.2,59.11 1 0
sun-stockanalysis-api/internal/mocks/repository/stockrepository_mock.go:62.95,65.2 2 0
sun-stockanalysis-api/internal/mocks/repository/stockrepository_mock.go:67.121,70.2 2 0
sun-stockanalysis-api/internal/mocks/repository/stockrepository_mock.go:73.73,76.19 2 0
sun-stockanalysis-api/internal/mocks/repository/stockrepository_mock.go:76.19,77.63 1 0
sun-stockanalysis-api/internal/mocks/repository/stockrepository_mock.go:80.2,81.51 2 0
sun-stockanalysis-api/internal/mocks/repository/stockrepository_mock.go:81.51,83.3 1 0
sun-stockanalysis-api/internal/mocks/repository/stockrepository_mock.go:83.8,85.3 1 0
sun-stockanalysis-api/internal/mocks/repository/stockrepository_mock.go:87.2,87.11 1 0
sun-stockanalysis-api/internal/mocks/repository/stockrepository_mock.go:97.129,99.2 1 0
sun-stockanalysis-api/internal/mocks/repository/stockrepository_mock.go:101.134,102.40 1 0
sun-stockanalysis-api/internal/mocks/repository/stockrepository_mock.go:102.40,104.3 1 0
sun-stockanalysis-api/internal/mocks/repository/stockrepository_mock.go:105.2,105.11 1 0
sun-stockanalysis-api/internal/mocks/repository/stockrepository_mock.go:108.125,111.2 2 0
sun-stockanalysis-api/internal/mocks/repository/stockrepository_mock.go:113.144,116.2 2 0
sun-stockanalysis-api/internal/mocks/repository/stockrepository_mock.go:119.72,122.19 2 0
sun-stockanalysis-api/internal/mocks/repository/stockrepository_mock.go:122.19,123.62 1 0
sun-stockanalysis-api/internal/mocks/repository/stockrepository_mock.go:126.2,127.51 2 0
sun-stockanalysis-api/internal/mocks/repository/stockrepository_mock.go:127.51,129.3 1 0
sun-stockanalysis-api/internal/mocks/repository/stockrepository_mock.go:129.8,131.3 1 0
sun-stockanalysis-api/internal/mocks/repository/stockrepository_mock.go:133.2,133.11 1 0
sun-stockanalysis-api/internal/mocks/repository/stockrepository_mock.go:143.127,145.2 1 0
sun-stockanalysis-api/internal/mocks/repository/stockrepository_mock.go:147.132,148.40 1 0
sun-stockanalysis-api/internal/mocks/repository/stockrepository_mock.go:148.40,150.3 1 0
sun-stockanalysis-api/internal/mocks/repository/stockrepository_mock.go:151.2,151.11 1 0
sun-stockanalysis-api/internal/mocks/repository/stockrepository_mock.go:154.123,157.2 2 0
sun-stockanalysis-api/internal/mocks/repository/stockrepository_mock.go:159.142,162.2 2 0
sun-stockanalysis-api/internal/mocks/repository/stockrepository_mock.go:165.70,168.19 2 0
sun-stockanalysis-api/internal/mocks/repository/stockrepository_mock.go:168.19,169.60 1 0
sun-stockanalysis-api/internal/mocks/repository/stockrepository_mock.go:172.2,173.51 2 0
sun-stockanalysis-api/internal/mocks/repository/stockrepository_mock.go:173.51,175.3 1 0
sun-stockanalysis-api/internal/mocks/repository/stockrepository_mock.go:175.8,177.3 1 0
sun-stockanalysis-api/internal/mocks/repository/stockrepository_mock.go:179.2,179.11 1 0
sun-stockanalysis-api/internal/mocks/repository/stockrepository_mock.go:189.123,191.2 1 0
sun-stockanalysis-api/internal/mocks/repository/stockrepository_mock.go:193.128,194.40 1 0
sun-stockanalysis-api/internal/mocks/repository/stockrepository_mock.go:194.40,196.3 1 0
sun-stockanalysis-api/internal/mocks/repository/stockrepository_mock.go:197.2,197.11 1 0
sun-stockanalysis-api/internal/mocks/repository/stockrepository_mock.go:200.119,203.2 2 0
sun-stockanalysis-api/internal/mocks/repository/stockrepository_mock.go:205.138,208.2 2 0
sun-stockanalysis-api/internal/mocks/repository/stockrepository_mock.go:211.78,214.19 2 0
sun-stockanalysis-api/internal/mocks/repository/stockrepository_mock.go:214.19,215.50 1 0
sun-stockanalysis-api/internal/mocks/repository/stockrepository_mock.go:218.2,220.71 3 0
sun-stockanalysis-api/internal/mocks/repository/stockrepository_mock.go:220.71,222.3 1 0
sun-stockanalysis-api/internal/mocks/repository/stockrepository_mock.go:223.2,223.62 1 0
sun-stockanalysis-api/internal/mocks/repository/stockrepository_mock.go:223.62,225.3 1 0
sun-stockanalysis-api/internal/mocks/repository/stockrepository_mock.go:225.8,226.24 1 0
sun-stockanalysis-api/internal/mocks/repository/stockrepository_mock.go:226.24,228.4 1 0
sun-stockanalysis-api/internal/mocks/repository/stockrepository_mock.go:231.2,231.54 1 0
sun-stockanalysis-api/internal/mocks/repository/stockrepository_mock.go:231.54,233.3 1 0
sun-stockanalysis-api/internal/mocks/repository/stockrepository_mock.go:233.8,235.3 1 0
sun-stockanalysis-api/internal/mocks/repository/stockrepository_mock.go:237.2,237.15 1 0
sun-stockanalysis-api/internal/mocks/repository/stockrepository_mock.go:247.101,249.2 1 0
sun-stockanalysis-api/internal/mocks/repository/stockrepository_mock.go:251.109,252.40 1 0
sun-stockanalysis-api/internal/mocks/repository/stockrepository_mock.go:252.40,254.3 1 0
sun-stockanalysis-api/internal/mocks/repository/stockrepository_mock.go:255.2,255.11 1 0
sun-stockanalysis-api/internal/mocks/repository/stockrepository_mock.go:258.118,261.2 2 0
sun-stockanalysis-api/internal/mocks/repository/stockrepository_mock.go:263.138,266.2 2 0
sun-stockanalysis-api/internal/mocks/repository/stockrepository_mock.go:273.25,277.19 3 0
sun-stockanalysis-api/internal/mocks/repository/stockrepository_mock.go:277.19,277.49 1 0
sun-stockanalysis-api/internal/mocks/repository/stockrepository_mock.go:279.2,279.13 1 0
sun-stockanalysis-api/internal/mocks/repository/userrepository_mock.go:24.69,26.2 1 0
sun-stockanalysis-api/internal/mocks/repository/userrepository_mock.go:29.63,32.19 2 0
sun-stockanalysis-api/internal/mocks/repository/userrepository_mock.go:32.19,33.48 1 0
sun-stockanalysis-api/internal/mocks/repository/userrepository_mock.go:36.2,37.57 2 0
sun-stockanalysis-api/internal/mocks/repository/userrepository_mock.go:37.57,39.3 1 0
sun-stockanalysis-api/internal/mocks/repository/userrepository_mock.go:39.8,41.3 1 0
sun-stockanalysis-api/internal/mocks/repository/userrepository_mock.go:43.2,43.11 1 0
sun-stockanalysis-api/internal/mocks/repository/userrepository_mock.go:53.97,55.2 1 0
sun-stockanalysis-api/internal/mocks/repository/userrepository_mock.go:57.108,58.40 1 0
sun-stockanalysis-api/internal/mocks/repository/userrepository_mock.go:58.40,60.3 1 0
sun-stockanalysis-api/internal/mocks/repository/userrepository_mock.go:61.2,61.11 1 0
sun-stockanalysis-api/internal/mocks/repository/userrepository_mock.go:64.93,67.2 2 0
sun-stockanalysis-api/internal/mocks/repository/userrepository_mock.go:69.118,72.2 2 0
sun-stockanalysis-api/internal/mocks/repository/userrepository_mock.go:75.73,78.19 2 0
sun-stockanalysis-api/internal/mocks/repository/userrepository_mock.go:78.19,79.55 1 0
sun-stockanalysis-api/internal/mocks/repository/userrepository_mock.go:82.2,84.59 3 0
sun-stockanalysis-api/internal/mocks/repository/userrepository_mock.go:84.59,86.3 1 0
sun-stockanalysis-api/internal/mocks/repository/userrepository_mock.go:87.2,87.50 1 0
sun-stockanalysis-api/internal/mocks/repository/userrepository_mock.go:87.50,89.3 1 0
sun-stockanalysis-api/internal/mocks/repository/userrepository_mock.go:89.8,91.3 1 0
sun-stockanalysis-api/internal/mocks/repository/userrepository_mock.go:93.2,93.51 1 0
sun-stockanalysis-api/internal/mocks/repository/userrepository_mock.go:93.51,95.3 1 0
sun-stockanalysis-api/internal/mocks/repository/userrepository_mock.go:95.8,97.3 1 0
sun-stockanalysis-api/internal/mocks/repository/userrepository_mock.go:99.2,99.15 1 0
sun-stockanalysis-api/internal/mocks/repository/userrepository_mock.go:109.112,111.2 1 0
sun-stockanalysis-api/internal/mocks/repository/userrepository_mock.go:113.117,114.40 1 0
sun-stockanalysis-api/internal/mocks/repository/userrepository_mock.go:114.40,116.3 1 0
sun-stockanalysis-api/internal/mocks/repository/userrepository_mock.go:117.2,117.11 1 0
sun-stockanalysis-api/internal/mocks/repository/userrepository_mock.go:120.117,123.2 2 0
sun-stockanalysis-api/internal/mocks/repository/userrepository_mock.go:125.134,128.2 2 0
sun-stockanalysis-api/internal/mocks/repository/userrepository_mock.go:131.79,134.19 2 0
sun-stockanalysis-api/internal/mocks/repository/userrepository_mock.go:134.19,135.53 1 0
sun-stockanalysis-api/internal/mocks/repository/userrepository_mock.go:138.2,140.67 3 0
sun-stockanalysis-api/internal/mocks/repository/userrepository_mock.go:140.67,142.3 1 0
sun-stockanalysis-api/internal/mocks/repository/userrepository_mock.go:143.2,143.58 1 0
sun-stockanalysis-api/internal/mocks/repository/userrepository_mock.go:143.58,145.3 1 0
sun-stockanalysis-api/internal/mocks/repository/userrepository_mock.go:145.8,146.24 1 0
sun-stockanalysis-api/internal/mocks/repository/userrepository_mock.go:146.24,148.4 1 0
sun-stockanalysis-api/internal/mocks/repository/userrepository_mock.go:151.2,151.51 1 0
sun-stockanalysis-api/internal/mocks/repository/userrepository_mock.go:151.51,153.3 1 0
sun-stockanalysis-api/internal/mocks/repository/userrepository_mock.go:153.8,155.3 1 0
sun-stockanalysis-api/internal/mocks/repository/userrepository_mock.go:157.2,157.15 1 0
sun-stockanalysis-api/internal/mocks/repository/userrepository_mock.go:167.108,169.2 1 0
sun-stockanalysis-api/internal/mocks/repository/userrepository_mock.go:171.113,172.40 1 0
sun-stockanalysis-api/internal/mocks/repository/userrepository_mock.go:172.40,174.3 1 0
sun-stockanalysis-api/internal/mocks/repository/userrepository_mock.go:175.2,175.11 1 0
sun-stockanalysis-api/internal/mocks/repository/userrepository_mock.go:178.121,181.2 2 0
sun-stockanalysis-api/internal/mocks/repository/userrepository_mock.go:183.138,186.2 2 0
sun-stockanalysis-api/internal/mocks/repository/userrepository_mock.go:189.76,192.19 2 0
sun-stockanalysis-api/internal/mocks/repository/userrepository_mock.go:192.19,193.50 1 0
sun-stockanalysis-api/internal/mocks/repository/userrepository_mock.go:196.2,198.70 3 0
sun-stockanalysis-api/internal/mocks/repository/userrepository_mock.go:198.70,200.3 1 0
sun-stockanalysis-api/internal/mocks/repository/userrepository_mock.go:201.2,201.61 1 0
sun-stockanalysis-api/internal/mocks/repository/userrepository_mock.go:201.61,203.3 1 0
sun-stockanalysis-api/internal/mocks/repository/userrepository_mock.go:203.8,204.24 1 0
sun-stockanalysis-api/internal/mocks/repository/userrepository_mock.go:204.24,206.4 1 0
sun-stockanalysis-api/internal/mocks/repository/userrepository_mock.go:209.2,209.54 1 0
sun-stockanalysis-api/internal/mocks/repository/userrepository_mock.go:209.54,211.3 1 0
sun-stockanalysis-api/internal/mocks/repository/userrepository_mock.go:211.8,213.3 1 0
sun-stockanalysis-api/internal/mocks/repository/userrepository_mock.go:215.2,215.15 1 0
sun-stockanalysis-api/internal/mocks/repository/userrepository_mock.go:225.99,227.2 1 0
sun-stockanalysis-api/internal/mocks/repository/userrepository_mock.go:229.107,230.40 1 0
sun-stockanalysis-api/internal/mocks/repository/userrepository_mock.go:230.40,232.3 1 0
sun-stockanalysis-api/internal/mocks/repository/userrepository_mock.go:233.2,233.11 1 0
sun-stockanalysis-api/internal/mocks/repository/userrepository_mock.go:236.115,239.2 2 0
sun-stockanalysis-api/internal/mocks/repository/userrepository_mock.go:241.135,244.2 2 0
sun-stockanalysis-api/internal/mocks/repository/userrepository_mock.go:247.83,250.19 2 0
sun-stockanalysis-api/internal/mocks/repository/userrepository_mock.go:250.19,251.57 1 0
sun-stockanalysis-api/internal/mocks/repository/userrepository_mock.go:254.2,255.65 2 0
sun-stockanalysis-api/internal/mocks/repository/userrepository_mock.go:255.65,257.3 1 0
sun-stockanalysis-api/internal/mocks/repository/userrepository_mock.go:257.8,259.3 1 0
sun-stockanalysis-api/internal/mocks/repository/userrepository_mock.go:261.2,261.11 1 0
sun-stockanalysis-api/internal/mocks/repository/userrepository_mock.go:272.131,274.2 1 0
sun-stockanalysis-api/internal/mocks/repository/userrepository_mock.go:276.137,277.40 1 0
sun-stockanalysis-api/internal/mocks/repository/userrepository_mock.go:277.40,279.3 1 0
sun-stockanalysis-api/internal/mocks/repository/userrepository_mock.go:280.2,280.11 1 0
sun-stockanalysis-api/internal/mocks/repository/userrepository_mock.go:283.111,286.2 2 0
sun-stockanalysis-api/internal/mocks/repository/userrepository_mock.go:288.144,291.2 2 0
sun-stockanalysis-api/internal/mocks/repository/userrepository_mock.go:298.24,302.19 3 0
sun-stockanalysis-api/internal/mocks/repository/userrepository_mock.go:302.19,302.49 1 0
sun-stockanalysis-api/internal/mocks/repository/userrepository_mock.go:304.2,304.13 1 0
sun-stockanalysis-api/pkg/logger/logger.go:20.38,25.15 4 0
sun-stockanalysis-api/pkg/logger/logger.go:26.15,27.58 1 0
sun-stockanalysis-api/pkg/logger/logger.go:28.14,29.57 1 0
sun-stockanalysis-api/pkg/logger/logger.go:30.14,31.57 1 0
sun-stockanalysis-api/pkg/logger/logger.go:32.15,33.58 1 0
sun-stockanalysis-api/pkg/logger/logger.go:34.10,35.57 1 0
sun-stockanalysis-api/pkg/logger/logger.go:38.2,39.35 2 0
sun-stockanalysis-api/pkg/logger/logger.go:42.76,43.40 1 0
sun-stockanalysis-api/pkg/logger/logger.go:43.40,45.3 1 0
sun-stockanalysis-api/pkg/logger/logger.go:46.2,46.16 1 0
sun-stockanalysis-api/pkg/logger/logger.go:46.16,48.3 1 0
sun-stockanalysis-api/pkg/logger/logger.go:49.2,49.52 1 0
sun-stockanalysis-api/pkg/logger/logger.go:49.52,50.45 1 0
sun-stockanalysis-api/pkg/logger/logger.go:50.45,52.4 1 0
sun-stockanalysis-api/pkg/logger/logger.go:54.2,54.24 1 0
sun-stockanalysis-api/pkg/logger/logger.go:57.60,59.2 1 0
sun-stockanalysis-api/pkg/logger/logger.go:61.60,63.2 1 0
sun-stockanalysis-api/pkg/logger/logger.go:65.61,67.2 1 0
sun-stockanalysis-api/pkg/logger/logger.go:69.61,71.2 1 0
sun-stockanalysis-api/pkg/logger/logger.go:73.61,75.2 1 0
sun-stockanalysis-api/internal/server/server.go:26.110,29.53 1 0
sun-stockanalysis-api/internal/server/server.go:29.53,32.4 2 0
sun-stockanalysis-api/internal/server/server.go:35.2,38.40 3 0
sun-stockanalysis-api/internal/server/server.go:38.40,43.35 2 0
sun-stockanalysis-api/internal/server/server.go:43.35,45.4 1 0
sun-stockanalysis-api/internal/server/server.go:47.3,48.26 2 0
sun-stockanalysis-api/internal/server/server.go:48.26,50.4 1 0
sun-stockanalysis-api/internal/server/server.go:52.3,59.17 7 0
sun-stockanalysis-api/internal/server/server.go:59.17,67.4 1 0
sun-stockanalysis-api/internal/server/server.go:68.3,68.13 1 0
sun-stockanalysis-api/internal/server/server.go:71.2,72.106 2 0
sun-stockanalysis-api/internal/server/server.go:72.106,74.3 1 0
sun-stockanalysis-api/internal/server/server.go:76.2,78.49 3 0
sun-stockanalysis-api/internal/server/server.go:78.49,80.3 1 0
sun-stockanalysis-api/internal/server/server.go:81.2,97.56 7 0
sun-stockanalysis-api/internal/server/server.go:97.56,100.3 2 0
sun-stockanalysis-api/internal/server/server.go:101.2,101.67 1 0
sun-stockanalysis-api/internal/server/server.go:101.67,103.3 1 0
sun-stockanalysis-api/internal/server/server.go:104.2,104.73 1 0
sun-stockanalysis-api/internal/server/server.go:104.73,107.3 2 0
sun-stockanalysis-api/internal/server/server.go:109.2,113.3 1 0
sun-stockanalysis-api/internal/server/server.go:116.32,119.2 2 0
sun-stockanalysis-api/internal/server/server.go:121.31,123.18 2 0
sun-stockanalysis-api/internal/server/server.go:123.18,125.3 1 0
sun-stockanalysis-api/internal/server/server.go:126.2,128.39 3 0
sun-stockanalysis-api/internal/server/server.go:131.46,142.34 3 0
sun-stockanalysis-api/internal/server/server.go:142.34,151.33 3 0
sun-stockanalysis-api/internal/server/server.go:151.33,152.17 1 0
sun-stockanalysis-api/internal/server/server.go:152.17,154.5 1 0
sun-stockanalysis-api/internal/server/server.go:159.43,162.34 3 0
sun-stockanalysis-api/internal/server/server.go:162.34,171.33 3 0
sun-stockanalysis-api/internal/server/server.go:171.33,172.17 1 0
sun-stockanalysis-api/internal/server/server.go:172.17,174.5 1 0
sun-stockanalysis-api/internal/server/server.go:179.47,181.13 2 0
sun-stockanalysis-api/internal/server/server.go:181.13,183.3 1 0
sun-stockanalysis-api/internal/server/server.go:184.2,184.32 1 0
sun-stockanalysis-api/internal/server/server.go:184.32,186.3 1 0
sun-stockanalysis-api/internal/server/server.go:187.2,187.35 1 0
sun-stockanalysis-api/internal/server/server.go:190.47,266.2 2 0
sun-stockanalysis-api/internal/repository/company_news.go:19.66,21.2 1 0
sun-stockanalysis-api/internal/repository/company_news.go:23.82,24.21 1 0
sun-stockanalysis-api/internal/repository/company_news.go:24.21,26.3 1 0
sun-stockanalysis-api/internal/repository/company_news.go:27.2,27.34 1 0
sun-stockanalysis-api/internal/repository/health.go:18.73,21.2 1 0
sun-stockanalysis-api/internal/repository/health.go:23.56,27.2 1 0
sun-stockanalysis-api/internal/repository/market_open.go:23.64,25.2 1 0
sun-stockanalysis-api/internal/repository/market_open.go:27.101,29.85 2 0
sun-stockanalysis-api/internal/repository/market_open.go:29.85,31.3 1 0
sun-stockanalysis-api/internal/repository/market_open.go:32.2,32.21 1 0
sun-stockanalysis-api/internal/repository/market_open.go:35.76,36.19 1 0
sun-stockanalysis-api/internal/repository/market_open.go:36.19,38.3 1 0
sun-stockanalysis-api/internal/repository/market_open.go:39.2,39.34 1 0
sun-stockanalysis-api/internal/repository/market_open.go:42.108,49.2 1 0
sun-stockanalysis-api/internal/repository/refresh_token.go:19.68,21.2 1 0
sun-stockanalysis-api/internal/repository/refresh_token.go:23.80,25.2 1 0
sun-stockanalysis-api/internal/repository/refresh_token.go:27.93,29.69 2 0
sun-stockanalysis-api/internal/repository/refresh_token.go:29.69,31.3 1 0
sun-stockanalysis-api/internal/repository/refresh_token.go:32.2,32.16 1 0
sun-stockanalysis-api/internal/repository/refresh_token.go:35.89,39.2 1 0
sun-stockanalysis-api/internal/repository/relation_news.go:20.68,22.2 1 0
sun-stockanalysis-api/internal/repository/relation_news.go:24.84,25.21 1 0
sun-stockanalysis-api/internal/repository/relation_news.go:25.21,27.3 1 0
sun-stockanalysis-api/internal/repository/relation_news.go:28.2,28.34 1 0
sun-stockanalysis-api/internal/repository/relation_news.go:31.86,36.56 2 0
sun-stockanalysis-api/internal/repository/relation_news.go:36.56,38.3 1 0
sun-stockanalysis-api/internal/repository/relation_news.go:39.2,39.21 1 0
sun-stockanalysis-api/internal/repository/stock.go:23.54,25.2 1 0
sun-stockanalysis-api/internal/repository/stock.go:27.77,29.59 2 0
sun-stockanalysis-api/internal/repository/stock.go:29.59,31.3 1 0
sun-stockanalysis-api/internal/repository/stock.go:32.2,32.16 1 0
sun-stockanalysis-api/internal/repository/stock.go:35.61,37.2 1 0
sun-stockanalysis-api/internal/repository/stock.go:39.63,43.47 2 0
sun-stockanalysis-api/internal/repository/stock.go:43.47,45.3 1 0
sun-stockanalysis-api/internal/repository/stock.go:46.2,46.21 1 0
sun-stockanalysis-api/internal/repository/stock.go:49.72,50.16 1 0
sun-stockanalysis-api/internal/repository/stock.go:50.16,52.3 1 0
sun-stockanalysis-api/internal/repository/stock.go:53.2,54.66 2 0
sun-stockanalysis-api/internal/repository/stock.go:57.71,58.16 1 0
sun-stockanalysis-api/internal/repository/stock.go:58.16,60.3 1 0
sun-stockanalysis-api/internal/repository/stock.go:61.2,62.66 2 0
sun-stockanalysis-api/internal/repository/stock.go:65.69,66.16 1 0
sun-stockanalysis-api/internal/repository/stock.go:66.16,68.3 1 0
sun-stockanalysis-api/internal/repository/stock.go:69.2,70.66 2 0
sun-stockanalysis-api/internal/repository/stock_daily.go:20.64,22.2 1 0
sun-stockanalysis-api/internal/repository/stock_daily.go:24.76,25.19 1 0
sun-stockanalysis-api/internal/repository/stock_daily.go:25.19,27.3 1 0
sun-stockanalysis-api/internal/repository/stock_daily.go:28.2,28.34 1 0
sun-stockanalysis-api/internal/repository/stock_daily.go:31.98,32.18 1 0
sun-stockanalysis-api/internal/repository/stock_daily.go:32.18,34.3 1 0
sun-stockanalysis-api/internal/repository/stock_daily.go:35.2,39.36 2 0
sun-stockanalysis-api/internal/repository/stock_daily.go:39.36,41.3 1 0
sun-stockanalysis-api/internal/repository/stock_daily.go:42.2,42.21 1 0
sun-stockanalysis-api/internal/repository/stock_quotes.go:22.64,24.2 1 0
sun-stockanalysis-api/internal/repository/stock_quotes.go:26.75,27.18 1 0
sun-stockanalysis-api/internal/repository/stock_quotes.go:27.18,29.3 1 0
sun-stockanalysis-api/internal/repository/stock_quotes.go:30.2,30.33 1 0
sun-stockanalysis-api/internal/repository/stock_quotes.go:33.98,34.18 1 0
sun-stockanalysis-api/internal/repository/stock_quotes.go:34.18,36.3 1 0
sun-stockanalysis-api/internal/repository/stock_quotes.go:37.2,41.35 2 0
sun-stockanalysis-api/internal/repository/stock_quotes.go:41.35,43.3 1 0
sun-stockanalysis-api/internal/repository/stock_quotes.go:44.2,44.20 1 0
sun-stockanalysis-api/internal/repository/stock_quotes.go:47.122,48.18 1 0
sun-stockanalysis-api/internal/repository/stock_quotes.go:48.18,50.3 1 0
sun-stockanalysis-api/internal/repository/stock_quotes.go:51.2,55.35 2 0
sun-stockanalysis-api/internal/repository/stock_quotes.go:55.35,57.3 1 0
sun-stockanalysis-api/internal/repository/stock_quotes.go:58.2,58.20 1 0
sun-stockanalysis-api/internal/repository/user.go:24.52,26.2 1 0
sun-stockanalysis-api/internal/repository/user.go:28.78,30.86 2 0
sun-stockanalysis-api/internal/repository/user.go:30.86,32.3 1 0
sun-stockanalysis-api/internal/repository/user.go:33.2,33.16 1 0
sun-stockanalysis-api/internal/repository/user.go:36.75,38.80 2 0
sun-stockanalysis-api/internal/repository/user.go:38.80,40.3 1 0
sun-stockanalysis-api/internal/repository/user.go:41.2,41.16 1 0
sun-stockanalysis-api/internal/repository/user.go:44.72,48.35 2 0
sun-stockanalysis-api/internal/repository/user.go:48.35,50.3 1 0
sun-stockanalysis-api/internal/repository/user.go:51.2,51.23 1 0
sun-stockanalysis-api/internal/repository/user.go:54.62,56.2 1 0
sun-stockanalysis-api/internal/repository/user.go:58.82,62.2 1 0
