mode: set
sun-stockanalysis-api/internal/controllers/auth_controller.go:16.70,18.2 1 1
sun-stockanalysis-api/internal/controllers/auth_controller.go:46.101,49.57 2 1
sun-stockanalysis-api/internal/controllers/auth_controller.go:49.57,51.3 1 1
sun-stockanalysis-api/internal/controllers/auth_controller.go:53.2,54.16 2 1
sun-stockanalysis-api/internal/controllers/auth_controller.go:54.16,55.40 1 1
sun-stockanalysis-api/internal/controllers/auth_controller.go:55.40,57.4 1 1
sun-stockanalysis-api/internal/controllers/auth_controller.go:58.3,58.53 1 1
sun-stockanalysis-api/internal/controllers/auth_controller.go:61.2,69.8 1 1
sun-stockanalysis-api/internal/controllers/auth_controller.go:72.110,75.57 2 1
sun-stockanalysis-api/internal/controllers/auth_controller.go:75.57,77.3 1 1
sun-stockanalysis-api/internal/controllers/auth_controller.go:79.2,80.16 2 1
sun-stockanalysis-api/internal/controllers/auth_controller.go:80.16,81.40 1 1
sun-stockanalysis-api/internal/controllers/auth_controller.go:81.40,83.4 1 1
sun-stockanalysis-api/internal/controllers/auth_controller.go:84.3,84.53 1 1
sun-stockanalysis-api/internal/controllers/auth_controller.go:87.2,92.8 1 1
sun-stockanalysis-api/internal/controllers/auth_controller.go:95.107,98.35 2 1
sun-stockanalysis-api/internal/controllers/auth_controller.go:98.35,100.3 1 1
sun-stockanalysis-api/internal/controllers/auth_controller.go:102.2,103.16 2 1
sun-stockanalysis-api/internal/controllers/auth_controller.go:103.16,104.41 1 1
sun-stockanalysis-api/internal/controllers/auth_controller.go:104.41,106.4 1 1
sun-stockanalysis-api/internal/controllers/auth_controller.go:107.3,107.53 1 1
sun-stockanalysis-api/internal/controllers/auth_controller.go:110.2,118.8 1 1
sun-stockanalysis-api/internal/controllers/company_news_controller.go:18.95,20.2 1 0
sun-stockanalysis-api/internal/controllers/company_news_controller.go:33.137,34.80 1 0
sun-stockanalysis-api/internal/controllers/company_news_controller.go:34.80,36.3 1 0
sun-stockanalysis-api/internal/controllers/company_news_controller.go:37.2,39.16 3 0
sun-stockanalysis-api/internal/controllers/company_news_controller.go:39.16,41.3 1 0
sun-stockanalysis-api/internal/controllers/company_news_controller.go:42.2,43.16 2 0
sun-stockanalysis-api/internal/controllers/company_news_controller.go:43.16,45.3 1 0
sun-stockanalysis-api/internal/controllers/company_news_controller.go:46.2,50.16 4 0
sun-stockanalysis-api/internal/controllers/company_news_controller.go:50.16,52.3 1 0
sun-stockanalysis-api/internal/controllers/company_news_controller.go:54.2,57.8 1 0
sun-stockanalysis-api/internal/controllers/controllers.go:31.16,41.2 1 0
sun-stockanalysis-api/internal/controllers/health_controller.go:14.112,19.2 1 0
sun-stockanalysis-api/internal/controllers/health_controller.go:28.116,34.2 1 0
sun-stockanalysis-api/internal/controllers/health_controller.go:36.100,39.16 2 0
sun-stockanalysis-api/internal/controllers/health_controller.go:39.16,41.3 1 0
sun-stockanalysis-api/internal/controllers/health_controller.go:43.2,45.8 1 0
sun-stockanalysis-api/internal/controllers/relation_news_controller.go:16.99,18.2 1 0
sun-stockanalysis-api/internal/controllers/relation_news_controller.go:25.145,28.18 2 0
sun-stockanalysis-api/internal/controllers/relation_news_controller.go:28.18,30.3 1 0
sun-stockanalysis-api/internal/controllers/relation_news_controller.go:31.2,31.29 1 0
sun-stockanalysis-api/internal/controllers/relation_news_controller.go:31.29,33.3 1 0
sun-stockanalysis-api/internal/controllers/relation_news_controller.go:35.2,35.97 1 0
sun-stockanalysis-api/internal/controllers/relation_news_controller.go:35.97,37.3 1 0
sun-stockanalysis-api/internal/controllers/relation_news_controller.go:39.2,42.8 1 0
sun-stockanalysis-api/internal/controllers/stock_controller.go:19.75,21.2 1 0
sun-stockanalysis-api/internal/controllers/stock_controller.go:32.103,37.16 3 0
sun-stockanalysis-api/internal/controllers/stock_controller.go:37.16,39.3 1 0
sun-stockanalysis-api/internal/controllers/stock_controller.go:41.2,43.16 2 0
sun-stockanalysis-api/internal/controllers/stock_controller.go:43.16,45.3 1 0
sun-stockanalysis-api/internal/controllers/stock_controller.go:47.2,50.8 1 0
sun-stockanalysis-api/internal/controllers/stock_controller.go:58.108,63.16 4 0
sun-stockanalysis-api/internal/controllers/stock_controller.go:63.16,65.3 1 0
sun-stockanalysis-api/internal/controllers/stock_controller.go:67.2,70.8 1 0
sun-stockanalysis-api/internal/controllers/stock_controller.go:78.121,81.56 2 0
sun-stockanalysis-api/internal/controllers/stock_controller.go:81.56,83.3 1 0
sun-stockanalysis-api/internal/controllers/stock_controller.go:85.2,85.59 1 0
sun-stockanalysis-api/internal/controllers/stock_controller.go:85.59,87.3 1 0
sun-stockanalysis-api/internal/controllers/stock_controller.go:89.2,92.8 1 0
sun-stockanalysis-api/internal/controllers/stock_controller.go:95.68,96.29 1 0
sun-stockanalysis-api/internal/controllers/stock_controller.go:96.29,98.3 1 0
sun-stockanalysis-api/internal/controllers/stock_controller.go:100.2,100.12 1 0
sun-stockanalysis-api/internal/controllers/stock_daily_controller.go:17.91,19.2 1 0
sun-stockanalysis-api/internal/controllers/stock_daily_controller.go:30.127,31.40 1 0
sun-stockanalysis-api/internal/controllers/stock_daily_controller.go:31.40,33.3 1 0
sun-stockanalysis-api/internal/controllers/stock_daily_controller.go:35.2,36.16 2 0
sun-stockanalysis-api/internal/controllers/stock_daily_controller.go:36.16,38.3 1 0
sun-stockanalysis-api/internal/controllers/stock_daily_controller.go:40.2,43.8 1 0
sun-stockanalysis-api/internal/controllers/stock_quote_controller.go:17.92,19.2 1 0
sun-stockanalysis-api/internal/controllers/stock_quote_controller.go:30.122,32.18 2 0
sun-stockanalysis-api/internal/controllers/stock_quote_controller.go:32.18,34.3 1 0
sun-stockanalysis-api/internal/controllers/stock_quote_controller.go:35.2,36.16 2 0
sun-stockanalysis-api/internal/controllers/stock_quote_controller.go:36.16,38.3 1 0
sun-stockanalysis-api/internal/controllers/stock_quote_controller.go:40.2,43.8 1 0
sun-stockanalysis-api/internal/domains/auth/service.go:44.15,50.2 1 1
sun-stockanalysis-api/internal/domains/auth/service.go:52.73,53.56 1 1
sun-stockanalysis-api/internal/domains/auth/service.go:53.56,55.3 1 1
sun-stockanalysis-api/internal/domains/auth/service.go:57.2,58.16 2 1
sun-stockanalysis-api/internal/domains/auth/service.go:58.16,60.3 1 1
sun-stockanalysis-api/internal/domains/auth/service.go:62.2,62.106 1 1
sun-stockanalysis-api/internal/domains/auth/service.go:62.106,64.3 1 0
sun-stockanalysis-api/internal/domains/auth/service.go:66.2,67.16 2 1
sun-stockanalysis-api/internal/domains/auth/service.go:67.16,69.3 1 0
sun-stockanalysis-api/internal/domains/auth/service.go:71.2,72.16 2 1
sun-stockanalysis-api/internal/domains/auth/service.go:72.16,74.3 1 0
sun-stockanalysis-api/internal/domains/auth/service.go:76.2,81.17 1 1
sun-stockanalysis-api/internal/domains/auth/service.go:81.17,83.3 1 0
sun-stockanalysis-api/internal/domains/auth/service.go:85.2,91.8 2 1
sun-stockanalysis-api/internal/domains/auth/service.go:94.82,95.57 1 1
sun-stockanalysis-api/internal/domains/auth/service.go:95.57,97.3 1 1
sun-stockanalysis-api/internal/domains/auth/service.go:99.2,100.16 2 1
sun-stockanalysis-api/internal/domains/auth/service.go:100.16,102.3 1 0
sun-stockanalysis-api/internal/domains/auth/service.go:103.2,103.12 1 1
sun-stockanalysis-api/internal/domains/auth/service.go:103.12,105.3 1 1
sun-stockanalysis-api/internal/domains/auth/service.go:107.2,108.16 2 1
sun-stockanalysis-api/internal/domains/auth/service.go:108.16,110.3 1 0
sun-stockanalysis-api/internal/domains/auth/service.go:112.2,120.48 2 1
sun-stockanalysis-api/internal/domains/auth/service.go:120.48,122.3 1 0
sun-stockanalysis-api/internal/domains/auth/service.go:124.2,124.55 1 1
sun-stockanalysis-api/internal/domains/auth/service.go:127.77,128.56 1 1
sun-stockanalysis-api/internal/domains/auth/service.go:128.56,130.3 1 0
sun-stockanalysis-api/internal/domains/auth/service.go:131.2,131.35 1 1
sun-stockanalysis-api/internal/domains/auth/service.go:131.35,133.3 1 1
sun-stockanalysis-api/internal/domains/auth/service.go:135.2,139.16 4 1
sun-stockanalysis-api/internal/domains/auth/service.go:139.16,141.3 1 0
sun-stockanalysis-api/internal/domains/auth/service.go:143.2,143.26 1 1
sun-stockanalysis-api/internal/domains/auth/service.go:143.26,145.3 1 0
sun-stockanalysis-api/internal/domains/auth/service.go:147.2,148.47 2 1
sun-stockanalysis-api/internal/domains/auth/service.go:148.47,150.3 1 0
sun-stockanalysis-api/internal/domains/auth/service.go:152.2,153.16 2 1
sun-stockanalysis-api/internal/domains/auth/service.go:153.16,155.3 1 0
sun-stockanalysis-api/internal/domains/auth/service.go:157.2,158.16 2 1
sun-stockanalysis-api/internal/domains/auth/service.go:158.16,160.3 1 0
sun-stockanalysis-api/internal/domains/auth/service.go:162.2,163.16 2 1
sun-stockanalysis-api/internal/domains/auth/service.go:163.16,165.3 1 0
sun-stockanalysis-api/internal/domains/auth/service.go:167.2,168.16 2 1
sun-stockanalysis-api/internal/domains/auth/service.go:168.16,170.3 1 0
sun-stockanalysis-api/internal/domains/auth/service.go:172.2,172.90 1 1
sun-stockanalysis-api/internal/domains/auth/service.go:172.90,174.3 1 0
sun-stockanalysis-api/internal/domains/auth/service.go:176.2,181.17 1 1
sun-stockanalysis-api/internal/domains/auth/service.go:181.17,183.3 1 0
sun-stockanalysis-api/internal/domains/auth/service.go:185.2,189.8 1 1
sun-stockanalysis-api/internal/domains/auth/service.go:192.91,194.17 2 1
sun-stockanalysis-api/internal/domains/auth/service.go:194.17,196.3 1 0
sun-stockanalysis-api/internal/domains/auth/service.go:197.2,216.16 5 1
sun-stockanalysis-api/internal/domains/auth/service.go:216.16,218.3 1 0
sun-stockanalysis-api/internal/domains/auth/service.go:220.2,220.31 1 1
sun-stockanalysis-api/internal/domains/auth/service.go:223.55,224.30 1 1
sun-stockanalysis-api/internal/domains/auth/service.go:224.30,226.3 1 0
sun-stockanalysis-api/internal/domains/auth/service.go:227.2,227.10 1 1
sun-stockanalysis-api/internal/domains/auth/service.go:230.59,232.42 2 1
sun-stockanalysis-api/internal/domains/auth/service.go:232.42,234.3 1 0
sun-stockanalysis-api/internal/domains/auth/service.go:235.2,237.81 3 1
sun-stockanalysis-api/internal/domains/stock/service.go:33.112,34.23 1 0
sun-stockanalysis-api/internal/domains/stock/service.go:34.23,36.3 1 0
sun-stockanalysis-api/internal/domains/stock/service.go:37.2,41.3 1 0
sun-stockanalysis-api/internal/domains/stock/service.go:44.74,46.2 1 0
sun-stockanalysis-api/internal/domains/stock/service.go:48.70,50.16 2 0
sun-stockanalysis-api/internal/domains/stock/service.go:50.16,52.3 1 0
sun-stockanalysis-api/internal/domains/stock/service.go:54.2,55.16 2 0
sun-stockanalysis-api/internal/domains/stock/service.go:55.16,57.3 1 0
sun-stockanalysis-api/internal/domains/stock/service.go:59.2,59.28 1 0
sun-stockanalysis-api/internal/domains/stock/service.go:59.28,60.71 1 0
sun-stockanalysis-api/internal/domains/stock/service.go:60.71,62.4 1 0
sun-stockanalysis-api/internal/domains/stock/service.go:64.2,64.35 1 0
sun-stockanalysis-api/internal/domains/stock/service.go:64.35,65.76 1 0
sun-stockanalysis-api/internal/domains/stock/service.go:65.76,67.4 1 0
sun-stockanalysis-api/internal/domains/stock/service.go:69.2,69.21 1 0
sun-stockanalysis-api/internal/domains/stock/service.go:69.21,70.65 1 0
sun-stockanalysis-api/internal/domains/stock/service.go:70.65,72.4 1 0
sun-stockanalysis-api/internal/domains/stock/service.go:75.2,76.18 2 0
sun-stockanalysis-api/internal/domains/stock/service.go:76.18,78.3 1 0
sun-stockanalysis-api/internal/domains/stock/service.go:80.2,87.4 1 0
sun-stockanalysis-api/internal/domains/stock/service.go:90.62,92.2 1 0
sun-stockanalysis-api/internal/domains/stock/service.go:110.89,113.16 3 0
sun-stockanalysis-api/internal/domains/stock/service.go:113.16,115.3 1 0
sun-stockanalysis-api/internal/domains/stock/service.go:116.2,119.16 3 0
sun-stockanalysis-api/internal/domains/stock/service.go:119.16,121.3 1 0
sun-stockanalysis-api/internal/domains/stock/service.go:122.2,124.53 2 0
sun-stockanalysis-api/internal/domains/stock/service.go:124.53,127.3 2 0
sun-stockanalysis-api/internal/domains/stock/service.go:129.2,130.67 2 0
sun-stockanalysis-api/internal/domains/stock/service.go:130.67,132.3 1 0
sun-stockanalysis-api/internal/domains/stock/service.go:133.2,133.21 1 0
sun-stockanalysis-api/internal/domains/stock/service.go:136.74,139.16 3 0
sun-stockanalysis-api/internal/domains/stock/service.go:139.16,141.3 1 0
sun-stockanalysis-api/internal/domains/stock/service.go:142.2,145.16 3 0
sun-stockanalysis-api/internal/domains/stock/service.go:145.16,147.3 1 0
sun-stockanalysis-api/internal/domains/stock/service.go:148.2,150.53 2 0
sun-stockanalysis-api/internal/domains/stock/service.go:150.53,153.3 2 0
sun-stockanalysis-api/internal/domains/stock/service.go:155.2,156.67 2 0
sun-stockanalysis-api/internal/domains/stock/service.go:156.67,158.3 1 0
sun-stockanalysis-api/internal/domains/stock/service.go:160.2,160.37 1 0
sun-stockanalysis-api/internal/domains/stock/service.go:160.37,161.45 1 0
sun-stockanalysis-api/internal/domains/stock/service.go:161.45,163.4 1 0
sun-stockanalysis-api/internal/domains/stock/service.go:165.2,165.28 1 0
sun-stockanalysis-api/internal/domains/stock/service.go:165.28,167.3 1 0
sun-stockanalysis-api/internal/domains/stock/service.go:168.2,168.16 1 0
sun-stockanalysis-api/internal/configurations/configurations.go:73.30,74.17 1 0
sun-stockanalysis-api/internal/configurations/configurations.go:74.17,81.41 5 0
sun-stockanalysis-api/internal/configurations/configurations.go:81.41,83.17 2 0
sun-stockanalysis-api/internal/configurations/configurations.go:83.17,85.26 2 0
sun-stockanalysis-api/internal/configurations/configurations.go:85.26,87.6 1 0
sun-stockanalysis-api/internal/configurations/configurations.go:88.5,88.44 1 0
sun-stockanalysis-api/internal/configurations/configurations.go:92.3,93.47 2 0
sun-stockanalysis-api/internal/configurations/configurations.go:93.47,94.14 1 0
sun-stockanalysis-api/internal/configurations/configurations.go:97.3,97.54 1 0
sun-stockanalysis-api/internal/configurations/configurations.go:97.54,98.14 1 0
sun-stockanalysis-api/internal/configurations/configurations.go:101.3,101.24 1 0
sun-stockanalysis-api/internal/configurations/configurations.go:104.2,104.23 1 0
sun-stockanalysis-api/internal/configurations/configurations.go:107.20,128.27 2 0
sun-stockanalysis-api/internal/configurations/configurations.go:128.27,130.3 1 0
sun-stockanalysis-api/internal/domains/cleanup/service.go:24.18,25.21 1 0
sun-stockanalysis-api/internal/domains/cleanup/service.go:25.21,27.3 1 0
sun-stockanalysis-api/internal/domains/cleanup/service.go:28.2,32.3 1 0
sun-stockanalysis-api/internal/domains/cleanup/service.go:35.57,37.2 1 0
sun-stockanalysis-api/internal/domains/cleanup/service.go:39.64,40.6 1 0
sun-stockanalysis-api/internal/domains/cleanup/service.go:40.6,43.10 3 0
sun-stockanalysis-api/internal/domains/cleanup/service.go:44.21,46.10 2 0
sun-stockanalysis-api/internal/domains/cleanup/service.go:47.18,47.18 0 0
sun-stockanalysis-api/internal/domains/cleanup/service.go:49.3,49.17 1 0
sun-stockanalysis-api/internal/domains/cleanup/service.go:53.59,54.9 1 0
sun-stockanalysis-api/internal/domains/cleanup/service.go:55.20,56.9 1 0
sun-stockanalysis-api/internal/domains/cleanup/service.go:57.10,57.10 0 0
sun-stockanalysis-api/internal/domains/cleanup/service.go:59.2,64.24 4 0
sun-stockanalysis-api/internal/domains/cleanup/service.go:64.24,66.3 1 0
sun-stockanalysis-api/internal/domains/cleanup/service.go:67.2,67.26 1 0
sun-stockanalysis-api/internal/domains/cleanup/service.go:67.26,69.3 1 0
sun-stockanalysis-api/internal/domains/cleanup/service.go:72.74,75.22 3 0
sun-stockanalysis-api/internal/domains/cleanup/service.go:75.22,77.3 1 0
sun-stockanalysis-api/internal/domains/cleanup/service.go:78.2,78.25 1 0
sun-stockanalysis-api/internal/domains/cleanup/service.go:81.40,83.2 1 0
sun-stockanalysis-api/internal/database/health.go:9.66,11.2 1 0
sun-stockanalysis-api/internal/database/postgresDatabase.go:22.57,24.2 1 0
sun-stockanalysis-api/internal/database/postgresDatabase.go:26.66,27.17 1 0
sun-stockanalysis-api/internal/database/postgresDatabase.go:27.17,34.17 3 0
sun-stockanalysis-api/internal/database/postgresDatabase.go:34.17,35.14 1 0
sun-stockanalysis-api/internal/database/postgresDatabase.go:38.3,39.52 2 0
sun-stockanalysis-api/internal/database/postgresDatabase.go:42.2,42.32 1 0
sun-stockanalysis-api/cmd/api/main.go:30.13,31.63 1 0
sun-stockanalysis-api/cmd/api/main.go:31.63,33.3 1 0
sun-stockanalysis-api/cmd/api/main.go:34.2,54.16 5 0
sun-stockanalysis-api/cmd/api/main.go:54.16,56.3 1 0
sun-stockanalysis-api/cmd/api/main.go:59.2,95.12 33 0
sun-stockanalysis-api/cmd/api/main.go:95.12,97.37 2 0
sun-stockanalysis-api/cmd/api/main.go:97.37,99.4 1 0
sun-stockanalysis-api/cmd/api/main.go:102.2,106.35 5 0
sun-stockanalysis-api/cmd/api/main.go:106.35,108.3 1 0
sun-stockanalysis-api/cmd/api/main.go:109.2,109.40 1 0
sun-stockanalysis-api/cmd/api/main.go:112.48,113.53 1 0
sun-stockanalysis-api/cmd/api/main.go:113.53,115.3 1 0
sun-stockanalysis-api/cmd/api/main.go:116.2,116.17 1 0
sun-stockanalysis-api/internal/domains/stock_daily/service.go:42.21,48.2 1 0
sun-stockanalysis-api/internal/domains/stock_daily/service.go:50.97,52.37 2 0
sun-stockanalysis-api/internal/domains/stock_daily/service.go:52.37,54.3 1 0
sun-stockanalysis-api/internal/domains/stock_daily/service.go:56.2,58.33 2 0
sun-stockanalysis-api/internal/domains/stock_daily/service.go:58.33,59.10 1 0
sun-stockanalysis-api/internal/domains/stock_daily/service.go:60.21,61.20 1 0
sun-stockanalysis-api/internal/domains/stock_daily/service.go:62.11,62.11 0 0
sun-stockanalysis-api/internal/domains/stock_daily/service.go:65.3,66.37 2 0
sun-stockanalysis-api/internal/domains/stock_daily/service.go:66.37,67.12 1 0
sun-stockanalysis-api/internal/domains/stock_daily/service.go:70.3,78.20 7 0
sun-stockanalysis-api/internal/domains/stock_daily/service.go:78.20,80.4 1 0
sun-stockanalysis-api/internal/domains/stock_daily/service.go:80.9,80.27 1 0
sun-stockanalysis-api/internal/domains/stock_daily/service.go:80.27,82.4 1 0
sun-stockanalysis-api/internal/domains/stock_daily/service.go:82.9,82.28 1 0
sun-stockanalysis-api/internal/domains/stock_daily/service.go:82.28,84.4 1 0
sun-stockanalysis-api/internal/domains/stock_daily/service.go:86.3,102.53 2 0
sun-stockanalysis-api/internal/domains/stock_daily/service.go:102.53,104.4 1 0
sun-stockanalysis-api/internal/domains/stock_daily/service.go:106.2,106.12 1 0
sun-stockanalysis-api/internal/domains/stock_daily/service.go:109.111,110.9 1 0
sun-stockanalysis-api/internal/domains/stock_daily/service.go:111.20,112.24 1 0
sun-stockanalysis-api/internal/domains/stock_daily/service.go:113.10,113.10 0 0
sun-stockanalysis-api/internal/domains/stock_daily/service.go:115.2,116.18 2 0
sun-stockanalysis-api/internal/domains/stock_daily/service.go:116.18,118.3 1 0
sun-stockanalysis-api/internal/domains/stock_daily/service.go:119.2,119.42 1 0
sun-stockanalysis-api/internal/domains/stock_daily/service.go:122.98,123.17 1 0
sun-stockanalysis-api/internal/domains/stock_daily/service.go:123.17,125.3 1 0
sun-stockanalysis-api/internal/domains/stock_daily/service.go:126.2,127.16 2 0
sun-stockanalysis-api/internal/domains/stock_daily/service.go:127.16,128.45 1 0
sun-stockanalysis-api/internal/domains/stock_daily/service.go:128.45,130.4 1 0
sun-stockanalysis-api/internal/domains/stock_daily/service.go:131.3,131.17 1 0
sun-stockanalysis-api/internal/domains/stock_daily/service.go:133.2,133.17 1 0
sun-stockanalysis-api/internal/domains/stock_daily/service.go:133.17,135.3 1 0
sun-stockanalysis-api/internal/domains/stock_daily/service.go:136.2,137.16 2 0
sun-stockanalysis-api/internal/domains/stock_daily/service.go:138.19,139.23 1 0
sun-stockanalysis-api/internal/domains/stock_daily/service.go:140.20,141.24 1 0
sun-stockanalysis-api/internal/domains/stock_daily/service.go:144.2,145.42 2 0
sun-stockanalysis-api/internal/domains/stock_daily/service.go:148.91,149.22 1 0
sun-stockanalysis-api/internal/domains/stock_daily/service.go:149.22,151.3 1 0
sun-stockanalysis-api/internal/domains/stock_daily/service.go:152.2,155.27 4 0
sun-stockanalysis-api/internal/domains/stock_daily/service.go:155.27,158.19 3 0
sun-stockanalysis-api/internal/domains/stock_daily/service.go:158.19,160.4 1 0
sun-stockanalysis-api/internal/domains/stock_daily/service.go:161.3,161.18 1 0
sun-stockanalysis-api/internal/domains/stock_daily/service.go:161.18,163.4 1 0
sun-stockanalysis-api/internal/domains/stock_daily/service.go:165.2,166.23 2 0
sun-stockanalysis-api/internal/domains/stock_daily/service.go:170.55,176.2 5 0
sun-stockanalysis-api/internal/domains/stock_daily/service.go:178.46,180.15 2 0
sun-stockanalysis-api/internal/domains/stock_daily/service.go:180.15,182.3 1 0
sun-stockanalysis-api/internal/domains/stock_daily/service.go:183.2,184.26 2 0
sun-stockanalysis-api/internal/domains/stock_daily/service.go:184.26,186.3 1 0
sun-stockanalysis-api/internal/domains/stock_daily/service.go:187.2,187.10 1 0
sun-stockanalysis-api/internal/domains/alert_events/service.go:26.21,32.2 1 0
sun-stockanalysis-api/internal/domains/alert_events/service.go:34.90,35.18 1 0
sun-stockanalysis-api/internal/domains/alert_events/service.go:35.18,37.3 1 0
sun-stockanalysis-api/internal/domains/alert_events/service.go:38.2,38.9 1 0
sun-stockanalysis-api/internal/domains/alert_events/service.go:39.20,40.19 1 0
sun-stockanalysis-api/internal/domains/alert_events/service.go:41.10,41.10 0 0
sun-stockanalysis-api/internal/domains/alert_events/service.go:44.2,46.35 3 0
sun-stockanalysis-api/internal/domains/alert_events/service.go:46.35,48.3 1 0
sun-stockanalysis-api/internal/domains/alert_events/service.go:50.2,51.27 2 0
sun-stockanalysis-api/internal/domains/alert_events/service.go:51.27,53.3 1 0
sun-stockanalysis-api/internal/domains/alert_events/service.go:55.2,59.9 4 0
sun-stockanalysis-api/internal/domains/alert_events/service.go:59.9,61.3 1 0
sun-stockanalysis-api/internal/domains/alert_events/service.go:63.2,64.42 2 0
sun-stockanalysis-api/internal/domains/alert_events/service.go:64.42,66.3 1 0
sun-stockanalysis-api/internal/domains/alert_events/service.go:68.2,75.72 2 0
sun-stockanalysis-api/internal/domains/alert_events/service.go:75.72,76.51 1 0
sun-stockanalysis-api/internal/domains/alert_events/service.go:76.51,78.4 1 0
sun-stockanalysis-api/internal/domains/alert_events/service.go:80.2,80.23 1 0
sun-stockanalysis-api/internal/domains/alert_events/service.go:80.23,82.20 2 0
sun-stockanalysis-api/internal/domains/alert_events/service.go:82.20,84.4 1 0
sun-stockanalysis-api/internal/domains/alert_events/service.go:86.2,86.12 1 0
sun-stockanalysis-api/internal/domains/alert_events/service.go:89.59,95.2 5 0
sun-stockanalysis-api/internal/domains/alert_events/service.go:97.31,98.9 1 0
sun-stockanalysis-api/internal/domains/alert_events/service.go:99.13,100.11 1 0
sun-stockanalysis-api/internal/domains/alert_events/service.go:101.13,102.12 1 0
sun-stockanalysis-api/internal/domains/alert_events/service.go:103.10,104.11 1 0
sun-stockanalysis-api/internal/domains/alert_events/service.go:108.63,109.20 1 0
sun-stockanalysis-api/internal/domains/alert_events/service.go:110.10,111.23 1 0
sun-stockanalysis-api/internal/domains/alert_events/service.go:112.11,113.19 1 0
sun-stockanalysis-api/internal/domains/alert_events/service.go:114.13,115.19 1 0
sun-stockanalysis-api/internal/domains/alert_events/service.go:117.9,118.23 1 0
sun-stockanalysis-api/internal/domains/alert_events/service.go:119.10,120.18 1 0
sun-stockanalysis-api/internal/domains/alert_events/service.go:121.14,122.18 1 0
sun-stockanalysis-api/internal/domains/alert_events/service.go:125.2,125.17 1 0
sun-stockanalysis-api/internal/domains/alert_events/service.go:128.43,129.18 1 0
sun-stockanalysis-api/internal/domains/alert_events/service.go:130.9,131.58 1 0
sun-stockanalysis-api/internal/domains/alert_events/service.go:132.9,133.36 1 0
sun-stockanalysis-api/internal/domains/alert_events/service.go:134.10,135.55 1 0
sun-stockanalysis-api/internal/domains/alert_events/service.go:136.10,137.33 1 0
sun-stockanalysis-api/internal/domains/alert_events/service.go:138.10,139.12 1 0
sun-stockanalysis-api/internal/domains/market_open/service.go:72.21,73.23 1 0
sun-stockanalysis-api/internal/domains/market_open/service.go:73.23,75.3 1 0
sun-stockanalysis-api/internal/domains/market_open/service.go:76.2,83.3 1 0
sun-stockanalysis-api/internal/domains/market_open/service.go:86.60,88.2 1 0
sun-stockanalysis-api/internal/domains/market_open/service.go:90.67,91.6 1 0
sun-stockanalysis-api/internal/domains/market_open/service.go:91.6,94.10 3 0
sun-stockanalysis-api/internal/domains/market_open/service.go:95.21,97.10 2 0
sun-stockanalysis-api/internal/domains/market_open/service.go:98.18,98.18 0 0
sun-stockanalysis-api/internal/domains/market_open/service.go:101.3,101.25 1 0
sun-stockanalysis-api/internal/domains/market_open/service.go:105.70,109.6 3 0
sun-stockanalysis-api/internal/domains/market_open/service.go:109.6,110.10 1 0
sun-stockanalysis-api/internal/domains/market_open/service.go:111.21,112.10 1 0
sun-stockanalysis-api/internal/domains/market_open/service.go:113.11,113.11 0 0
sun-stockanalysis-api/internal/domains/market_open/service.go:116.3,117.17 2 0
sun-stockanalysis-api/internal/domains/market_open/service.go:117.17,119.4 1 0
sun-stockanalysis-api/internal/domains/market_open/service.go:120.3,120.20 1 0
sun-stockanalysis-api/internal/domains/market_open/service.go:120.20,122.4 1 0
sun-stockanalysis-api/internal/domains/market_open/service.go:124.3,126.18 3 0
sun-stockanalysis-api/internal/domains/market_open/service.go:127.21,129.12 2 0
sun-stockanalysis-api/internal/domains/market_open/service.go:130.18,132.46 2 0
sun-stockanalysis-api/internal/domains/market_open/service.go:132.46,135.5 2 0
sun-stockanalysis-api/internal/domains/market_open/service.go:136.4,137.12 2 0
sun-stockanalysis-api/internal/domains/market_open/service.go:138.22,140.45 2 0
sun-stockanalysis-api/internal/domains/market_open/service.go:140.45,144.30 4 0
sun-stockanalysis-api/internal/domains/market_open/service.go:144.30,147.6 2 0
sun-stockanalysis-api/internal/domains/market_open/service.go:149.4,149.36 1 0
sun-stockanalysis-api/internal/domains/market_open/service.go:149.36,151.5 1 0
sun-stockanalysis-api/internal/domains/market_open/service.go:152.4,153.12 2 0
sun-stockanalysis-api/internal/domains/market_open/service.go:154.11,155.10 1 0
sun-stockanalysis-api/internal/domains/market_open/service.go:160.80,167.19 7 0
sun-stockanalysis-api/internal/domains/market_open/service.go:167.19,173.3 5 0
sun-stockanalysis-api/internal/domains/market_open/service.go:174.2,181.18 2 0
sun-stockanalysis-api/internal/domains/market_open/service.go:181.18,184.3 2 0
sun-stockanalysis-api/internal/domains/market_open/service.go:185.2,185.19 1 0
sun-stockanalysis-api/internal/domains/market_open/service.go:197.56,198.34 1 0
sun-stockanalysis-api/internal/domains/market_open/service.go:198.34,200.3 1 0
sun-stockanalysis-api/internal/domains/market_open/service.go:201.2,201.19 1 0
sun-stockanalysis-api/internal/domains/market_open/service.go:204.91,206.16 2 0
sun-stockanalysis-api/internal/domains/market_open/service.go:206.16,208.3 1 0
sun-stockanalysis-api/internal/domains/market_open/service.go:209.2,212.16 3 0
sun-stockanalysis-api/internal/domains/market_open/service.go:212.16,214.3 1 0
sun-stockanalysis-api/internal/domains/market_open/service.go:215.2,217.53 2 0
sun-stockanalysis-api/internal/domains/market_open/service.go:217.53,220.3 2 0
sun-stockanalysis-api/internal/domains/market_open/service.go:222.2,223.67 2 0
sun-stockanalysis-api/internal/domains/market_open/service.go:223.67,225.3 1 0
sun-stockanalysis-api/internal/domains/market_open/service.go:226.2,226.20 1 0
sun-stockanalysis-api/internal/domains/market_open/service.go:229.93,232.16 3 0
sun-stockanalysis-api/internal/domains/market_open/service.go:232.16,234.3 1 0
sun-stockanalysis-api/internal/domains/market_open/service.go:235.2,235.45 1 0
sun-stockanalysis-api/internal/domains/market_open/service.go:235.45,237.3 1 0
sun-stockanalysis-api/internal/domains/market_open/service.go:239.2,244.30 2 0
sun-stockanalysis-api/internal/domains/market_open/service.go:247.94,250.16 3 0
sun-stockanalysis-api/internal/domains/market_open/service.go:250.16,251.45 1 0
sun-stockanalysis-api/internal/domains/market_open/service.go:251.45,253.4 1 0
sun-stockanalysis-api/internal/domains/market_open/service.go:254.3,254.13 1 0
sun-stockanalysis-api/internal/domains/market_open/service.go:256.2,256.56 1 0
sun-stockanalysis-api/internal/domains/market_open/service.go:259.83,260.19 1 0
sun-stockanalysis-api/internal/domains/market_open/service.go:260.19,264.3 3 0
sun-stockanalysis-api/internal/domains/market_open/service.go:266.2,268.20 3 0
sun-stockanalysis-api/internal/domains/market_open/service.go:268.20,272.3 3 0
sun-stockanalysis-api/internal/domains/market_open/service.go:274.2,276.17 3 0
sun-stockanalysis-api/internal/domains/market_open/service.go:279.43,284.2 4 0
sun-stockanalysis-api/internal/domains/market_open/service.go:286.58,292.2 5 0
sun-stockanalysis-api/internal/domains/market_open/service.go:294.74,297.22 3 0
sun-stockanalysis-api/internal/domains/market_open/service.go:297.22,299.3 1 0
sun-stockanalysis-api/internal/domains/market_open/service.go:300.2,300.25 1 0
sun-stockanalysis-api/internal/domains/market_open/service.go:303.57,306.9 3 0
sun-stockanalysis-api/internal/domains/market_open/service.go:307.20,307.20 0 0
sun-stockanalysis-api/internal/domains/market_open/service.go:308.17,308.17 0 0
sun-stockanalysis-api/internal/domains/market_open/service.go:312.48,313.53 1 0
sun-stockanalysis-api/internal/domains/market_open/service.go:313.53,315.3 1 0
sun-stockanalysis-api/internal/domains/market_open/service.go:316.2,316.17 1 0
sun-stockanalysis-api/internal/domains/market_open/service.go:319.46,321.15 2 0
sun-stockanalysis-api/internal/domains/market_open/service.go:321.15,323.3 1 0
sun-stockanalysis-api/internal/domains/market_open/service.go:324.2,325.25 2 0
sun-stockanalysis-api/internal/domains/market_open/service.go:325.25,327.3 1 0
sun-stockanalysis-api/internal/domains/market_open/service.go:328.2,328.10 1 0
sun-stockanalysis-api/internal/domains/relation_news/service.go:19.89,21.2 1 0
sun-stockanalysis-api/internal/domains/relation_news/service.go:23.98,25.16 2 0
sun-stockanalysis-api/internal/domains/relation_news/service.go:25.16,27.3 1 0
sun-stockanalysis-api/internal/domains/relation_news/service.go:29.2,31.38 3 0
sun-stockanalysis-api/internal/domains/relation_news/service.go:31.38,33.16 2 0
sun-stockanalysis-api/internal/domains/relation_news/service.go:33.16,34.12 1 0
sun-stockanalysis-api/internal/domains/relation_news/service.go:36.3,36.27 1 0
sun-stockanalysis-api/internal/domains/relation_news/service.go:39.2,40.26 2 0
sun-stockanalysis-api/internal/domains/relation_news/service.go:40.26,46.3 1 0
sun-stockanalysis-api/internal/domains/relation_news/service.go:48.2,48.33 1 0
sun-stockanalysis-api/internal/domains/company_news/service.go:46.22,47.23 1 0
sun-stockanalysis-api/internal/domains/company_news/service.go:47.23,49.3 1 0
sun-stockanalysis-api/internal/domains/company_news/service.go:50.2,56.3 1 0
sun-stockanalysis-api/internal/domains/company_news/service.go:59.61,61.2 1 0
sun-stockanalysis-api/internal/domains/company_news/service.go:63.142,64.18 1 0
sun-stockanalysis-api/internal/domains/company_news/service.go:64.18,66.3 1 0
sun-stockanalysis-api/internal/domains/company_news/service.go:67.2,67.9 1 0
sun-stockanalysis-api/internal/domains/company_news/service.go:68.20,69.24 1 0
sun-stockanalysis-api/internal/domains/company_news/service.go:70.10,70.10 0 0
sun-stockanalysis-api/internal/domains/company_news/service.go:73.2,74.16 2 0
sun-stockanalysis-api/internal/domains/company_news/service.go:74.16,76.3 1 0
sun-stockanalysis-api/internal/domains/company_news/service.go:77.2,77.25 1 0
sun-stockanalysis-api/internal/domains/company_news/service.go:77.25,79.3 1 0
sun-stockanalysis-api/internal/domains/company_news/service.go:81.2,81.66 1 0
sun-stockanalysis-api/internal/domains/company_news/service.go:84.68,85.6 1 0
sun-stockanalysis-api/internal/domains/company_news/service.go:85.6,88.10 3 0
sun-stockanalysis-api/internal/domains/company_news/service.go:89.21,91.10 2 0
sun-stockanalysis-api/internal/domains/company_news/service.go:92.18,92.18 0 0
sun-stockanalysis-api/internal/domains/company_news/service.go:95.3,95.17 1 0
sun-stockanalysis-api/internal/domains/company_news/service.go:99.63,101.37 2 0
sun-stockanalysis-api/internal/domains/company_news/service.go:101.37,103.3 1 0
sun-stockanalysis-api/internal/domains/company_news/service.go:105.2,106.18 2 0
sun-stockanalysis-api/internal/domains/company_news/service.go:106.18,108.3 1 0
sun-stockanalysis-api/internal/domains/company_news/service.go:109.2,110.33 2 0
sun-stockanalysis-api/internal/domains/company_news/service.go:110.33,111.10 1 0
sun-stockanalysis-api/internal/domains/company_news/service.go:112.21,113.20 1 0
sun-stockanalysis-api/internal/domains/company_news/service.go:113.20,115.5 1 0
sun-stockanalysis-api/internal/domains/company_news/service.go:116.4,116.10 1 0
sun-stockanalysis-api/internal/domains/company_news/service.go:117.11,117.11 0 0
sun-stockanalysis-api/internal/domains/company_news/service.go:119.3,120.19 2 0
sun-stockanalysis-api/internal/domains/company_news/service.go:120.19,121.12 1 0
sun-stockanalysis-api/internal/domains/company_news/service.go:123.3,124.35 2 0
sun-stockanalysis-api/internal/domains/company_news/service.go:124.35,125.12 1 0
sun-stockanalysis-api/internal/domains/company_news/service.go:127.3,128.26 2 0
sun-stockanalysis-api/internal/domains/company_news/service.go:128.26,136.4 1 0
sun-stockanalysis-api/internal/domains/company_news/service.go:137.3,137.57 1 0
sun-stockanalysis-api/internal/domains/company_news/service.go:137.57,139.4 1 0
sun-stockanalysis-api/internal/domains/company_news/service.go:141.2,141.18 1 0
sun-stockanalysis-api/internal/domains/company_news/service.go:141.18,143.3 1 0
sun-stockanalysis-api/internal/domains/company_news/service.go:154.122,156.16 2 0
sun-stockanalysis-api/internal/domains/company_news/service.go:156.16,158.3 1 0
sun-stockanalysis-api/internal/domains/company_news/service.go:159.2,166.16 7 0
sun-stockanalysis-api/internal/domains/company_news/service.go:166.16,168.3 1 0
sun-stockanalysis-api/internal/domains/company_news/service.go:169.2,172.16 3 0
sun-stockanalysis-api/internal/domains/company_news/service.go:172.16,174.3 1 0
sun-stockanalysis-api/internal/domains/company_news/service.go:175.2,177.53 2 0
sun-stockanalysis-api/internal/domains/company_news/service.go:177.53,180.3 2 0
sun-stockanalysis-api/internal/domains/company_news/service.go:182.2,183.67 2 0
sun-stockanalysis-api/internal/domains/company_news/service.go:183.67,185.3 1 0
sun-stockanalysis-api/internal/domains/company_news/service.go:186.2,186.20 1 0
sun-stockanalysis-api/internal/domains/company_news/service.go:189.74,192.22 3 0
sun-stockanalysis-api/internal/domains/company_news/service.go:192.22,194.3 1 0
sun-stockanalysis-api/internal/domains/company_news/service.go:195.2,195.25 1 0
sun-stockanalysis-api/internal/domains/company_news/service.go:198.40,200.2 1 0
sun-stockanalysis-api/internal/mocks/domains/auth/authservice_mock.go:20.63,22.2 1 0
sun-stockanalysis-api/internal/mocks/domains/auth/authservice_mock.go:25.84,28.19 2 0
sun-stockanalysis-api/internal/mocks/domains/auth/authservice_mock.go:28.19,29.47 1 0
sun-stockanalysis-api/internal/mocks/domains/auth/authservice_mock.go:32.2,34.81 3 0
sun-stockanalysis-api/internal/mocks/domains/auth/authservice_mock.go:34.81,36.3 1 0
sun-stockanalysis-api/internal/mocks/domains/auth/authservice_mock.go:37.2,37.72 1 0
sun-stockanalysis-api/internal/mocks/domains/auth/authservice_mock.go:37.72,39.3 1 0
sun-stockanalysis-api/internal/mocks/domains/auth/authservice_mock.go:39.8,40.24 1 0
sun-stockanalysis-api/internal/mocks/domains/auth/authservice_mock.go:40.24,42.4 1 0
sun-stockanalysis-api/internal/mocks/domains/auth/authservice_mock.go:45.2,45.60 1 0
sun-stockanalysis-api/internal/mocks/domains/auth/authservice_mock.go:45.60,47.3 1 0
sun-stockanalysis-api/internal/mocks/domains/auth/authservice_mock.go:47.8,49.3 1 0
sun-stockanalysis-api/internal/mocks/domains/auth/authservice_mock.go:51.2,51.15 1 0
sun-stockanalysis-api/internal/mocks/domains/auth/authservice_mock.go:61.90,63.2 1 0
sun-stockanalysis-api/internal/mocks/domains/auth/authservice_mock.go:65.104,66.40 1 0
sun-stockanalysis-api/internal/mocks/domains/auth/authservice_mock.go:66.40,68.3 1 0
sun-stockanalysis-api/internal/mocks/domains/auth/authservice_mock.go:69.2,69.11 1 0
sun-stockanalysis-api/internal/mocks/domains/auth/authservice_mock.go:72.108,75.2 2 0
sun-stockanalysis-api/internal/mocks/domains/auth/authservice_mock.go:77.134,80.2 2 0
sun-stockanalysis-api/internal/mocks/domains/auth/authservice_mock.go:83.88,86.19 2 0
sun-stockanalysis-api/internal/mocks/domains/auth/authservice_mock.go:86.19,87.49 1 0
sun-stockanalysis-api/internal/mocks/domains/auth/authservice_mock.go:90.2,92.83 3 0
sun-stockanalysis-api/internal/mocks/domains/auth/authservice_mock.go:92.83,94.3 1 0
sun-stockanalysis-api/internal/mocks/domains/auth/authservice_mock.go:95.2,95.74 1 0
sun-stockanalysis-api/internal/mocks/domains/auth/authservice_mock.go:95.74,97.3 1 0
sun-stockanalysis-api/internal/mocks/domains/auth/authservice_mock.go:97.8,98.24 1 0
sun-stockanalysis-api/internal/mocks/domains/auth/authservice_mock.go:98.24,100.4 1 0
sun-stockanalysis-api/internal/mocks/domains/auth/authservice_mock.go:103.2,103.62 1 0
sun-stockanalysis-api/internal/mocks/domains/auth/authservice_mock.go:103.62,105.3 1 0
sun-stockanalysis-api/internal/mocks/domains/auth/authservice_mock.go:105.8,107.3 1 0
sun-stockanalysis-api/internal/mocks/domains/auth/authservice_mock.go:109.2,109.15 1 0
sun-stockanalysis-api/internal/mocks/domains/auth/authservice_mock.go:119.94,121.2 1 0
sun-stockanalysis-api/internal/mocks/domains/auth/authservice_mock.go:123.110,124.40 1 0
sun-stockanalysis-api/internal/mocks/domains/auth/authservice_mock.go:124.40,126.3 1 0
sun-stockanalysis-api/internal/mocks/domains/auth/authservice_mock.go:127.2,127.11 1 0
sun-stockanalysis-api/internal/mocks/domains/auth/authservice_mock.go:130.112,133.2 2 0
sun-stockanalysis-api/internal/mocks/domains/auth/authservice_mock.go:135.140,138.2 2 0
sun-stockanalysis-api/internal/mocks/domains/auth/authservice_mock.go:141.93,144.19 2 0
sun-stockanalysis-api/internal/mocks/domains/auth/authservice_mock.go:144.19,145.50 1 0
sun-stockanalysis-api/internal/mocks/domains/auth/authservice_mock.go:148.2,150.87 3 0
sun-stockanalysis-api/internal/mocks/domains/auth/authservice_mock.go:150.87,152.3 1 0
sun-stockanalysis-api/internal/mocks/domains/auth/authservice_mock.go:153.2,153.78 1 0
sun-stockanalysis-api/internal/mocks/domains/auth/authservice_mock.go:153.78,155.3 1 0
sun-stockanalysis-api/internal/mocks/domains/auth/authservice_mock.go:155.8,156.24 1 0
sun-stockanalysis-api/internal/mocks/domains/auth/authservice_mock.go:156.24,158.4 1 0
sun-stockanalysis-api/internal/mocks/domains/auth/authservice_mock.go:161.2,161.63 1 0
sun-stockanalysis-api/internal/mocks/domains/auth/authservice_mock.go:161.63,163.3 1 0
sun-stockanalysis-api/internal/mocks/domains/auth/authservice_mock.go:163.8,165.3 1 0
sun-stockanalysis-api/internal/mocks/domains/auth/authservice_mock.go:167.2,167.15 1 0
sun-stockanalysis-api/internal/mocks/domains/auth/authservice_mock.go:177.96,179.2 1 0
sun-stockanalysis-api/internal/mocks/domains/auth/authservice_mock.go:181.113,182.40 1 0
sun-stockanalysis-api/internal/mocks/domains/auth/authservice_mock.go:182.40,184.3 1 0
sun-stockanalysis-api/internal/mocks/domains/auth/authservice_mock.go:185.2,185.11 1 0
sun-stockanalysis-api/internal/mocks/domains/auth/authservice_mock.go:188.117,191.2 2 0
sun-stockanalysis-api/internal/mocks/domains/auth/authservice_mock.go:193.146,196.2 2 0
sun-stockanalysis-api/internal/mocks/domains/auth/authservice_mock.go:203.21,207.19 3 0
sun-stockanalysis-api/internal/mocks/domains/auth/authservice_mock.go:207.19,207.49 1 0
sun-stockanalysis-api/internal/mocks/domains/auth/authservice_mock.go:209.2,209.13 1 0
sun-stockanalysis-api/internal/repository/alert_events.go:19.64,21.2 1 0
sun-stockanalysis-api/internal/repository/alert_events.go:23.75,24.18 1 0
sun-stockanalysis-api/internal/repository/alert_events.go:24.18,26.3 1 0
sun-stockanalysis-api/internal/repository/alert_events.go:27.2,27.33 1 0
sun-stockanalysis-api/internal/repository/company_news.go:22.66,24.2 1 0
sun-stockanalysis-api/internal/repository/company_news.go:26.82,27.21 1 0
sun-stockanalysis-api/internal/repository/company_news.go:27.21,29.3 1 0
sun-stockanalysis-api/internal/repository/company_news.go:30.2,30.34 1 0
sun-stockanalysis-api/internal/repository/company_news.go:33.128,34.23 1 0
sun-stockanalysis-api/internal/repository/company_news.go:34.23,36.3 1 0
sun-stockanalysis-api/internal/repository/company_news.go:37.2,41.34 2 0
sun-stockanalysis-api/internal/repository/company_news.go:41.34,43.3 1 0
sun-stockanalysis-api/internal/repository/company_news.go:44.2,44.19 1 0
sun-stockanalysis-api/internal/repository/company_news.go:47.69,48.16 1 0
sun-stockanalysis-api/internal/repository/company_news.go:48.16,50.3 1 0
sun-stockanalysis-api/internal/repository/company_news.go:51.2,53.38 1 0
sun-stockanalysis-api/internal/repository/health.go:18.73,21.2 1 0
sun-stockanalysis-api/internal/repository/health.go:23.56,27.2 1 0
sun-stockanalysis-api/internal/repository/market_open.go:23.64,25.2 1 0
sun-stockanalysis-api/internal/repository/market_open.go:27.101,29.85 2 0
sun-stockanalysis-api/internal/repository/market_open.go:29.85,31.3 1 0
sun-stockanalysis-api/internal/repository/market_open.go:32.2,32.21 1 0
sun-stockanalysis-api/internal/repository/market_open.go:35.76,36.19 1 0
sun-stockanalysis-api/internal/repository/market_open.go:36.19,38.3 1 0
sun-stockanalysis-api/internal/repository/market_open.go:39.2,39.34 1 0
sun-stockanalysis-api/internal/repository/market_open.go:42.108,49.2 1 0
sun-stockanalysis-api/internal/repository/refresh_token.go:19.68,21.2 1 0
sun-stockanalysis-api/internal/repository/refresh_token.go:23.80,25.2 1 0
sun-stockanalysis-api/internal/repository/refresh_token.go:27.93,29.69 2 0
sun-stockanalysis-api/internal/repository/refresh_token.go:29.69,31.3 1 0
sun-stockanalysis-api/internal/repository/refresh_token.go:32.2,32.16 1 0
sun-stockanalysis-api/internal/repository/refresh_token.go:35.89,39.2 1 0
sun-stockanalysis-api/internal/repository/relation_news.go:21.68,23.2 1 0
sun-stockanalysis-api/internal/repository/relation_news.go:25.84,26.21 1 0
sun-stockanalysis-api/internal/repository/relation_news.go:26.21,28.3 1 0
sun-stockanalysis-api/internal/repository/relation_news.go:29.2,29.34 1 0
sun-stockanalysis-api/internal/repository/relation_news.go:32.86,37.56 2 0
sun-stockanalysis-api/internal/repository/relation_news.go:37.56,39.3 1 0
sun-stockanalysis-api/internal/repository/relation_news.go:40.2,40.21 1 0
sun-stockanalysis-api/internal/repository/relation_news.go:43.99,44.18 1 0
sun-stockanalysis-api/internal/repository/relation_news.go:44.18,46.3 1 0
sun-stockanalysis-api/internal/repository/relation_news.go:47.2,51.56 2 0
sun-stockanalysis-api/internal/repository/relation_news.go:51.56,53.3 1 0
sun-stockanalysis-api/internal/repository/relation_news.go:54.2,54.21 1 0
sun-stockanalysis-api/internal/repository/stock.go:24.54,26.2 1 0
sun-stockanalysis-api/internal/repository/stock.go:28.77,30.59 2 0
sun-stockanalysis-api/internal/repository/stock.go:30.59,32.3 1 0
sun-stockanalysis-api/internal/repository/stock.go:33.2,33.16 1 0
sun-stockanalysis-api/internal/repository/stock.go:36.61,38.2 1 0
sun-stockanalysis-api/internal/repository/stock.go:40.63,44.47 2 0
sun-stockanalysis-api/internal/repository/stock.go:44.47,46.3 1 0
sun-stockanalysis-api/internal/repository/stock.go:47.2,47.21 1 0
sun-stockanalysis-api/internal/repository/stock.go:50.65,54.35 2 0
sun-stockanalysis-api/internal/repository/stock.go:54.35,56.3 1 0
sun-stockanalysis-api/internal/repository/stock.go:57.2,57.20 1 0
sun-stockanalysis-api/internal/repository/stock.go:60.72,61.16 1 0
sun-stockanalysis-api/internal/repository/stock.go:61.16,63.3 1 0
sun-stockanalysis-api/internal/repository/stock.go:64.2,65.66 2 0
sun-stockanalysis-api/internal/repository/stock.go:68.71,69.16 1 0
sun-stockanalysis-api/internal/repository/stock.go:69.16,71.3 1 0
sun-stockanalysis-api/internal/repository/stock.go:72.2,73.66 2 0
sun-stockanalysis-api/internal/repository/stock.go:76.69,77.16 1 0
sun-stockanalysis-api/internal/repository/stock.go:77.16,79.3 1 0
sun-stockanalysis-api/internal/repository/stock.go:80.2,81.66 2 0
sun-stockanalysis-api/internal/repository/stock_daily.go:21.64,23.2 1 0
sun-stockanalysis-api/internal/repository/stock_daily.go:25.76,26.19 1 0
sun-stockanalysis-api/internal/repository/stock_daily.go:26.19,28.3 1 0
sun-stockanalysis-api/internal/repository/stock_daily.go:29.2,29.34 1 0
sun-stockanalysis-api/internal/repository/stock_daily.go:32.98,33.18 1 0
sun-stockanalysis-api/internal/repository/stock_daily.go:33.18,35.3 1 0
sun-stockanalysis-api/internal/repository/stock_daily.go:36.2,40.36 2 0
sun-stockanalysis-api/internal/repository/stock_daily.go:40.36,42.3 1 0
sun-stockanalysis-api/internal/repository/stock_daily.go:43.2,43.21 1 0
sun-stockanalysis-api/internal/repository/stock_daily.go:46.93,47.18 1 0
sun-stockanalysis-api/internal/repository/stock_daily.go:47.18,49.3 1 0
sun-stockanalysis-api/internal/repository/stock_daily.go:50.2,54.36 2 0
sun-stockanalysis-api/internal/repository/stock_daily.go:54.36,56.3 1 0
sun-stockanalysis-api/internal/repository/stock_daily.go:57.2,57.21 1 0
sun-stockanalysis-api/internal/repository/stock_quotes.go:26.64,28.2 1 0
sun-stockanalysis-api/internal/repository/stock_quotes.go:30.75,31.18 1 0
sun-stockanalysis-api/internal/repository/stock_quotes.go:31.18,33.3 1 0
sun-stockanalysis-api/internal/repository/stock_quotes.go:34.2,34.33 1 0
sun-stockanalysis-api/internal/repository/stock_quotes.go:37.98,38.18 1 0
sun-stockanalysis-api/internal/repository/stock_quotes.go:38.18,40.3 1 0
sun-stockanalysis-api/internal/repository/stock_quotes.go:41.2,45.35 2 0
sun-stockanalysis-api/internal/repository/stock_quotes.go:45.35,47.3 1 0
sun-stockanalysis-api/internal/repository/stock_quotes.go:48.2,48.20 1 0
sun-stockanalysis-api/internal/repository/stock_quotes.go:51.139,52.18 1 0
sun-stockanalysis-api/internal/repository/stock_quotes.go:52.18,54.3 1 0
sun-stockanalysis-api/internal/repository/stock_quotes.go:55.2,55.16 1 0
sun-stockanalysis-api/internal/repository/stock_quotes.go:55.16,57.3 1 0
sun-stockanalysis-api/internal/repository/stock_quotes.go:58.2,63.35 2 0
sun-stockanalysis-api/internal/repository/stock_quotes.go:63.35,65.3 1 0
sun-stockanalysis-api/internal/repository/stock_quotes.go:66.2,66.20 1 0
sun-stockanalysis-api/internal/repository/stock_quotes.go:69.122,70.18 1 0
sun-stockanalysis-api/internal/repository/stock_quotes.go:70.18,72.3 1 0
sun-stockanalysis-api/internal/repository/stock_quotes.go:73.2,77.35 2 0
sun-stockanalysis-api/internal/repository/stock_quotes.go:77.35,79.3 1 0
sun-stockanalysis-api/internal/repository/stock_quotes.go:80.2,80.20 1 0
sun-stockanalysis-api/internal/repository/stock_quotes.go:83.75,87.35 2 0
sun-stockanalysis-api/internal/repository/stock_quotes.go:87.35,89.3 1 0
sun-stockanalysis-api/internal/repository/stock_quotes.go:90.2,90.20 1 0
sun-stockanalysis-api/internal/repository/stock_quotes.go:93.93,94.18 1 0
sun-stockanalysis-api/internal/repository/stock_quotes.go:94.18,96.3 1 0
sun-stockanalysis-api/internal/repository/stock_quotes.go:97.2,101.35 2 0
sun-stockanalysis-api/internal/repository/stock_quotes.go:101.35,103.3 1 0
sun-stockanalysis-api/internal/repository/stock_quotes.go:104.2,104.20 1 0
sun-stockanalysis-api/internal/repository/stock_quotes.go:107.68,108.16 1 0
sun-stockanalysis-api/internal/repository/stock_quotes.go:108.16,110.3 1 0
sun-stockanalysis-api/internal/repository/stock_quotes.go:111.2,113.37 1 0
sun-stockanalysis-api/internal/repository/user.go:24.52,26.2 1 0
sun-stockanalysis-api/internal/repository/user.go:28.78,30.86 2 0
sun-stockanalysis-api/internal/repository/user.go:30.86,32.3 1 0
sun-stockanalysis-api/internal/repository/user.go:33.2,33.16 1 0
sun-stockanalysis-api/internal/repository/user.go:36.75,38.80 2 0
sun-stockanalysis-api/internal/repository/user.go:38.80,40.3 1 0
sun-stockanalysis-api/internal/repository/user.go:41.2,41.16 1 0
sun-stockanalysis-api/internal/repository/user.go:44.72,48.35 2 0
sun-stockanalysis-api/internal/repository/user.go:48.35,50.3 1 0
sun-stockanalysis-api/internal/repository/user.go:51.2,51.23 1 0
sun-stockanalysis-api/internal/repository/user.go:54.62,56.2 1 0
sun-stockanalysis-api/internal/repository/user.go:58.82,62.2 1 0
sun-stockanalysis-api/internal/mocks/repository/healthrepository_mock.go:20.73,22.2 1 0
sun-stockanalysis-api/internal/mocks/repository/healthrepository_mock.go:25.74,28.19 2 0
sun-stockanalysis-api/internal/mocks/repository/healthrepository_mock.go:28.19,29.55 1 0
sun-stockanalysis-api/internal/mocks/repository/healthrepository_mock.go:32.2,33.60 2 0
sun-stockanalysis-api/internal/mocks/repository/healthrepository_mock.go:33.60,35.3 1 0
sun-stockanalysis-api/internal/mocks/repository/healthrepository_mock.go:35.8,37.3 1 0
sun-stockanalysis-api/internal/mocks/repository/healthrepository_mock.go:39.2,39.11 1 0
sun-stockanalysis-api/internal/mocks/repository/healthrepository_mock.go:49.114,51.2 1 0
sun-stockanalysis-api/internal/mocks/repository/healthrepository_mock.go:53.128,54.40 1 0
sun-stockanalysis-api/internal/mocks/repository/healthrepository_mock.go:54.40,56.3 1 0
sun-stockanalysis-api/internal/mocks/repository/healthrepository_mock.go:57.2,57.11 1 0
sun-stockanalysis-api/internal/mocks/repository/healthrepository_mock.go:60.111,63.2 2 0
sun-stockanalysis-api/internal/mocks/repository/healthrepository_mock.go:65.139,68.2 2 0
sun-stockanalysis-api/internal/mocks/repository/healthrepository_mock.go:75.26,79.19 3 0
sun-stockanalysis-api/internal/mocks/repository/healthrepository_mock.go:79.19,79.49 1 0
sun-stockanalysis-api/internal/mocks/repository/healthrepository_mock.go:81.2,81.13 1 0
sun-stockanalysis-api/internal/mocks/repository/refreshtokenrepository_mock.go:20.85,22.2 1 0
sun-stockanalysis-api/internal/mocks/repository/refreshtokenrepository_mock.go:25.81,28.19 2 0
sun-stockanalysis-api/internal/mocks/repository/refreshtokenrepository_mock.go:28.19,29.48 1 0
sun-stockanalysis-api/internal/mocks/repository/refreshtokenrepository_mock.go:32.2,33.66 2 0
sun-stockanalysis-api/internal/mocks/repository/refreshtokenrepository_mock.go:33.66,35.3 1 0
sun-stockanalysis-api/internal/mocks/repository/refreshtokenrepository_mock.go:35.8,37.3 1 0
sun-stockanalysis-api/internal/mocks/repository/refreshtokenrepository_mock.go:39.2,39.11 1 0
sun-stockanalysis-api/internal/mocks/repository/refreshtokenrepository_mock.go:49.114,51.2 1 0
sun-stockanalysis-api/internal/mocks/repository/refreshtokenrepository_mock.go:53.134,54.40 1 0
sun-stockanalysis-api/internal/mocks/repository/refreshtokenrepository_mock.go:54.40,56.3 1 0
sun-stockanalysis-api/internal/mocks/repository/refreshtokenrepository_mock.go:57.2,57.11 1 0
sun-stockanalysis-api/internal/mocks/repository/refreshtokenrepository_mock.go:60.109,63.2 2 0
sun-stockanalysis-api/internal/mocks/repository/refreshtokenrepository_mock.go:65.143,68.2 2 0
sun-stockanalysis-api/internal/mocks/repository/refreshtokenrepository_mock.go:71.94,74.19 2 0
sun-stockanalysis-api/internal/mocks/repository/refreshtokenrepository_mock.go:74.19,75.52 1 0
sun-stockanalysis-api/internal/mocks/repository/refreshtokenrepository_mock.go:78.2,80.76 3 0
sun-stockanalysis-api/internal/mocks/repository/refreshtokenrepository_mock.go:80.76,82.3 1 0
sun-stockanalysis-api/internal/mocks/repository/refreshtokenrepository_mock.go:83.2,83.67 1 0
sun-stockanalysis-api/internal/mocks/repository/refreshtokenrepository_mock.go:83.67,85.3 1 0
sun-stockanalysis-api/internal/mocks/repository/refreshtokenrepository_mock.go:85.8,86.24 1 0
sun-stockanalysis-api/internal/mocks/repository/refreshtokenrepository_mock.go:86.24,88.4 1 0
sun-stockanalysis-api/internal/mocks/repository/refreshtokenrepository_mock.go:91.2,91.51 1 0
sun-stockanalysis-api/internal/mocks/repository/refreshtokenrepository_mock.go:91.51,93.3 1 0
sun-stockanalysis-api/internal/mocks/repository/refreshtokenrepository_mock.go:93.8,95.3 1 0
sun-stockanalysis-api/internal/mocks/repository/refreshtokenrepository_mock.go:97.2,97.15 1 0
sun-stockanalysis-api/internal/mocks/repository/refreshtokenrepository_mock.go:107.121,109.2 1 0
sun-stockanalysis-api/internal/mocks/repository/refreshtokenrepository_mock.go:111.126,112.40 1 0
sun-stockanalysis-api/internal/mocks/repository/refreshtokenrepository_mock.go:112.40,114.3 1 0
sun-stockanalysis-api/internal/mocks/repository/refreshtokenrepository_mock.go:115.2,115.11 1 0
sun-stockanalysis-api/internal/mocks/repository/refreshtokenrepository_mock.go:118.144,121.2 2 0
sun-stockanalysis-api/internal/mocks/repository/refreshtokenrepository_mock.go:123.161,126.2 2 0
sun-stockanalysis-api/internal/mocks/repository/refreshtokenrepository_mock.go:129.90,132.19 2 0
sun-stockanalysis-api/internal/mocks/repository/refreshtokenrepository_mock.go:132.19,133.54 1 0
sun-stockanalysis-api/internal/mocks/repository/refreshtokenrepository_mock.go:136.2,137.60 2 0
sun-stockanalysis-api/internal/mocks/repository/refreshtokenrepository_mock.go:137.60,139.3 1 0
sun-stockanalysis-api/internal/mocks/repository/refreshtokenrepository_mock.go:139.8,141.3 1 0
sun-stockanalysis-api/internal/mocks/repository/refreshtokenrepository_mock.go:143.2,143.11 1 0
sun-stockanalysis-api/internal/mocks/repository/refreshtokenrepository_mock.go:154.148,156.2 1 0
sun-stockanalysis-api/internal/mocks/repository/refreshtokenrepository_mock.go:158.149,159.40 1 0
sun-stockanalysis-api/internal/mocks/repository/refreshtokenrepository_mock.go:159.40,161.3 1 0
sun-stockanalysis-api/internal/mocks/repository/refreshtokenrepository_mock.go:162.2,162.11 1 0
sun-stockanalysis-api/internal/mocks/repository/refreshtokenrepository_mock.go:165.121,168.2 2 0
sun-stockanalysis-api/internal/mocks/repository/refreshtokenrepository_mock.go:170.149,173.2 2 0
sun-stockanalysis-api/internal/mocks/repository/refreshtokenrepository_mock.go:180.32,184.19 3 0
sun-stockanalysis-api/internal/mocks/repository/refreshtokenrepository_mock.go:184.19,184.49 1 0
sun-stockanalysis-api/internal/mocks/repository/refreshtokenrepository_mock.go:186.2,186.13 1 0
sun-stockanalysis-api/internal/mocks/repository/stockrepository_mock.go:22.71,24.2 1 0
sun-stockanalysis-api/internal/mocks/repository/stockrepository_mock.go:27.66,30.19 2 0
sun-stockanalysis-api/internal/mocks/repository/stockrepository_mock.go:30.19,31.48 1 0
sun-stockanalysis-api/internal/mocks/repository/stockrepository_mock.go:34.2,35.58 2 0
sun-stockanalysis-api/internal/mocks/repository/stockrepository_mock.go:35.58,37.3 1 0
sun-stockanalysis-api/internal/mocks/repository/stockrepository_mock.go:37.8,39.3 1 0
sun-stockanalysis-api/internal/mocks/repository/stockrepository_mock.go:41.2,41.11 1 0
sun-stockanalysis-api/internal/mocks/repository/stockrepository_mock.go:51.100,53.2 1 0
sun-stockanalysis-api/internal/mocks/repository/stockrepository_mock.go:55.112,56.40 1 0
sun-stockanalysis-api/internal/mocks/repository/stockrepository_mock.go:56.40,58.3 1 0
sun-stockanalysis-api/internal/mocks/repository/stockrepository_mock.go:59.2,59.11 1 0
sun-stockanalysis-api/internal/mocks/repository/stockrepository_mock.go:62.95,65.2 2 0
sun-stockanalysis-api/internal/mocks/repository/stockrepository_mock.go:67.121,70.2 2 0
sun-stockanalysis-api/internal/mocks/repository/stockrepository_mock.go:73.73,76.19 2 0
sun-stockanalysis-api/internal/mocks/repository/stockrepository_mock.go:76.19,77.63 1 0
sun-stockanalysis-api/internal/mocks/repository/stockrepository_mock.go:80.2,81.51 2 0
sun-stockanalysis-api/internal/mocks/repository/stockrepository_mock.go:81.51,83.3 1 0
sun-stockanalysis-api/internal/mocks/repository/stockrepository_mock.go:83.8,85.3 1 0
sun-stockanalysis-api/internal/mocks/repository/stockrepository_mock.go:87.2,87.11 1 0
sun-stockanalysis-api/internal/mocks/repository/stockrepository_mock.go:97.129,99.2 1 0
sun-stockanalysis-api/internal/mocks/repository/stockrepository_mock.go:101.134,102.40 1 0
sun-stockanalysis-api/internal/mocks/repository/stockrepository_mock.go:102.40,104.3 1 0
sun-stockanalysis-api/internal/mocks/repository/stockrepository_mock.go:105.2,105.11 1 0
sun-stockanalysis-api/internal/mocks/repository/stockrepository_mock.go:108.125,111.2 2 0
sun-stockanalysis-api/internal/mocks/repository/stockrepository_mock.go:113.144,116.2 2 0
sun-stockanalysis-api/internal/mocks/repository/stockrepository_mock.go:119.72,122.19 2 0
sun-stockanalysis-api/internal/mocks/repository/stockrepository_mock.go:122.19,123.62 1 0
sun-stockanalysis-api/internal/mocks/repository/stockrepository_mock.go:126.2,127.51 2 0
sun-stockanalysis-api/internal/mocks/repository/stockrepository_mock.go:127.51,129.3 1 0
sun-stockanalysis-api/internal/mocks/repository/stockrepository_mock.go:129.8,131.3 1 0
sun-stockanalysis-api/internal/mocks/repository/stockrepository_mock.go:133.2,133.11 1 0
sun-stockanalysis-api/internal/mocks/repository/stockrepository_mock.go:143.127,145.2 1 0
sun-stockanalysis-api/internal/mocks/repository/stockrepository_mock.go:147.132,148.40 1 0
sun-stockanalysis-api/internal/mocks/repository/stockrepository_mock.go:148.40,150.3 1 0
sun-stockanalysis-api/internal/mocks/repository/stockrepository_mock.go:151.2,151.11 1 0
sun-stockanalysis-api/internal/mocks/repository/stockrepository_mock.go:154.123,157.2 2 0
sun-stockanalysis-api/internal/mocks/repository/stockrepository_mock.go:159.142,162.2 2 0
sun-stockanalysis-api/internal/mocks/repository/stockrepository_mock.go:165.70,168.19 2 0
sun-stockanalysis-api/internal/mocks/repository/stockrepository_mock.go:168.19,169.60 1 0
sun-stockanalysis-api/internal/mocks/repository/stockrepository_mock.go:172.2,173.51 2 0
sun-stockanalysis-api/internal/mocks/repository/stockrepository_mock.go:173.51,175.3 1 0
sun-stockanalysis-api/internal/mocks/repository/stockrepository_mock.go:175.8,177.3 1 0
sun-stockanalysis-api/internal/mocks/repository/stockrepository_mock.go:179.2,179.11 1 0
sun-stockanalysis-api/internal/mocks/repository/stockrepository_mock.go:189.123,191.2 1 0
sun-stockanalysis-api/internal/mocks/repository/stockrepository_mock.go:193.128,194.40 1 0
sun-stockanalysis-api/internal/mocks/repository/stockrepository_mock.go:194.40,196.3 1 0
sun-stockanalysis-api/internal/mocks/repository/stockrepository_mock.go:197.2,197.11 1 0
sun-stockanalysis-api/internal/mocks/repository/stockrepository_mock.go:200.119,203.2 2 0
sun-stockanalysis-api/internal/mocks/repository/stockrepository_mock.go:205.138,208.2 2 0
sun-stockanalysis-api/internal/mocks/repository/stockrepository_mock.go:211.78,214.19 2 0
sun-stockanalysis-api/internal/mocks/repository/stockrepository_mock.go:214.19,215.50 1 0
sun-stockanalysis-api/internal/mocks/repository/stockrepository_mock.go:218.2,220.71 3 0
sun-stockanalysis-api/internal/mocks/repository/stockrepository_mock.go:220.71,222.3 1 0
sun-stockanalysis-api/internal/mocks/repository/stockrepository_mock.go:223.2,223.62 1 0
sun-stockanalysis-api/internal/mocks/repository/stockrepository_mock.go:223.62,225.3 1 0
sun-stockanalysis-api/internal/mocks/repository/stockrepository_mock.go:225.8,226.24 1 0
sun-stockanalysis-api/internal/mocks/repository/stockrepository_mock.go:226.24,228.4 1 0
sun-stockanalysis-api/internal/mocks/repository/stockrepository_mock.go:231.2,231.54 1 0
sun-stockanalysis-api/internal/mocks/repository/stockrepository_mock.go:231.54,233.3 1 0
sun-stockanalysis-api/internal/mocks/repository/stockrepository_mock.go:233.8,235.3 1 0
sun-stockanalysis-api/internal/mocks/repository/stockrepository_mock.go:237.2,237.15 1 0
sun-stockanalysis-api/internal/mocks/repository/stockrepository_mock.go:247.101,249.2 1 0
sun-stockanalysis-api/internal/mocks/repository/stockrepository_mock.go:251.109,252.40 1 0
sun-stockanalysis-api/internal/mocks/repository/stockrepository_mock.go:252.40,254.3 1 0
sun-stockanalysis-api/internal/mocks/repository/stockrepository_mock.go:255.2,255.11 1 0
sun-stockanalysis-api/internal/mocks/repository/stockrepository_mock.go:258.118,261.2 2 0
sun-stockanalysis-api/internal/mocks/repository/stockrepository_mock.go:263.138,266.2 2 0
sun-stockanalysis-api/internal/mocks/repository/stockrepository_mock.go:273.25,277.19 3 0
sun-stockanalysis-api/internal/mocks/repository/stockrepository_mock.go:277.19,277.49 1 0
sun-stockanalysis-api/internal/mocks/repository/stockrepository_mock.go:279.2,279.13 1 0
sun-stockanalysis-api/internal/mocks/repository/userrepository_mock.go:24.69,26.2 1 0
sun-stockanalysis-api/internal/mocks/repository/userrepository_mock.go:29.63,32.19 2 0
sun-stockanalysis-api/internal/mocks/repository/userrepository_mock.go:32.19,33.48 1 0
sun-stockanalysis-api/internal/mocks/repository/userrepository_mock.go:36.2,37.57 2 0
sun-stockanalysis-api/internal/mocks/repository/userrepository_mock.go:37.57,39.3 1 0
sun-stockanalysis-api/internal/mocks/repository/userrepository_mock.go:39.8,41.3 1 0
sun-stockanalysis-api/internal/mocks/repository/userrepository_mock.go:43.2,43.11 1 0
sun-stockanalysis-api/internal/mocks/repository/userrepository_mock.go:53.97,55.2 1 0
sun-stockanalysis-api/internal/mocks/repository/userrepository_mock.go:57.108,58.40 1 0
sun-stockanalysis-api/internal/mocks/repository/userrepository_mock.go:58.40,60.3 1 0
sun-stockanalysis-api/internal/mocks/repository/userrepository_mock.go:61.2,61.11 1 0
sun-stockanalysis-api/internal/mocks/repository/userrepository_mock.go:64.93,67.2 2 0
sun-stockanalysis-api/internal/mocks/repository/userrepository_mock.go:69.118,72.2 2 0
sun-stockanalysis-api/internal/mocks/repository/userrepository_mock.go:75.73,78.19 2 0
sun-stockanalysis-api/internal/mocks/repository/userrepository_mock.go:78.19,79.55 1 0
sun-stockanalysis-api/internal/mocks/repository/userrepository_mock.go:82.2,84.59 3 0
sun-stockanalysis-api/internal/mocks/repository/userrepository_mock.go:84.59,86.3 1 0
sun-stockanalysis-api/internal/mocks/repository/userrepository_mock.go:87.2,87.50 1 0
sun-stockanalysis-api/internal/mocks/repository/userrepository_mock.go:87.50,89.3 1 0
sun-stockanalysis-api/internal/mocks/repository/userrepository_mock.go:89.8,91.3 1 0
sun-stockanalysis-api/internal/mocks/repository/userrepository_mock.go:93.2,93.51 1 0
sun-stockanalysis-api/internal/mocks/repository/userrepository_mock.go:93.51,95.3 1 0
sun-stockanalysis-api/internal/mocks/repository/userrepository_mock.go:95.8,97.3 1 0
sun-stockanalysis-api/internal/mocks/repository/userrepository_mock.go:99.2,99.15 1 0
sun-stockanalysis-api/internal/mocks/repository/userrepository_mock.go:109.112,111.2 1 0
sun-stockanalysis-api/internal/mocks/repository/userrepository_mock.go:113.117,114.40 1 0
sun-stockanalysis-api/internal/mocks/repository/userrepository_mock.go:114.40,116.3 1 0
sun-stockanalysis-api/internal/mocks/repository/userrepository_mock.go:117.2,117.11 1 0
sun-stockanalysis-api/internal/mocks/repository/userrepository_mock.go:120.117,123.2 2 0
sun-stockanalysis-api/internal/mocks/repository/userrepository_mock.go:125.134,128.2 2 0
sun-stockanalysis-api/internal/mocks/repository/userrepository_mock.go:131.79,134.19 2 0
sun-stockanalysis-api/internal/mocks/repository/userrepository_mock.go:134.19,135.53 1 0
sun-stockanalysis-api/internal/mocks/repository/userrepository_mock.go:138.2,140.67 3 0
sun-stockanalysis-api/internal/mocks/repository/userrepository_mock.go:140.67,142.3 1 0
sun-stockanalysis-api/internal/mocks/repository/userrepository_mock.go:143.2,143.58 1 0
sun-stockanalysis-api/internal/mocks/repository/userrepository_mock.go:143.58,145.3 1 0
sun-stockanalysis-api/internal/mocks/repository/userrepository_mock.go:145.8,146.24 1 0
sun-stockanalysis-api/internal/mocks/repository/userrepository_mock.go:146.24,148.4 1 0
sun-stockanalysis-api/internal/mocks/repository/userrepository_mock.go:151.2,151.51 1 0
sun-stockanalysis-api/internal/mocks/repository/userrepository_mock.go:151.51,153.3 1 0
sun-stockanalysis-api/internal/mocks/repository/userrepository_mock.go:153.8,155.3 1 0
sun-stockanalysis-api/internal/mocks/repository/userrepository_mock.go:157.2,157.15 1 0
sun-stockanalysis-api/internal/mocks/repository/userrepository_mock.go:167.108,169.2 1 0
sun-stockanalysis-api/internal/mocks/repository/userrepository_mock.go:171.113,172.40 1 0
sun-stockanalysis-api/internal/mocks/repository/userrepository_mock.go:172.40,174.3 1 0
sun-stockanalysis-api/internal/mocks/repository/userrepository_mock.go:175.2,175.11 1 0
sun-stockanalysis-api/internal/mocks/repository/userrepository_mock.go:178.121,181.2 2 0
sun-stockanalysis-api/internal/mocks/repository/userrepository_mock.go:183.138,186.2 2 0
sun-stockanalysis-api/internal/mocks/repository/userrepository_mock.go:189.76,192.19 2 0
sun-stockanalysis-api/internal/mocks/repository/userrepository_mock.go:192.19,193.50 1 0
sun-stockanalysis-api/internal/mocks/repository/userrepository_mock.go:196.2,198.70 3 0
sun-stockanalysis-api/internal/mocks/repository/userrepository_mock.go:198.70,200.3 1 0
sun-stockanalysis-api/internal/mocks/repository/userrepository_mock.go:201.2,201.61 1 0
sun-stockanalysis-api/internal/mocks/repository/userrepository_mock.go:201.61,203.3 1 0
sun-stockanalysis-api/internal/mocks/repository/userrepository_mock.go:203.8,204.24 1 0
sun-stockanalysis-api/internal/mocks/repository/userrepository_mock.go:204.24,206.4 1 0
sun-stockanalysis-api/internal/mocks/repository/userrepository_mock.go:209.2,209.54 1 0
sun-stockanalysis-api/internal/mocks/repository/userrepository_mock.go:209.54,211.3 1 0
sun-stockanalysis-api/internal/mocks/repository/userrepository_mock.go:211.8,213.3 1 0
sun-stockanalysis-api/internal/mocks/repository/userrepository_mock.go:215.2,215.15 1 0
sun-stockanalysis-api/internal/mocks/repository/userrepository_mock.go:225.99,227.2 1 0
sun-stockanalysis-api/internal/mocks/repository/userrepository_mock.go:229.107,230.40 1 0
sun-stockanalysis-api/internal/mocks/repository/userrepository_mock.go:230.40,232.3 1 0
sun-stockanalysis-api/internal/mocks/repository/userrepository_mock.go:233.2,233.11 1 0
sun-stockanalysis-api/internal/mocks/repository/userrepository_mock.go:236.115,239.2 2 0
sun-stockanalysis-api/internal/mocks/repository/userrepository_mock.go:241.135,244.2 2 0
sun-stockanalysis-api/internal/mocks/repository/userrepository_mock.go:247.83,250.19 2 0
sun-stockanalysis-api/internal/mocks/repository/userrepository_mock.go:250.19,251.57 1 0
sun-stockanalysis-api/internal/mocks/repository/userrepository_mock.go:254.2,255.65 2 0
sun-stockanalysis-api/internal/mocks/repository/userrepository_mock.go:255.65,257.3 1 0
sun-stockanalysis-api/internal/mocks/repository/userrepository_mock.go:257.8,259.3 1 0
sun-stockanalysis-api/internal/mocks/repository/userrepository_mock.go:261.2,261.11 1 0
sun-stockanalysis-api/internal/mocks/repository/userrepository_mock.go:272.131,274.2 1 0
sun-stockanalysis-api/internal/mocks/repository/userrepository_mock.go:276.137,277.40 1 0
sun-stockanalysis-api/internal/mocks/repository/userrepository_mock.go:277.40,279.3 1 0
sun-stockanalysis-api/internal/mocks/repository/userrepository_mock.go:280.2,280.11 1 0
sun-stockanalysis-api/internal/mocks/repository/userrepository_mock.go:283.111,286.2 2 0
sun-stockanalysis-api/internal/mocks/repository/userrepository_mock.go:288.144,291.2 2 0
sun-stockanalysis-api/internal/mocks/repository/userrepository_mock.go:298.24,302.19 3 0
sun-stockanalysis-api/internal/mocks/repository/userrepository_mock.go:302.19,302.49 1 0
sun-stockanalysis-api/internal/mocks/repository/userrepository_mock.go:304.2,304.13 1 0
sun-stockanalysis-api/internal/routes/routes_auth.go:11.77,32.2 3 0
sun-stockanalysis-api/internal/routes/routes_base.go:3.24,5.2 1 0
sun-stockanalysis-api/internal/routes/routes_company_news.go:11.135,21.2 3 0
sun-stockanalysis-api/internal/routes/routes_health.go:11.79,25.2 3 0
sun-stockanalysis-api/internal/routes/routes_relation_news.go:11.136,22.2 3 0
sun-stockanalysis-api/internal/routes/routes_stock.go:11.129,36.2 5 0
sun-stockanalysis-api/internal/routes/routes_stock_daily.go:11.134,21.2 3 0
sun-stockanalysis-api/internal/routes/routes_stock_quotes.go:11.134,21.2 3 0
sun-stockanalysis-api/pkg/logger/logger.go:20.38,25.15 4 0
sun-stockanalysis-api/pkg/logger/logger.go:26.15,27.58 1 0
sun-stockanalysis-api/pkg/logger/logger.go:28.14,29.57 1 0
sun-stockanalysis-api/pkg/logger/logger.go:30.14,31.57 1 0
sun-stockanalysis-api/pkg/logger/logger.go:32.15,33.58 1 0
sun-stockanalysis-api/pkg/logger/logger.go:34.10,35.57 1 0
sun-stockanalysis-api/pkg/logger/logger.go:38.2,39.35 2 0
sun-stockanalysis-api/pkg/logger/logger.go:42.76,43.40 1 0
sun-stockanalysis-api/pkg/logger/logger.go:43.40,45.3 1 0
sun-stockanalysis-api/pkg/logger/logger.go:46.2,46.16 1 0
sun-stockanalysis-api/pkg/logger/logger.go:46.16,48.3 1 0
sun-stockanalysis-api/pkg/logger/logger.go:49.2,49.52 1 0
sun-stockanalysis-api/pkg/logger/logger.go:49.52,50.45 1 0
sun-stockanalysis-api/pkg/logger/logger.go:50.45,52.4 1 0
sun-stockanalysis-api/pkg/logger/logger.go:54.2,54.24 1 0
sun-stockanalysis-api/pkg/logger/logger.go:57.60,59.2 1 0
sun-stockanalysis-api/pkg/logger/logger.go:61.60,63.2 1 0
sun-stockanalysis-api/pkg/logger/logger.go:65.61,67.2 1 0
sun-stockanalysis-api/pkg/logger/logger.go:69.61,71.2 1 0
sun-stockanalysis-api/pkg/logger/logger.go:73.61,75.2 1 0
sun-stockanalysis-api/internal/handler/auth_middleware.go:21.92,22.57 1 0
sun-stockanalysis-api/internal/handler/auth_middleware.go:22.57,23.19 1 0
sun-stockanalysis-api/internal/handler/auth_middleware.go:23.19,26.4 2 0
sun-stockanalysis-api/internal/handler/auth_middleware.go:28.3,30.85 2 0
sun-stockanalysis-api/internal/handler/auth_middleware.go:30.85,33.4 2 0
sun-stockanalysis-api/internal/handler/auth_middleware.go:35.3,37.24 2 0
sun-stockanalysis-api/internal/handler/auth_middleware.go:37.24,40.4 2 0
sun-stockanalysis-api/internal/handler/auth_middleware.go:42.3,47.19 3 0
sun-stockanalysis-api/internal/handler/auth_middleware.go:47.19,49.4 1 0
sun-stockanalysis-api/internal/handler/auth_middleware.go:51.3,51.98 1 0
sun-stockanalysis-api/internal/handler/auth_middleware.go:51.98,52.55 1 0
sun-stockanalysis-api/internal/handler/auth_middleware.go:52.55,54.5 1 0
sun-stockanalysis-api/internal/handler/auth_middleware.go:55.4,55.30 1 0
sun-stockanalysis-api/internal/handler/auth_middleware.go:58.3,58.57 1 0
sun-stockanalysis-api/internal/handler/auth_middleware.go:58.57,70.4 3 0
sun-stockanalysis-api/internal/handler/auth_middleware.go:72.3,72.62 1 0
sun-stockanalysis-api/internal/handler/auth_middleware.go:76.71,81.2 4 0
sun-stockanalysis-api/internal/handler/auth_middleware.go:83.53,84.20 1 0
sun-stockanalysis-api/internal/handler/auth_middleware.go:85.29,86.57 1 0
sun-stockanalysis-api/internal/handler/auth_middleware.go:87.31,88.57 1 0
sun-stockanalysis-api/internal/handler/auth_middleware.go:89.33,90.61 1 0
sun-stockanalysis-api/internal/handler/auth_middleware.go:91.38,92.55 1 0
sun-stockanalysis-api/internal/handler/auth_middleware.go:93.10,94.57 1 0
sun-stockanalysis-api/internal/handler/handler.go:12.108,24.2 8 0
sun-stockanalysis-api/pkg/response/response.go:16.44,25.2 1 0
sun-stockanalysis-api/pkg/response/response.go:27.59,36.2 1 0
sun-stockanalysis-api/internal/domains/stock_quotes/service.go:70.21,71.23 1 0
sun-stockanalysis-api/internal/domains/stock_quotes/service.go:71.23,73.3 1 0
sun-stockanalysis-api/internal/domains/stock_quotes/service.go:74.2,82.3 1 0
sun-stockanalysis-api/internal/domains/stock_quotes/service.go:85.60,89.21 3 0
sun-stockanalysis-api/internal/domains/stock_quotes/service.go:89.21,91.3 1 0
sun-stockanalysis-api/internal/domains/stock_quotes/service.go:92.2,94.18 3 0
sun-stockanalysis-api/internal/domains/stock_quotes/service.go:97.40,101.21 3 0
sun-stockanalysis-api/internal/domains/stock_quotes/service.go:101.21,103.3 1 0
sun-stockanalysis-api/internal/domains/stock_quotes/service.go:104.2,105.16 2 0
sun-stockanalysis-api/internal/domains/stock_quotes/service.go:108.62,110.2 1 0
sun-stockanalysis-api/internal/domains/stock_quotes/service.go:112.103,113.9 1 0
sun-stockanalysis-api/internal/domains/stock_quotes/service.go:114.20,115.24 1 0
sun-stockanalysis-api/internal/domains/stock_quotes/service.go:116.10,116.10 0 0
sun-stockanalysis-api/internal/domains/stock_quotes/service.go:118.2,118.37 1 0
sun-stockanalysis-api/internal/domains/stock_quotes/service.go:118.37,120.3 1 0
sun-stockanalysis-api/internal/domains/stock_quotes/service.go:121.2,121.60 1 0
sun-stockanalysis-api/internal/domains/stock_quotes/service.go:124.58,128.6 3 0
sun-stockanalysis-api/internal/domains/stock_quotes/service.go:128.6,129.10 1 0
sun-stockanalysis-api/internal/domains/stock_quotes/service.go:130.21,131.10 1 0
sun-stockanalysis-api/internal/domains/stock_quotes/service.go:132.19,132.19 0 0
sun-stockanalysis-api/internal/domains/stock_quotes/service.go:134.3,134.26 1 0
sun-stockanalysis-api/internal/domains/stock_quotes/service.go:149.90,151.16 2 0
sun-stockanalysis-api/internal/domains/stock_quotes/service.go:151.16,153.3 1 0
sun-stockanalysis-api/internal/domains/stock_quotes/service.go:154.2,159.16 5 0
sun-stockanalysis-api/internal/domains/stock_quotes/service.go:159.16,161.3 1 0
sun-stockanalysis-api/internal/domains/stock_quotes/service.go:162.2,165.16 3 0
sun-stockanalysis-api/internal/domains/stock_quotes/service.go:165.16,167.3 1 0
sun-stockanalysis-api/internal/domains/stock_quotes/service.go:168.2,170.53 2 0
sun-stockanalysis-api/internal/domains/stock_quotes/service.go:170.53,173.3 2 0
sun-stockanalysis-api/internal/domains/stock_quotes/service.go:175.2,176.67 2 0
sun-stockanalysis-api/internal/domains/stock_quotes/service.go:176.67,178.3 1 0
sun-stockanalysis-api/internal/domains/stock_quotes/service.go:179.2,179.20 1 0
sun-stockanalysis-api/internal/domains/stock_quotes/service.go:182.71,184.37 2 0
sun-stockanalysis-api/internal/domains/stock_quotes/service.go:184.37,186.3 1 0
sun-stockanalysis-api/internal/domains/stock_quotes/service.go:188.2,188.33 1 0
sun-stockanalysis-api/internal/domains/stock_quotes/service.go:188.33,189.10 1 0
sun-stockanalysis-api/internal/domains/stock_quotes/service.go:190.21,191.10 1 0
sun-stockanalysis-api/internal/domains/stock_quotes/service.go:192.11,192.11 0 0
sun-stockanalysis-api/internal/domains/stock_quotes/service.go:194.3,195.19 2 0
sun-stockanalysis-api/internal/domains/stock_quotes/service.go:195.19,196.12 1 0
sun-stockanalysis-api/internal/domains/stock_quotes/service.go:198.3,199.33 2 0
sun-stockanalysis-api/internal/domains/stock_quotes/service.go:199.33,200.12 1 0
sun-stockanalysis-api/internal/domains/stock_quotes/service.go:202.3,203.60 2 0
sun-stockanalysis-api/internal/domains/stock_quotes/service.go:203.60,204.12 1 0
sun-stockanalysis-api/internal/domains/stock_quotes/service.go:206.3,212.21 7 0
sun-stockanalysis-api/internal/domains/stock_quotes/service.go:212.21,214.4 1 0
sun-stockanalysis-api/internal/domains/stock_quotes/service.go:214.9,214.28 1 0
sun-stockanalysis-api/internal/domains/stock_quotes/service.go:214.28,216.4 1 0
sun-stockanalysis-api/internal/domains/stock_quotes/service.go:216.9,216.29 1 0
sun-stockanalysis-api/internal/domains/stock_quotes/service.go:216.29,218.4 1 0
sun-stockanalysis-api/internal/domains/stock_quotes/service.go:219.3,219.18 1 0
sun-stockanalysis-api/internal/domains/stock_quotes/service.go:219.18,222.4 2 0
sun-stockanalysis-api/internal/domains/stock_quotes/service.go:223.3,238.18 4 0
sun-stockanalysis-api/internal/domains/stock_quotes/service.go:238.18,239.12 1 0
sun-stockanalysis-api/internal/domains/stock_quotes/service.go:241.3,241.28 1 0
sun-stockanalysis-api/internal/domains/stock_quotes/service.go:241.28,243.4 1 0
sun-stockanalysis-api/internal/domains/stock_quotes/service.go:247.108,248.17 1 0
sun-stockanalysis-api/internal/domains/stock_quotes/service.go:248.17,250.3 1 0
sun-stockanalysis-api/internal/domains/stock_quotes/service.go:251.2,252.17 2 0
sun-stockanalysis-api/internal/domains/stock_quotes/service.go:252.17,254.3 1 0
sun-stockanalysis-api/internal/domains/stock_quotes/service.go:255.2,255.16 1 0
sun-stockanalysis-api/internal/domains/stock_quotes/service.go:256.19,257.23 1 0
sun-stockanalysis-api/internal/domains/stock_quotes/service.go:258.20,259.24 1 0
sun-stockanalysis-api/internal/domains/stock_quotes/service.go:262.2,263.42 2 0
sun-stockanalysis-api/internal/domains/stock_quotes/service.go:266.48,267.53 1 0
sun-stockanalysis-api/internal/domains/stock_quotes/service.go:267.53,269.3 1 0
sun-stockanalysis-api/internal/domains/stock_quotes/service.go:270.2,270.17 1 0
sun-stockanalysis-api/internal/domains/stock_quotes/service.go:273.46,275.15 2 0
sun-stockanalysis-api/internal/domains/stock_quotes/service.go:275.15,277.3 1 0
sun-stockanalysis-api/internal/domains/stock_quotes/service.go:278.2,279.26 2 0
sun-stockanalysis-api/internal/domains/stock_quotes/service.go:279.26,281.3 1 0
sun-stockanalysis-api/internal/domains/stock_quotes/service.go:282.2,282.10 1 0
sun-stockanalysis-api/internal/realtime/alert_hub.go:20.30,24.2 1 0
sun-stockanalysis-api/internal/realtime/alert_hub.go:26.51,27.29 1 0
sun-stockanalysis-api/internal/realtime/alert_hub.go:27.29,29.3 1 0
sun-stockanalysis-api/internal/realtime/alert_hub.go:30.2,32.15 3 0
sun-stockanalysis-api/internal/realtime/alert_hub.go:35.53,36.29 1 0
sun-stockanalysis-api/internal/realtime/alert_hub.go:36.29,38.3 1 0
sun-stockanalysis-api/internal/realtime/alert_hub.go:39.2,41.15 3 0
sun-stockanalysis-api/internal/realtime/alert_hub.go:44.69,45.30 1 0
sun-stockanalysis-api/internal/realtime/alert_hub.go:45.30,47.3 1 0
sun-stockanalysis-api/internal/realtime/alert_hub.go:48.2,59.28 4 0
sun-stockanalysis-api/internal/realtime/alert_hub.go:59.28,60.49 1 0
sun-stockanalysis-api/internal/realtime/alert_hub.go:60.49,63.4 2 0
sun-stockanalysis-api/internal/models/alert_events.go:15.38,17.2 1 0
sun-stockanalysis-api/internal/models/company_news.go:18.39,20.2 1 0
sun-stockanalysis-api/internal/models/local_time.go:20.42,22.2 1 0
sun-stockanalysis-api/internal/models/local_time.go:24.42,28.2 3 0
sun-stockanalysis-api/internal/models/local_time.go:30.50,32.17 2 0
sun-stockanalysis-api/internal/models/local_time.go:32.17,34.3 1 0
sun-stockanalysis-api/internal/models/local_time.go:35.2,35.71 1 0
sun-stockanalysis-api/internal/models/local_time.go:38.50,40.17 2 0
sun-stockanalysis-api/internal/models/local_time.go:40.17,42.3 1 0
sun-stockanalysis-api/internal/models/local_time.go:43.2,43.71 1 0
sun-stockanalysis-api/internal/models/local_time.go:46.51,47.14 1 0
sun-stockanalysis-api/internal/models/local_time.go:47.14,49.3 1 0
sun-stockanalysis-api/internal/models/local_time.go:50.2,51.46 2 0
sun-stockanalysis-api/internal/models/local_time.go:51.46,53.3 1 0
sun-stockanalysis-api/internal/models/local_time.go:54.2,54.13 1 0
sun-stockanalysis-api/internal/models/local_time.go:54.13,57.3 2 0
sun-stockanalysis-api/internal/models/local_time.go:58.2,59.16 2 0
sun-stockanalysis-api/internal/models/local_time.go:59.16,61.3 1 0
sun-stockanalysis-api/internal/models/local_time.go:62.2,63.12 2 0
sun-stockanalysis-api/internal/models/local_time.go:66.51,67.14 1 0
sun-stockanalysis-api/internal/models/local_time.go:67.14,69.3 1 0
sun-stockanalysis-api/internal/models/local_time.go:70.2,71.46 2 0
sun-stockanalysis-api/internal/models/local_time.go:71.46,73.3 1 0
sun-stockanalysis-api/internal/models/local_time.go:74.2,74.13 1 0
sun-stockanalysis-api/internal/models/local_time.go:74.13,77.3 2 0
sun-stockanalysis-api/internal/models/local_time.go:78.2,79.16 2 0
sun-stockanalysis-api/internal/models/local_time.go:79.16,81.3 1 0
sun-stockanalysis-api/internal/models/local_time.go:82.2,83.12 2 0
sun-stockanalysis-api/internal/models/local_time.go:86.50,88.17 2 0
sun-stockanalysis-api/internal/models/local_time.go:88.17,90.3 1 0
sun-stockanalysis-api/internal/models/local_time.go:91.2,91.38 1 0
sun-stockanalysis-api/internal/models/local_time.go:94.50,96.17 2 0
sun-stockanalysis-api/internal/models/local_time.go:96.17,98.3 1 0
sun-stockanalysis-api/internal/models/local_time.go:99.2,100.18 2 0
sun-stockanalysis-api/internal/models/local_time.go:103.51,104.14 1 0
sun-stockanalysis-api/internal/models/local_time.go:104.14,106.3 1 0
sun-stockanalysis-api/internal/models/local_time.go:107.2,107.27 1 0
sun-stockanalysis-api/internal/models/local_time.go:108.17,110.13 2 0
sun-stockanalysis-api/internal/models/local_time.go:111.14,112.34 1 0
sun-stockanalysis-api/internal/models/local_time.go:113.14,114.26 1 0
sun-stockanalysis-api/internal/models/local_time.go:115.11,117.13 2 0
sun-stockanalysis-api/internal/models/local_time.go:118.10,119.61 1 0
sun-stockanalysis-api/internal/models/local_time.go:123.51,124.14 1 0
sun-stockanalysis-api/internal/models/local_time.go:124.14,126.3 1 0
sun-stockanalysis-api/internal/models/local_time.go:127.2,127.27 1 0
sun-stockanalysis-api/internal/models/local_time.go:128.17,131.13 3 0
sun-stockanalysis-api/internal/models/local_time.go:132.14,133.34 1 0
sun-stockanalysis-api/internal/models/local_time.go:134.14,135.26 1 0
sun-stockanalysis-api/internal/models/local_time.go:136.11,138.13 2 0
sun-stockanalysis-api/internal/models/local_time.go:139.10,140.61 1 0
sun-stockanalysis-api/internal/models/local_time.go:144.49,145.13 1 0
sun-stockanalysis-api/internal/models/local_time.go:145.13,148.3 2 0
sun-stockanalysis-api/internal/models/local_time.go:149.2,150.16 2 0
sun-stockanalysis-api/internal/models/local_time.go:150.16,152.3 1 0
sun-stockanalysis-api/internal/models/local_time.go:153.2,154.12 2 0
sun-stockanalysis-api/internal/models/local_time.go:157.49,158.13 1 0
sun-stockanalysis-api/internal/models/local_time.go:158.13,161.3 2 0
sun-stockanalysis-api/internal/models/local_time.go:162.2,163.16 2 0
sun-stockanalysis-api/internal/models/local_time.go:163.16,165.3 1 0
sun-stockanalysis-api/internal/models/local_time.go:166.2,167.12 2 0
sun-stockanalysis-api/internal/models/market_open.go:16.38,18.2 1 0
sun-stockanalysis-api/internal/models/master.go:11.43,13.2 1 0
sun-stockanalysis-api/internal/models/master.go:21.42,23.2 1 0
sun-stockanalysis-api/internal/models/master.go:31.40,33.2 1 0
sun-stockanalysis-api/internal/models/relation_news.go:16.40,18.2 1 0
sun-stockanalysis-api/internal/models/stock_daily.go:25.38,27.2 1 0
sun-stockanalysis-api/internal/models/stock_quote.go:22.38,24.2 1 0
sun-stockanalysis-api/pkg/apierror/api_error.go:21.35,23.2 1 0
sun-stockanalysis-api/pkg/apierror/api_error.go:25.44,31.2 1 0
sun-stockanalysis-api/pkg/apierror/api_error.go:33.46,39.2 1 0
sun-stockanalysis-api/pkg/apierror/api_error.go:41.48,47.2 1 0
sun-stockanalysis-api/pkg/apierror/api_error.go:49.45,55.2 1 0
sun-stockanalysis-api/pkg/apierror/api_error.go:57.44,63.2 1 0
sun-stockanalysis-api/pkg/apierror/api_error.go:65.49,71.2 1 0
sun-stockanalysis-api/pkg/apierror/http.go:12.61,13.16 1 0
sun-stockanalysis-api/pkg/apierror/http.go:13.16,15.3 1 0
sun-stockanalysis-api/pkg/apierror/http.go:17.2,17.39 1 0
sun-stockanalysis-api/pkg/apierror/http.go:17.39,19.24 2 0
sun-stockanalysis-api/pkg/apierror/http.go:19.24,21.4 1 0
sun-stockanalysis-api/pkg/apierror/http.go:22.3,23.83 2 0
sun-stockanalysis-api/pkg/apierror/http.go:26.2,26.44 1 0
sun-stockanalysis-api/pkg/apierror/http.go:26.44,30.3 3 0
sun-stockanalysis-api/pkg/apierror/http.go:32.2,34.99 3 0
sun-stockanalysis-api/pkg/apierror/http.go:37.58,38.21 1 0
sun-stockanalysis-api/pkg/apierror/http.go:39.23,40.89 1 0
sun-stockanalysis-api/pkg/apierror/http.go:41.25,42.89 1 0
sun-stockanalysis-api/pkg/apierror/http.go:43.27,44.89 1 0
sun-stockanalysis-api/pkg/apierror/http.go:45.24,46.89 1 0
sun-stockanalysis-api/pkg/apierror/http.go:47.23,48.89 1 0
sun-stockanalysis-api/pkg/apierror/http.go:49.28,50.87 1 0
sun-stockanalysis-api/pkg/apierror/http.go:51.10,52.27 1 0
sun-stockanalysis-api/pkg/apierror/http.go:56.52,57.20 1 0
sun-stockanalysis-api/pkg/apierror/http.go:58.29,59.89 1 0
sun-stockanalysis-api/pkg/apierror/http.go:60.31,61.89 1 0
sun-stockanalysis-api/pkg/apierror/http.go:62.28,63.89 1 0
sun-stockanalysis-api/pkg/apierror/http.go:64.27,65.89 1 0
sun-stockanalysis-api/pkg/apierror/http.go:66.27,67.89 1 0
sun-stockanalysis-api/pkg/apierror/http.go:68.33,69.93 1 0
sun-stockanalysis-api/pkg/apierror/http.go:70.38,71.87 1 0
sun-stockanalysis-api/pkg/apierror/http.go:72.10,73.89 1 0
sun-stockanalysis-api/pkg/apierror/huma.go:18.36,20.2 1 0
sun-stockanalysis-api/pkg/apierror/huma.go:22.37,24.2 1 0
sun-stockanalysis-api/pkg/apierror/huma.go:27.75,30.37 3 0
sun-stockanalysis-api/pkg/apierror/huma.go:30.37,32.3 1 0
sun-stockanalysis-api/pkg/apierror/huma.go:34.2,42.3 1 0
sun-stockanalysis-api/pkg/apierror/huma.go:46.35,47.16 1 0
sun-stockanalysis-api/pkg/apierror/huma.go:47.16,49.3 1 0
sun-stockanalysis-api/pkg/apierror/huma.go:51.2,51.49 1 0
sun-stockanalysis-api/pkg/apierror/huma.go:51.49,53.3 1 0
sun-stockanalysis-api/pkg/apierror/huma.go:55.2,55.39 1 0
sun-stockanalysis-api/pkg/apierror/huma.go:55.39,57.24 2 0
sun-stockanalysis-api/pkg/apierror/huma.go:57.24,59.4 1 0
sun-stockanalysis-api/pkg/apierror/huma.go:60.3,68.4 1 0
sun-stockanalysis-api/pkg/apierror/huma.go:71.2,71.44 1 0
sun-stockanalysis-api/pkg/apierror/huma.go:71.44,82.3 2 0
sun-stockanalysis-api/pkg/apierror/huma.go:84.2,84.83 1 0
sun-stockanalysis-api/internal/server/server.go:28.139,31.53 1 0
sun-stockanalysis-api/internal/server/server.go:31.53,34.4 2 0
sun-stockanalysis-api/internal/server/server.go:37.2,40.40 3 0
sun-stockanalysis-api/internal/server/server.go:40.40,46.37 2 0
sun-stockanalysis-api/internal/server/server.go:46.37,48.4 1 0
sun-stockanalysis-api/internal/server/server.go:50.3,51.26 2 0
sun-stockanalysis-api/internal/server/server.go:51.26,53.4 1 0
sun-stockanalysis-api/internal/server/server.go:55.3,62.17 7 0
sun-stockanalysis-api/internal/server/server.go:62.17,70.4 1 0
sun-stockanalysis-api/internal/server/server.go:71.3,71.13 1 0
sun-stockanalysis-api/internal/server/server.go:74.2,75.106 2 0
sun-stockanalysis-api/internal/server/server.go:75.106,77.3 1 0
sun-stockanalysis-api/internal/server/server.go:79.2,81.49 3 0
sun-stockanalysis-api/internal/server/server.go:81.49,83.3 1 0
sun-stockanalysis-api/internal/server/server.go:84.2,100.21 7 0
sun-stockanalysis-api/internal/server/server.go:100.21,101.68 1 0
sun-stockanalysis-api/internal/server/server.go:101.68,105.8 3 0
sun-stockanalysis-api/internal/server/server.go:105.8,106.49 1 0
sun-stockanalysis-api/internal/server/server.go:106.49,107.11 1 0
sun-stockanalysis-api/internal/server/server.go:113.2,113.56 1 0
sun-stockanalysis-api/internal/server/server.go:113.56,116.3 2 0
sun-stockanalysis-api/internal/server/server.go:117.2,117.67 1 0
sun-stockanalysis-api/internal/server/server.go:117.67,119.3 1 0
sun-stockanalysis-api/internal/server/server.go:120.2,120.73 1 0
sun-stockanalysis-api/internal/server/server.go:120.73,123.3 2 0
sun-stockanalysis-api/internal/server/server.go:125.2,129.3 1 0
sun-stockanalysis-api/internal/server/server.go:132.32,135.2 2 0
sun-stockanalysis-api/internal/server/server.go:137.31,139.18 2 0
sun-stockanalysis-api/internal/server/server.go:139.18,141.3 1 0
sun-stockanalysis-api/internal/server/server.go:142.2,144.39 3 0
sun-stockanalysis-api/internal/server/server.go:147.46,158.34 3 0
sun-stockanalysis-api/internal/server/server.go:158.34,167.33 3 0
sun-stockanalysis-api/internal/server/server.go:167.33,168.17 1 0
sun-stockanalysis-api/internal/server/server.go:168.17,170.5 1 0
sun-stockanalysis-api/internal/server/server.go:175.43,178.34 3 0
sun-stockanalysis-api/internal/server/server.go:178.34,187.33 3 0
sun-stockanalysis-api/internal/server/server.go:187.33,188.17 1 0
sun-stockanalysis-api/internal/server/server.go:188.17,190.5 1 0
sun-stockanalysis-api/internal/server/server.go:195.47,197.13 2 0
sun-stockanalysis-api/internal/server/server.go:197.13,199.3 1 0
sun-stockanalysis-api/internal/server/server.go:200.2,200.32 1 0
sun-stockanalysis-api/internal/server/server.go:200.32,202.3 1 0
sun-stockanalysis-api/internal/server/server.go:203.2,203.35 1 0
sun-stockanalysis-api/internal/server/server.go:206.47,282.2 2 0
sun-stockanalysis-api/internal/mocks/domains/stock/httpclient_mock.go:20.61,22.2 1 0
sun-stockanalysis-api/internal/mocks/domains/stock/httpclient_mock.go:25.73,28.19 2 0
sun-stockanalysis-api/internal/mocks/domains/stock/httpclient_mock.go:28.19,29.44 1 0
sun-stockanalysis-api/internal/mocks/domains/stock/httpclient_mock.go:32.2,34.76 3 0
sun-stockanalysis-api/internal/mocks/domains/stock/httpclient_mock.go:34.76,36.3 1 0
sun-stockanalysis-api/internal/mocks/domains/stock/httpclient_mock.go:37.2,37.67 1 0
sun-stockanalysis-api/internal/mocks/domains/stock/httpclient_mock.go:37.67,39.3 1 0
sun-stockanalysis-api/internal/mocks/domains/stock/httpclient_mock.go:39.8,40.24 1 0
sun-stockanalysis-api/internal/mocks/domains/stock/httpclient_mock.go:40.24,42.4 1 0
sun-stockanalysis-api/internal/mocks/domains/stock/httpclient_mock.go:45.2,45.58 1 0
sun-stockanalysis-api/internal/mocks/domains/stock/httpclient_mock.go:45.58,47.3 1 0
sun-stockanalysis-api/internal/mocks/domains/stock/httpclient_mock.go:47.8,49.3 1 0
sun-stockanalysis-api/internal/mocks/domains/stock/httpclient_mock.go:51.2,51.15 1 0
sun-stockanalysis-api/internal/mocks/domains/stock/httpclient_mock.go:61.80,63.2 1 0
sun-stockanalysis-api/internal/mocks/domains/stock/httpclient_mock.go:65.92,66.40 1 0
sun-stockanalysis-api/internal/mocks/domains/stock/httpclient_mock.go:66.40,68.3 1 0
sun-stockanalysis-api/internal/mocks/domains/stock/httpclient_mock.go:69.2,69.11 1 0
sun-stockanalysis-api/internal/mocks/domains/stock/httpclient_mock.go:72.97,75.2 2 0
sun-stockanalysis-api/internal/mocks/domains/stock/httpclient_mock.go:77.121,80.2 2 0
sun-stockanalysis-api/internal/mocks/domains/stock/httpclient_mock.go:87.20,91.19 3 0
sun-stockanalysis-api/internal/mocks/domains/stock/httpclient_mock.go:91.19,91.49 1 0
sun-stockanalysis-api/internal/mocks/domains/stock/httpclient_mock.go:93.2,93.13 1 0
sun-stockanalysis-api/internal/mocks/domains/stock/stockservice_mock.go:24.65,26.2 1 0
sun-stockanalysis-api/internal/mocks/domains/stock/stockservice_mock.go:29.77,32.19 2 0
sun-stockanalysis-api/internal/mocks/domains/stock/stockservice_mock.go:32.19,33.53 1 0
sun-stockanalysis-api/internal/mocks/domains/stock/stockservice_mock.go:36.2,37.67 2 0
sun-stockanalysis-api/internal/mocks/domains/stock/stockservice_mock.go:37.67,39.3 1 0
sun-stockanalysis-api/internal/mocks/domains/stock/stockservice_mock.go:39.8,41.3 1 0
sun-stockanalysis-api/internal/mocks/domains/stock/stockservice_mock.go:43.2,43.11 1 0
sun-stockanalysis-api/internal/mocks/domains/stock/stockservice_mock.go:53.104,55.2 1 0
sun-stockanalysis-api/internal/mocks/domains/stock/stockservice_mock.go:57.125,58.40 1 0
sun-stockanalysis-api/internal/mocks/domains/stock/stockservice_mock.go:58.40,60.3 1 0
sun-stockanalysis-api/internal/mocks/domains/stock/stockservice_mock.go:61.2,61.11 1 0
sun-stockanalysis-api/internal/mocks/domains/stock/stockservice_mock.go:64.99,67.2 2 0
sun-stockanalysis-api/internal/mocks/domains/stock/stockservice_mock.go:69.134,72.2 2 0
sun-stockanalysis-api/internal/mocks/domains/stock/stockservice_mock.go:75.75,78.19 2 0
sun-stockanalysis-api/internal/mocks/domains/stock/stockservice_mock.go:78.19,79.50 1 0
sun-stockanalysis-api/internal/mocks/domains/stock/stockservice_mock.go:82.2,84.71 3 0
sun-stockanalysis-api/internal/mocks/domains/stock/stockservice_mock.go:84.71,86.3 1 0
sun-stockanalysis-api/internal/mocks/domains/stock/stockservice_mock.go:87.2,87.62 1 0
sun-stockanalysis-api/internal/mocks/domains/stock/stockservice_mock.go:87.62,89.3 1 0
sun-stockanalysis-api/internal/mocks/domains/stock/stockservice_mock.go:89.8,90.24 1 0
sun-stockanalysis-api/internal/mocks/domains/stock/stockservice_mock.go:90.24,92.4 1 0
sun-stockanalysis-api/internal/mocks/domains/stock/stockservice_mock.go:95.2,95.54 1 0
sun-stockanalysis-api/internal/mocks/domains/stock/stockservice_mock.go:95.54,97.3 1 0
sun-stockanalysis-api/internal/mocks/domains/stock/stockservice_mock.go:97.8,99.3 1 0
sun-stockanalysis-api/internal/mocks/domains/stock/stockservice_mock.go:101.2,101.15 1 0
sun-stockanalysis-api/internal/mocks/domains/stock/stockservice_mock.go:111.95,113.2 1 0
sun-stockanalysis-api/internal/mocks/domains/stock/stockservice_mock.go:115.103,116.40 1 0
sun-stockanalysis-api/internal/mocks/domains/stock/stockservice_mock.go:116.40,118.3 1 0
sun-stockanalysis-api/internal/mocks/domains/stock/stockservice_mock.go:119.2,119.11 1 0
sun-stockanalysis-api/internal/mocks/domains/stock/stockservice_mock.go:122.112,125.2 2 0
sun-stockanalysis-api/internal/mocks/domains/stock/stockservice_mock.go:127.132,130.2 2 0
sun-stockanalysis-api/internal/mocks/domains/stock/stockservice_mock.go:137.22,141.19 3 0
sun-stockanalysis-api/internal/mocks/domains/stock/stockservice_mock.go:141.19,141.49 1 0
sun-stockanalysis-api/internal/mocks/domains/stock/stockservice_mock.go:143.2,143.13 1 0
